<?xml version="1.0" encoding="utf-8"?>
<TestRun id="c5996f06-b383-40ed-9974-f8c541577c60" name="aaronday@AARONPC 2025-08-07 06:52:03" runUser="AARONPC\aaronday" xmlns="http://microsoft.com/schemas/VisualStudio/TeamTest/2010">
  <Times creation="2025-08-07T06:52:03.2877014+10:00" queuing="2025-08-07T06:52:03.2877018+10:00" start="2025-08-07T06:52:01.3069337+10:00" finish="2025-08-07T06:52:10.1556086+10:00" />
  <TestSettings name="default" id="161ec93c-3160-4fe3-b84e-e0db64e7d0bf">
    <Deployment runDeploymentRoot="aaronday_AARONPC_2025-08-07_06_52_03" />
  </TestSettings>
  <Results>
    <UnitTestResult executionId="af4bcbfc-9c97-4017-9062-5295714d2e33" testId="a32b0183-4973-8245-5926-f01f5d07cf8d" testName="SeedAsync_CreatesChallengesWithCorrectTypes" computerName="AARONPC" duration="00:00:00.3879210" startTime="2025-08-07T06:52:05.2544685+10:00" endTime="2025-08-07T06:52:05.6423894+10:00" testType="13cdc9d9-ddb5-4fa4-a97d-d965ccfc6d4b" outcome="Passed" testListId="8c84fa94-04c1-424b-9868-57a2d4851a1d" relativeResultsDirectory="af4bcbfc-9c97-4017-9062-5295714d2e33" />
    <UnitTestResult executionId="7c41b8c0-6646-4569-8d06-76264beb8677" testId="2f58f524-1e8d-4dbb-ef07-3d9a690ae512" testName="ForgotPassword_ValidEmail_ReturnsOkWithResetToken" computerName="AARONPC" duration="00:00:00.0145860" startTime="2025-08-07T06:52:03.4026852+10:00" endTime="2025-08-07T06:52:03.4172710+10:00" testType="13cdc9d9-ddb5-4fa4-a97d-d965ccfc6d4b" outcome="Passed" testListId="8c84fa94-04c1-424b-9868-57a2d4851a1d" relativeResultsDirectory="7c41b8c0-6646-4569-8d06-76264beb8677">
      <Output>
        <StdOut>[2025-08-06 20:52:03] [INFO] [Auth] Password reset requested for user: testuser</StdOut>
      </Output>
    </UnitTestResult>
    <UnitTestResult executionId="57788869-67f7-4811-ad18-a75120edfa07" testId="330502a0-ba7b-7016-413a-ba1cc5e5577d" testName="GetUserActivities_LimitPageSize_EnforcesMaximum" computerName="AARONPC" duration="00:00:00.0009880" startTime="2025-08-07T06:52:04.6662784+10:00" endTime="2025-08-07T06:52:04.6672665+10:00" testType="13cdc9d9-ddb5-4fa4-a97d-d965ccfc6d4b" outcome="Passed" testListId="8c84fa94-04c1-424b-9868-57a2d4851a1d" relativeResultsDirectory="57788869-67f7-4811-ad18-a75120edfa07" />
    <UnitTestResult executionId="a14555a1-0dfc-45c7-afd3-4c5fc309c168" testId="3457a483-6561-5484-0704-dafa22ff9477" testName="GetQuoteByIdAsync_WithInvalidId_ReturnsNull" computerName="AARONPC" duration="00:00:00.0010860" startTime="2025-08-07T06:52:10.0435194+10:00" endTime="2025-08-07T06:52:10.0446054+10:00" testType="13cdc9d9-ddb5-4fa4-a97d-d965ccfc6d4b" outcome="Passed" testListId="8c84fa94-04c1-424b-9868-57a2d4851a1d" relativeResultsDirectory="a14555a1-0dfc-45c7-afd3-4c5fc309c168" />
    <UnitTestResult executionId="0a2b7e3b-0a58-4960-a2f5-ceba9a892c85" testId="376f6215-0402-2003-58f1-f02c26f3a458" testName="GetActivityDetailsAsync_ValidActivityAndUser_ReturnsActivity" computerName="AARONPC" duration="00:00:00.0020250" startTime="2025-08-07T06:52:08.9301730+10:00" endTime="2025-08-07T06:52:08.9321986+10:00" testType="13cdc9d9-ddb5-4fa4-a97d-d965ccfc6d4b" outcome="Passed" testListId="8c84fa94-04c1-424b-9868-57a2d4851a1d" relativeResultsDirectory="0a2b7e3b-0a58-4960-a2f5-ceba9a892c85" />
    <UnitTestResult executionId="ac6959bf-a781-4b82-ba85-7b98c9df6c62" testId="839a28c0-2427-b013-2d55-b93f3d57e8af" testName="ProcessPingNotificationAsync_InvalidWebhookType_StoresAsUnknown" computerName="AARONPC" duration="00:00:00.0086410" startTime="2025-08-07T06:52:09.1494808+10:00" endTime="2025-08-07T06:52:09.1581217+10:00" testType="13cdc9d9-ddb5-4fa4-a97d-d965ccfc6d4b" outcome="Passed" testListId="8c84fa94-04c1-424b-9868-57a2d4851a1d" relativeResultsDirectory="ac6959bf-a781-4b82-ba85-7b98c9df6c62" />
    <UnitTestResult executionId="69cb69fc-ebe2-44bd-ac6c-ba46a6d7ce09" testId="0455a22a-1e61-e305-87bc-ee6018bb82b3" testName="ResetPassword_InvalidToken_ReturnsBadRequest" computerName="AARONPC" duration="00:00:00.0011999" startTime="2025-08-07T06:52:03.9753744+10:00" endTime="2025-08-07T06:52:03.9765744+10:00" testType="13cdc9d9-ddb5-4fa4-a97d-d965ccfc6d4b" outcome="Passed" testListId="8c84fa94-04c1-424b-9868-57a2d4851a1d" relativeResultsDirectory="69cb69fc-ebe2-44bd-ac6c-ba46a6d7ce09" />
    <UnitTestResult executionId="9935b5c3-4998-46fd-bf10-531379d4c52c" testId="28a4e347-ef2e-f615-6cb2-ebe3fac0abf9" testName="GetChallenges_ReturnsActiveChallenges" computerName="AARONPC" duration="00:00:00.0255890" startTime="2025-08-07T06:52:04.5013387+10:00" endTime="2025-08-07T06:52:04.5269269+10:00" testType="13cdc9d9-ddb5-4fa4-a97d-d965ccfc6d4b" outcome="Passed" testListId="8c84fa94-04c1-424b-9868-57a2d4851a1d" relativeResultsDirectory="9935b5c3-4998-46fd-bf10-531379d4c52c" />
    <UnitTestResult executionId="d8210593-441e-4705-a36e-31e07a90063f" testId="fee9c6cb-516e-e7a0-412b-690e69b1b15d" testName="SeedAsync_WithEmptyDatabase_SeedsAllData" computerName="AARONPC" duration="00:00:00.3647380" startTime="2025-08-07T06:52:08.1002016+10:00" endTime="2025-08-07T06:52:08.4649392+10:00" testType="13cdc9d9-ddb5-4fa4-a97d-d965ccfc6d4b" outcome="Passed" testListId="8c84fa94-04c1-424b-9868-57a2d4851a1d" relativeResultsDirectory="d8210593-441e-4705-a36e-31e07a90063f" />
    <UnitTestResult executionId="e9baa9b7-8f8a-41aa-b2b0-1af2669615ce" testId="06080393-49c6-c5cd-a264-57ef069bec82" testName="ProcessActivityForChallengesAsync_ActivityNotFound_LogsWarning" computerName="AARONPC" duration="00:00:00.0103820" startTime="2025-08-07T06:52:08.9753925+10:00" endTime="2025-08-07T06:52:08.9857740+10:00" testType="13cdc9d9-ddb5-4fa4-a97d-d965ccfc6d4b" outcome="Passed" testListId="8c84fa94-04c1-424b-9868-57a2d4851a1d" relativeResultsDirectory="e9baa9b7-8f8a-41aa-b2b0-1af2669615ce" />
    <UnitTestResult executionId="46cfdb93-4e8e-473d-b73d-76d3f3e8daa2" testId="8da0ba11-0a0b-93db-0f69-5ca8517c4ea6" testName="UpdateProfile_InvalidModelState_ReturnsBadRequest" computerName="AARONPC" duration="00:00:00.0021560" startTime="2025-08-07T06:52:03.3857467+10:00" endTime="2025-08-07T06:52:03.3879024+10:00" testType="13cdc9d9-ddb5-4fa4-a97d-d965ccfc6d4b" outcome="Passed" testListId="8c84fa94-04c1-424b-9868-57a2d4851a1d" relativeResultsDirectory="46cfdb93-4e8e-473d-b73d-76d3f3e8daa2" />
    <UnitTestResult executionId="d0ad1171-ba71-49ec-af66-325bd7765f4c" testId="4a29cfe1-f0b0-63b6-f0e7-c4bd72fcca90" testName="ProcessActivityForChallengesAsync_UserNotParticipatingInChallenges_DoesNotCreateEntries" computerName="AARONPC" duration="00:00:00.0044929" startTime="2025-08-07T06:52:09.0304850+10:00" endTime="2025-08-07T06:52:09.0349792+10:00" testType="13cdc9d9-ddb5-4fa4-a97d-d965ccfc6d4b" outcome="Passed" testListId="8c84fa94-04c1-424b-9868-57a2d4851a1d" relativeResultsDirectory="d0ad1171-ba71-49ec-af66-325bd7765f4c" />
    <UnitTestResult executionId="660bc5fd-259c-44a2-bf9b-fb022bcf3983" testId="e7cb2af5-31dc-f2ba-c87a-b3a2c9022f83" testName="GetActivityDetails_ServiceThrows_ReturnsInternalServerError" computerName="AARONPC" duration="00:00:00.0087460" startTime="2025-08-07T06:52:04.6314588+10:00" endTime="2025-08-07T06:52:04.6402038+10:00" testType="13cdc9d9-ddb5-4fa4-a97d-d965ccfc6d4b" outcome="Passed" testListId="8c84fa94-04c1-424b-9868-57a2d4851a1d" relativeResultsDirectory="660bc5fd-259c-44a2-bf9b-fb022bcf3983" />
    <UnitTestResult executionId="f89b54e9-974b-4da8-82d5-1de7f91dcd25" testId="e7c08472-d1ac-6a57-0d2a-d60468e899c4" testName="ConcurrentAccess_MultipleQuoteRetrievals_DoesNotThrowConcurrencyException" computerName="AARONPC" duration="00:00:00.0109440" startTime="2025-08-07T06:52:10.0264089+10:00" endTime="2025-08-07T06:52:10.0373528+10:00" testType="13cdc9d9-ddb5-4fa4-a97d-d965ccfc6d4b" outcome="Passed" testListId="8c84fa94-04c1-424b-9868-57a2d4851a1d" relativeResultsDirectory="f89b54e9-974b-4da8-82d5-1de7f91dcd25" />
    <UnitTestResult executionId="91b314e7-ee90-4a9c-bb39-b6123f1a6685" testId="4017aca1-f53b-9659-18fe-2ca19eef41aa" testName="HandlePingWebhook_LogsInformation" computerName="AARONPC" duration="00:00:00.0204930" startTime="2025-08-07T06:52:04.7005504+10:00" endTime="2025-08-07T06:52:04.7210418+10:00" testType="13cdc9d9-ddb5-4fa4-a97d-d965ccfc6d4b" outcome="Passed" testListId="8c84fa94-04c1-424b-9868-57a2d4851a1d" relativeResultsDirectory="91b314e7-ee90-4a9c-bb39-b6123f1a6685" />
    <UnitTestResult executionId="58964413-597f-4ed0-9729-3d52f4c20a01" testId="e291bc2e-ba3e-a446-d534-df489709cc39" testName="GetRandomQuoteByCategoryAsync_WithCategoryQuotes_ReturnsQuoteFromCategory" computerName="AARONPC" duration="00:00:00.0039769" startTime="2025-08-07T06:52:10.0496509+10:00" endTime="2025-08-07T06:52:10.0536273+10:00" testType="13cdc9d9-ddb5-4fa4-a97d-d965ccfc6d4b" outcome="Passed" testListId="8c84fa94-04c1-424b-9868-57a2d4851a1d" relativeResultsDirectory="58964413-597f-4ed0-9729-3d52f4c20a01" />
    <UnitTestResult executionId="da5e47b3-111f-4a7b-ab55-c6c523e10336" testId="1cf32386-121e-f310-252c-0da710acc85f" testName="GetUserActivitiesAsync_PageBeyondAvailable_ReturnsEmpty" computerName="AARONPC" duration="00:00:00.0017210" startTime="2025-08-07T06:52:08.9560228+10:00" endTime="2025-08-07T06:52:08.9577432+10:00" testType="13cdc9d9-ddb5-4fa4-a97d-d965ccfc6d4b" outcome="Passed" testListId="8c84fa94-04c1-424b-9868-57a2d4851a1d" relativeResultsDirectory="da5e47b3-111f-4a7b-ab55-c6c523e10336" />
    <UnitTestResult executionId="7c850a3d-e759-49b4-8137-99174231ba50" testId="d1922786-238b-0d39-0b67-2b5e3f21feba" testName="DeleteQuoteAsync_InvalidId_ReturnsFalse" computerName="AARONPC" duration="00:00:00.0012650" startTime="2025-08-07T06:52:10.0373761+10:00" endTime="2025-08-07T06:52:10.0386408+10:00" testType="13cdc9d9-ddb5-4fa4-a97d-d965ccfc6d4b" outcome="Passed" testListId="8c84fa94-04c1-424b-9868-57a2d4851a1d" relativeResultsDirectory="7c850a3d-e759-49b4-8137-99174231ba50" />
    <UnitTestResult executionId="598eaad0-be66-4426-9e05-6861118c2eff" testId="78f41b5f-215d-de33-8f58-18806176fa10" testName="AddQuoteAsync_ValidQuote_AddsAndReturnsQuote" computerName="AARONPC" duration="00:00:00.0220480" startTime="2025-08-07T06:52:10.0043311+10:00" endTime="2025-08-07T06:52:10.0263788+10:00" testType="13cdc9d9-ddb5-4fa4-a97d-d965ccfc6d4b" outcome="Passed" testListId="8c84fa94-04c1-424b-9868-57a2d4851a1d" relativeResultsDirectory="598eaad0-be66-4426-9e05-6861118c2eff" />
    <UnitTestResult executionId="594663dc-b5fc-4d30-a04b-a0a8afd2ad09" testId="fd4d9e24-2338-4409-0b4b-eef005af6181" testName="ResetPassword_ValidToken_ReturnsOkAndUpdatesPassword" computerName="AARONPC" duration="00:00:00.2636630" startTime="2025-08-07T06:52:03.9765968+10:00" endTime="2025-08-07T06:52:04.2402595+10:00" testType="13cdc9d9-ddb5-4fa4-a97d-d965ccfc6d4b" outcome="Passed" testListId="8c84fa94-04c1-424b-9868-57a2d4851a1d" relativeResultsDirectory="594663dc-b5fc-4d30-a04b-a0a8afd2ad09">
      <Output>
        <StdOut>[2025-08-06 20:52:04] [INFO] [Auth] Password reset completed for user: testuser</StdOut>
      </Output>
    </UnitTestResult>
    <UnitTestResult executionId="e7e4de38-78ff-4ccc-a9f3-0a0837b234f7" testId="277bc447-cac2-ed17-d25e-17adc2f21798" testName="GetChallenge_NonExistentId_ReturnsNotFound" computerName="AARONPC" duration="00:00:00.0030760" startTime="2025-08-07T06:52:04.3835753+10:00" endTime="2025-08-07T06:52:04.3866513+10:00" testType="13cdc9d9-ddb5-4fa4-a97d-d965ccfc6d4b" outcome="Passed" testListId="8c84fa94-04c1-424b-9868-57a2d4851a1d" relativeResultsDirectory="e7e4de38-78ff-4ccc-a9f3-0a0837b234f7" />
    <UnitTestResult executionId="43f8c4a1-09e7-43a2-ba6a-91d48a12d107" testId="335dfc63-077c-92f4-4fa9-f41b5d0e923f" testName="SendChallengeActivityNotificationAsync_WithQuote_IncludesQuoteInHtmlAndText" computerName="AARONPC" duration="00:00:00.0017620" startTime="2025-08-07T06:52:04.8414593+10:00" endTime="2025-08-07T06:52:04.8432207+10:00" testType="13cdc9d9-ddb5-4fa4-a97d-d965ccfc6d4b" outcome="Passed" testListId="8c84fa94-04c1-424b-9868-57a2d4851a1d" relativeResultsDirectory="43f8c4a1-09e7-43a2-ba6a-91d48a12d107" />
    <UnitTestResult executionId="3af65cdf-5e78-48ed-a9fd-9d47323c8c59" testId="00759227-dfb7-dd3d-7ae2-2989e0db2468" testName="HandlePushWebhook_ProcessesAsynchronously_ReturnsImmediately" computerName="AARONPC" duration="00:00:00.0065910" startTime="2025-08-07T06:52:04.6884494+10:00" endTime="2025-08-07T06:52:04.6950404+10:00" testType="13cdc9d9-ddb5-4fa4-a97d-d965ccfc6d4b" outcome="Passed" testListId="8c84fa94-04c1-424b-9868-57a2d4851a1d" relativeResultsDirectory="3af65cdf-5e78-48ed-a9fd-9d47323c8c59" />
    <UnitTestResult executionId="68be2f28-7853-4c56-8eb6-2171d8edf0e6" testId="3673c468-d525-d1b4-545f-6977dc9d6407" testName="GetChallengeLeaderboard_ValidChallenge_ReturnsLeaderboard" computerName="AARONPC" duration="00:00:00.0292400" startTime="2025-08-07T06:52:04.4720613+10:00" endTime="2025-08-07T06:52:04.5013001+10:00" testType="13cdc9d9-ddb5-4fa4-a97d-d965ccfc6d4b" outcome="Passed" testListId="8c84fa94-04c1-424b-9868-57a2d4851a1d" relativeResultsDirectory="68be2f28-7853-4c56-8eb6-2171d8edf0e6" />
    <UnitTestResult executionId="9b5da24e-5b6d-403f-b49c-0359b095f028" testId="1b42e1f9-9657-9318-abd1-d3dcc8a93e31" testName="GetUserActivities_ValidRequest_ReturnsOkWithActivities" computerName="AARONPC" duration="00:00:00.0033810" startTime="2025-08-07T06:52:04.6683770+10:00" endTime="2025-08-07T06:52:04.6717574+10:00" testType="13cdc9d9-ddb5-4fa4-a97d-d965ccfc6d4b" outcome="Passed" testListId="8c84fa94-04c1-424b-9868-57a2d4851a1d" relativeResultsDirectory="9b5da24e-5b6d-403f-b49c-0359b095f028" />
    <UnitTestResult executionId="8185d60d-0fbe-453a-83ee-78f7a14619cb" testId="2fe1df65-2fd6-a432-e908-b709a13d2e75" testName="GetCurrentUser_UserNotFound_ReturnsNotFound" computerName="AARONPC" duration="00:00:00.0279770" startTime="2025-08-07T06:52:03.3416189+10:00" endTime="2025-08-07T06:52:03.3695952+10:00" testType="13cdc9d9-ddb5-4fa4-a97d-d965ccfc6d4b" outcome="Passed" testListId="8c84fa94-04c1-424b-9868-57a2d4851a1d" relativeResultsDirectory="8185d60d-0fbe-453a-83ee-78f7a14619cb" />
    <UnitTestResult executionId="c1bdb753-05ed-4aa6-9cb9-57f551a0047b" testId="86e46335-9a58-6186-ccc1-37a274c9e7d0" testName="DeleteChallenge_NonExistentChallenge_ReturnsNotFound" computerName="AARONPC" duration="00:00:00.0075130" startTime="2025-08-07T06:52:04.2889586+10:00" endTime="2025-08-07T06:52:04.2964710+10:00" testType="13cdc9d9-ddb5-4fa4-a97d-d965ccfc6d4b" outcome="Passed" testListId="8c84fa94-04c1-424b-9868-57a2d4851a1d" relativeResultsDirectory="c1bdb753-05ed-4aa6-9cb9-57f551a0047b" />
    <UnitTestResult executionId="fdded6df-9033-4a39-b7dd-5c72a17b1286" testId="a65a142d-c303-2dce-4d8f-e96463137a5f" testName="UpdateChallenge_OtherUsersChallenge_ReturnsForbidden" computerName="AARONPC" duration="00:00:00.0058979" startTime="2025-08-07T06:52:04.5967724+10:00" endTime="2025-08-07T06:52:04.6026707+10:00" testType="13cdc9d9-ddb5-4fa4-a97d-d965ccfc6d4b" outcome="Passed" testListId="8c84fa94-04c1-424b-9868-57a2d4851a1d" relativeResultsDirectory="fdded6df-9033-4a39-b7dd-5c72a17b1286" />
    <UnitTestResult executionId="9e967ed8-a9cd-4df3-a606-e62f43528519" testId="9b2089a1-3c80-7ed4-6727-de2ffcdfaf50" testName="ProcessStoredPayloadsAsync_FailedPayload_MarksWithError" computerName="AARONPC" duration="00:00:00.0018470" startTime="2025-08-07T06:52:09.2205461+10:00" endTime="2025-08-07T06:52:09.2223933+10:00" testType="13cdc9d9-ddb5-4fa4-a97d-d965ccfc6d4b" outcome="Passed" testListId="8c84fa94-04c1-424b-9868-57a2d4851a1d" relativeResultsDirectory="9e967ed8-a9cd-4df3-a606-e62f43528519" />
    <UnitTestResult executionId="584015a2-7a9a-4e1e-966e-9aee6657a5d4" testId="00cde241-92dc-89a9-837a-5e95303de411" testName="FetchActivitiesForAllUsersAsync_Should_Complete_Without_Exception" computerName="AARONPC" duration="00:00:00.0203560" startTime="2025-08-07T06:52:09.0465731+10:00" endTime="2025-08-07T06:52:09.0669290+10:00" testType="13cdc9d9-ddb5-4fa4-a97d-d965ccfc6d4b" outcome="Passed" testListId="8c84fa94-04c1-424b-9868-57a2d4851a1d" relativeResultsDirectory="584015a2-7a9a-4e1e-966e-9aee6657a5d4" />
    <UnitTestResult executionId="992718f3-a70d-4356-9246-2f6c7aa5522a" testId="246abbcd-f121-7c85-7f94-733763e093ec" testName="LogAsync_ConcurrentCalls_ShouldHandleThreadSafety" computerName="AARONPC" duration="00:00:00.0227540" startTime="2025-08-07T06:52:04.7502794+10:00" endTime="2025-08-07T06:52:04.7730331+10:00" testType="13cdc9d9-ddb5-4fa4-a97d-d965ccfc6d4b" outcome="Failed" testListId="8c84fa94-04c1-424b-9868-57a2d4851a1d" relativeResultsDirectory="992718f3-a70d-4356-9246-2f6c7aa5522a">
      <Output>
        <StdOut>[2025-08-06 20:52:04] [INFO] [General] Concurrent message 0&#xD;
[2025-08-06 20:52:04] [INFO] [General] Concurrent message 1&#xD;
[2025-08-06 20:52:04] [INFO] [General] Concurrent message 2&#xD;
[2025-08-06 20:52:04] [INFO] [General] Concurrent message 3&#xD;
[2025-08-06 20:52:04] [INFO] [General] Concurrent message 4&#xD;
[2025-08-06 20:52:04] [INFO] [General] Concurrent message 5&#xD;
[2025-08-06 20:52:04] [INFO] [General] Concurrent message 6&#xD;
[2025-08-06 20:52:04] [INFO] [General] Concurrent message 7&#xD;
[2025-08-06 20:52:04] [INFO] [General] Concurrent message 8&#xD;
[2025-08-06 20:52:04] [INFO] [General] Concurrent message 9</StdOut>
        <ErrorInfo>
          <Message>  Expected: True&#xD;
  But was:  False&#xD;
</Message>
          <StackTrace>   at backend.Tests.FileLoggingServiceTests.LogAsync_ConcurrentCalls_ShouldHandleThreadSafety() in C:\Projects\challenge\backend.Tests\FileLoggingServiceTests.cs:line 239&#xD;
   at NUnit.Framework.Internal.TaskAwaitAdapter.GenericAdapter`1.GetResult()&#xD;
   at NUnit.Framework.Internal.AsyncToSyncAdapter.Await(Func`1 invoke)&#xD;
   at NUnit.Framework.Internal.Commands.TestMethodCommand.RunTestMethod(TestExecutionContext context)&#xD;
   at NUnit.Framework.Internal.Commands.TestMethodCommand.Execute(TestExecutionContext context)&#xD;
   at NUnit.Framework.Internal.Commands.BeforeAndAfterTestCommand.&lt;&gt;c__DisplayClass1_0.&lt;Execute&gt;b__0()&#xD;
   at NUnit.Framework.Internal.Commands.DelegatingTestCommand.RunTestMethodInThreadAbortSafeZone(TestExecutionContext context, Action action)&#xD;

1)    at backend.Tests.FileLoggingServiceTests.LogAsync_ConcurrentCalls_ShouldHandleThreadSafety() in C:\Projects\challenge\backend.Tests\FileLoggingServiceTests.cs:line 239&#xD;
   at System.Runtime.CompilerServices.AsyncMethodBuilderCore.Start[TStateMachine](TStateMachine&amp; stateMachine)&#xD;
   at backend.Tests.FileLoggingServiceTests.LogAsync_ConcurrentCalls_ShouldHandleThreadSafety()&#xD;

</StackTrace>
        </ErrorInfo>
      </Output>
    </UnitTestResult>
    <UnitTestResult executionId="d633ac18-3d35-45e9-ac50-a5854fac5418" testId="bf1cd813-a88a-35d3-a5b2-45443e8f67b3" testName="GetQuoteByIdAsync_WithValidId_ReturnsQuote" computerName="AARONPC" duration="00:00:00.0023910" startTime="2025-08-07T06:52:10.0446243+10:00" endTime="2025-08-07T06:52:10.0470146+10:00" testType="13cdc9d9-ddb5-4fa4-a97d-d965ccfc6d4b" outcome="Passed" testListId="8c84fa94-04c1-424b-9868-57a2d4851a1d" relativeResultsDirectory="d633ac18-3d35-45e9-ac50-a5854fac5418" />
    <UnitTestResult executionId="cd389696-4ef3-48ea-944a-682d675ec6cd" testId="28f60d05-40e5-3ca7-7432-244f2fbb2f3f" testName="GetCurrentUser_InvalidUserId_ReturnsUnauthorized" computerName="AARONPC" duration="00:00:00.0014499" startTime="2025-08-07T06:52:03.3392258+10:00" endTime="2025-08-07T06:52:03.3406753+10:00" testType="13cdc9d9-ddb5-4fa4-a97d-d965ccfc6d4b" outcome="Passed" testListId="8c84fa94-04c1-424b-9868-57a2d4851a1d" relativeResultsDirectory="cd389696-4ef3-48ea-944a-682d675ec6cd" />
    <UnitTestResult executionId="6a515a72-e903-407a-b5b0-ce1c818e56a8" testId="d22eed7a-cf06-ed54-383c-fd85b7048612" testName="GetUserActivities_InvalidUserClaim_ReturnsUnauthorized" computerName="AARONPC" duration="00:00:00.0007829" startTime="2025-08-07T06:52:04.6654713+10:00" endTime="2025-08-07T06:52:04.6662539+10:00" testType="13cdc9d9-ddb5-4fa4-a97d-d965ccfc6d4b" outcome="Passed" testListId="8c84fa94-04c1-424b-9868-57a2d4851a1d" relativeResultsDirectory="6a515a72-e903-407a-b5b0-ce1c818e56a8" />
    <UnitTestResult executionId="c7dac3b8-2e0b-42f2-8164-c92ff56254ba" testId="9841e87b-3e88-9c2c-ee46-dfac5daf1d9f" testName="LogAsync_WithNullCategory_ShouldUseGeneralCategory" computerName="AARONPC" duration="00:00:00.0008530" startTime="2025-08-07T06:52:04.7789327+10:00" endTime="2025-08-07T06:52:04.7797859+10:00" testType="13cdc9d9-ddb5-4fa4-a97d-d965ccfc6d4b" outcome="Failed" testListId="8c84fa94-04c1-424b-9868-57a2d4851a1d" relativeResultsDirectory="c7dac3b8-2e0b-42f2-8164-c92ff56254ba">
      <Output>
        <StdOut>[2025-08-06 20:52:04] [INFO] [General] Test message with null category</StdOut>
        <ErrorInfo>
          <Message>System.IO.FileNotFoundException : Could not find file 'C:\Projects\challenge\backend.Tests\bin\Debug\net8.0\logs\2025-08-06.log'.</Message>
          <StackTrace>   at Microsoft.Win32.SafeHandles.SafeFileHandle.CreateFile(String fullPath, FileMode mode, FileAccess access, FileShare share, FileOptions options)&#xD;
   at Microsoft.Win32.SafeHandles.SafeFileHandle.Open(String fullPath, FileMode mode, FileAccess access, FileShare share, FileOptions options, Int64 preallocationSize, Nullable`1 unixCreateMode)&#xD;
   at System.IO.Strategies.OSFileStreamStrategy..ctor(String path, FileMode mode, FileAccess access, FileShare share, FileOptions options, Int64 preallocationSize, Nullable`1 unixCreateMode)&#xD;
   at System.IO.Strategies.FileStreamHelpers.ChooseStrategyCore(String path, FileMode mode, FileAccess access, FileShare share, FileOptions options, Int64 preallocationSize, Nullable`1 unixCreateMode)&#xD;
   at System.IO.FileStream..ctor(String path, FileMode mode, FileAccess access, FileShare share, Int32 bufferSize, FileOptions options, Int64 preallocationSize)&#xD;
   at System.IO.File.AsyncStreamReader(String path, Encoding encoding)&#xD;
   at System.IO.File.InternalReadAllTextAsync(String path, Encoding encoding, CancellationToken cancellationToken)&#xD;
   at backend.Tests.FileLoggingServiceTests.LogAsync_WithNullCategory_ShouldUseGeneralCategory() in C:\Projects\challenge\backend.Tests\FileLoggingServiceTests.cs:line 170&#xD;
   at NUnit.Framework.Internal.TaskAwaitAdapter.GenericAdapter`1.GetResult()&#xD;
   at NUnit.Framework.Internal.AsyncToSyncAdapter.Await(Func`1 invoke)&#xD;
   at NUnit.Framework.Internal.Commands.TestMethodCommand.RunTestMethod(TestExecutionContext context)&#xD;
   at NUnit.Framework.Internal.Commands.TestMethodCommand.Execute(TestExecutionContext context)&#xD;
   at NUnit.Framework.Internal.Commands.BeforeAndAfterTestCommand.&lt;&gt;c__DisplayClass1_0.&lt;Execute&gt;b__0()&#xD;
   at NUnit.Framework.Internal.Commands.DelegatingTestCommand.RunTestMethodInThreadAbortSafeZone(TestExecutionContext context, Action action)
</StackTrace>
        </ErrorInfo>
      </Output>
    </UnitTestResult>
    <UnitTestResult executionId="cf9a2db0-ed1c-449f-a765-e9e8440a0aa6" testId="fb7a43b0-dd0b-d290-3cc0-e32f972ed8e4" testName="SendChallengeActivityNotificationAsync_CorrectEmailStructure" computerName="AARONPC" duration="00:00:00.0403040" startTime="2025-08-07T06:52:04.7919803+10:00" endTime="2025-08-07T06:52:04.8322856+10:00" testType="13cdc9d9-ddb5-4fa4-a97d-d965ccfc6d4b" outcome="Passed" testListId="8c84fa94-04c1-424b-9868-57a2d4851a1d" relativeResultsDirectory="cf9a2db0-ed1c-449f-a765-e9e8440a0aa6" />
    <UnitTestResult executionId="1d1d136d-620a-473c-ac41-32e892137d66" testId="0ca01259-7b3f-5235-0aa4-5c5634fe2363" testName="LogErrorAsync_ShouldWriteErrorLevelLogWithException" computerName="AARONPC" duration="00:00:00.0016310" startTime="2025-08-07T06:52:04.7811752+10:00" endTime="2025-08-07T06:52:04.7828060+10:00" testType="13cdc9d9-ddb5-4fa4-a97d-d965ccfc6d4b" outcome="Failed" testListId="8c84fa94-04c1-424b-9868-57a2d4851a1d" relativeResultsDirectory="1d1d136d-620a-473c-ac41-32e892137d66">
      <Output>
        <StdOut>[2025-08-06 20:52:04] [ERROR] [ErrorCategory] Error message&#xD;
Exception: System.InvalidOperationException: Test exception</StdOut>
        <ErrorInfo>
          <Message>  Expected: True&#xD;
  But was:  False&#xD;
</Message>
          <StackTrace>   at backend.Tests.FileLoggingServiceTests.LogErrorAsync_ShouldWriteErrorLevelLogWithException() in C:\Projects\challenge\backend.Tests\FileLoggingServiceTests.cs:line 128&#xD;
   at NUnit.Framework.Internal.TaskAwaitAdapter.GenericAdapter`1.GetResult()&#xD;
   at NUnit.Framework.Internal.AsyncToSyncAdapter.Await(Func`1 invoke)&#xD;
   at NUnit.Framework.Internal.Commands.TestMethodCommand.RunTestMethod(TestExecutionContext context)&#xD;
   at NUnit.Framework.Internal.Commands.TestMethodCommand.Execute(TestExecutionContext context)&#xD;
   at NUnit.Framework.Internal.Commands.BeforeAndAfterTestCommand.&lt;&gt;c__DisplayClass1_0.&lt;Execute&gt;b__0()&#xD;
   at NUnit.Framework.Internal.Commands.DelegatingTestCommand.RunTestMethodInThreadAbortSafeZone(TestExecutionContext context, Action action)&#xD;

1)    at backend.Tests.FileLoggingServiceTests.LogErrorAsync_ShouldWriteErrorLevelLogWithException() in C:\Projects\challenge\backend.Tests\FileLoggingServiceTests.cs:line 128&#xD;
   at System.Runtime.CompilerServices.AsyncMethodBuilderCore.Start[TStateMachine](TStateMachine&amp; stateMachine)&#xD;
   at backend.Tests.FileLoggingServiceTests.LogErrorAsync_ShouldWriteErrorLevelLogWithException()&#xD;

</StackTrace>
        </ErrorInfo>
      </Output>
    </UnitTestResult>
    <UnitTestResult executionId="65ecc30e-fb41-4bd7-a59c-e37e31be5a58" testId="ef7af7a2-ebc5-1ade-0b5d-3601b7889230" testName="ProcessPingNotificationAsync_ValidPayload_StoresWebhookPayload" computerName="AARONPC" duration="00:00:00.0019830" startTime="2025-08-07T06:52:09.1581783+10:00" endTime="2025-08-07T06:52:09.1601618+10:00" testType="13cdc9d9-ddb5-4fa4-a97d-d965ccfc6d4b" outcome="Passed" testListId="8c84fa94-04c1-424b-9868-57a2d4851a1d" relativeResultsDirectory="65ecc30e-fb41-4bd7-a59c-e37e31be5a58" />
    <UnitTestResult executionId="146cbef1-3cf0-46b2-9d75-0e8a4639cf73" testId="de6304e6-d37d-0f94-bc09-a94c294b47fe" testName="CreateChallenge_ValidRequest_CreatesChallenge" computerName="AARONPC" duration="00:00:00.0377830" startTime="2025-08-07T06:52:04.2511331+10:00" endTime="2025-08-07T06:52:04.2889156+10:00" testType="13cdc9d9-ddb5-4fa4-a97d-d965ccfc6d4b" outcome="Passed" testListId="8c84fa94-04c1-424b-9868-57a2d4851a1d" relativeResultsDirectory="146cbef1-3cf0-46b2-9d75-0e8a4639cf73" />
    <UnitTestResult executionId="b7063fa4-0c77-4995-8fc0-6fe4d46c67c9" testId="108b935d-130a-a3ae-2608-28f6f2b9c081" testName="GetUserActivities_ActivityTypeAsString_ReturnsStringValue" computerName="AARONPC" duration="00:00:00.0081280" startTime="2025-08-07T06:52:04.6573132+10:00" endTime="2025-08-07T06:52:04.6654423+10:00" testType="13cdc9d9-ddb5-4fa4-a97d-d965ccfc6d4b" outcome="Passed" testListId="8c84fa94-04c1-424b-9868-57a2d4851a1d" relativeResultsDirectory="b7063fa4-0c77-4995-8fc0-6fe4d46c67c9" />
    <UnitTestResult executionId="b6254a5a-d009-458a-94c4-22fbb02ad18d" testId="1390554a-ed8e-5e5f-8dbf-3c67c7240873" testName="JoinChallenge_AlreadyParticipating_ReturnsBadRequest" computerName="AARONPC" duration="00:00:00.0050920" startTime="2025-08-07T06:52:04.5396463+10:00" endTime="2025-08-07T06:52:04.5447379+10:00" testType="13cdc9d9-ddb5-4fa4-a97d-d965ccfc6d4b" outcome="Passed" testListId="8c84fa94-04c1-424b-9868-57a2d4851a1d" relativeResultsDirectory="b6254a5a-d009-458a-94c4-22fbb02ad18d" />
    <UnitTestResult executionId="4e177e7b-26af-403a-a0dc-efe113d52a04" testId="9e8accd5-8451-2c9e-eb52-283eb35b01c8" testName="DeleteQuoteAsync_ValidId_DeletesQuoteAndReturnsTrue" computerName="AARONPC" duration="00:00:00.0028540" startTime="2025-08-07T06:52:10.0386581+10:00" endTime="2025-08-07T06:52:10.0415123+10:00" testType="13cdc9d9-ddb5-4fa4-a97d-d965ccfc6d4b" outcome="Passed" testListId="8c84fa94-04c1-424b-9868-57a2d4851a1d" relativeResultsDirectory="4e177e7b-26af-403a-a0dc-efe113d52a04" />
    <UnitTestResult executionId="0be8a204-a373-4205-9b58-d31e008911c0" testId="ff74a453-e635-728f-59a9-934041c4c2a4" testName="GetUserActivities_ServiceThrows_ReturnsInternalServerError" computerName="AARONPC" duration="00:00:00.0010700" startTime="2025-08-07T06:52:04.6672879+10:00" endTime="2025-08-07T06:52:04.6683574+10:00" testType="13cdc9d9-ddb5-4fa4-a97d-d965ccfc6d4b" outcome="Passed" testListId="8c84fa94-04c1-424b-9868-57a2d4851a1d" relativeResultsDirectory="0be8a204-a373-4205-9b58-d31e008911c0" />
    <UnitTestResult executionId="ad9042b6-d0f2-4a8a-aac0-49142598a22a" testId="ee2107f1-c1d7-eb28-199c-abea244f2611" testName="ProcessPingNotificationAsync_WebhookTypeParsing_CorrectlyParsesTypes(&quot;ACTIVITIES&quot;,Activities)" computerName="AARONPC" duration="00:00:00.0006430" startTime="2025-08-07T06:52:09.2249951+10:00" endTime="2025-08-07T06:52:09.2256379+10:00" testType="13cdc9d9-ddb5-4fa4-a97d-d965ccfc6d4b" outcome="Passed" testListId="8c84fa94-04c1-424b-9868-57a2d4851a1d" relativeResultsDirectory="ad9042b6-d0f2-4a8a-aac0-49142598a22a" />
    <UnitTestResult executionId="84475f0a-f73e-4d58-80b6-0d26929c62c5" testId="9c44b287-ad70-6df3-bc53-32bea8b7a68e" testName="GetCyclingActivitiesAsync_IncludesBoundaryDates" computerName="AARONPC" duration="00:00:00.0094920" startTime="2025-08-07T06:52:08.9323611+10:00" endTime="2025-08-07T06:52:08.9418534+10:00" testType="13cdc9d9-ddb5-4fa4-a97d-d965ccfc6d4b" outcome="Passed" testListId="8c84fa94-04c1-424b-9868-57a2d4851a1d" relativeResultsDirectory="84475f0a-f73e-4d58-80b6-0d26929c62c5" />
    <UnitTestResult executionId="e378881d-2241-4159-82f2-40975e3a3685" testId="548d73de-5e87-8546-c982-2c288882731a" testName="DeleteChallenge_OtherUsersChallenge_ReturnsForbidden" computerName="AARONPC" duration="00:00:00.0037980" startTime="2025-08-07T06:52:04.2965165+10:00" endTime="2025-08-07T06:52:04.3003137+10:00" testType="13cdc9d9-ddb5-4fa4-a97d-d965ccfc6d4b" outcome="Passed" testListId="8c84fa94-04c1-424b-9868-57a2d4851a1d" relativeResultsDirectory="e378881d-2241-4159-82f2-40975e3a3685" />
    <UnitTestResult executionId="251552f9-94d6-4683-9321-ce25fa94f7bd" testId="ec3d8045-cf9c-2034-93db-3e2746b8463c" testName="ProcessPushNotificationAsync_GarminPayload_ConvertsUnixTimestamp" computerName="AARONPC" duration="00:00:00.0014360" startTime="2025-08-07T06:52:09.1958784+10:00" endTime="2025-08-07T06:52:09.1973137+10:00" testType="13cdc9d9-ddb5-4fa4-a97d-d965ccfc6d4b" outcome="Passed" testListId="8c84fa94-04c1-424b-9868-57a2d4851a1d" relativeResultsDirectory="251552f9-94d6-4683-9321-ce25fa94f7bd" />
    <UnitTestResult executionId="01d65c82-e679-4f7b-b2fd-2deb9895622e" testId="cd27b258-f8ce-6342-0315-cb78d3f37112" testName="LeaveChallenge_ParticipatingChallenge_LeavesSuccessfully" computerName="AARONPC" duration="00:00:00.0060990" startTime="2025-08-07T06:52:04.5570123+10:00" endTime="2025-08-07T06:52:04.5631116+10:00" testType="13cdc9d9-ddb5-4fa4-a97d-d965ccfc6d4b" outcome="Passed" testListId="8c84fa94-04c1-424b-9868-57a2d4851a1d" relativeResultsDirectory="01d65c82-e679-4f7b-b2fd-2deb9895622e" />
    <UnitTestResult executionId="3e99587f-6cca-4f96-8d1f-196ce28d1480" testId="1ee911bd-0e82-52fb-ef31-51fae8aba7c1" testName="ProcessPushNotificationAsync_ValidGarminPayload_ParsesAndCreatesActivity" computerName="AARONPC" duration="00:00:00.0016170" startTime="2025-08-07T06:52:09.2081843+10:00" endTime="2025-08-07T06:52:09.2098015+10:00" testType="13cdc9d9-ddb5-4fa4-a97d-d965ccfc6d4b" outcome="Passed" testListId="8c84fa94-04c1-424b-9868-57a2d4851a1d" relativeResultsDirectory="3e99587f-6cca-4f96-8d1f-196ce28d1480" />
    <UnitTestResult executionId="6ae3a4c7-ba58-4026-ad4e-27e8373dcafe" testId="82989c11-daf8-1e3d-b196-ee0f7ea08d54" testName="GetRandomQuoteByCategoryAsync_WithNonExistentCategory_ReturnsNull" computerName="AARONPC" duration="00:00:00.0007220" startTime="2025-08-07T06:52:10.0536422+10:00" endTime="2025-08-07T06:52:10.0543643+10:00" testType="13cdc9d9-ddb5-4fa4-a97d-d965ccfc6d4b" outcome="Passed" testListId="8c84fa94-04c1-424b-9868-57a2d4851a1d" relativeResultsDirectory="6ae3a4c7-ba58-4026-ad4e-27e8373dcafe" />
    <UnitTestResult executionId="31afdf42-0309-4cae-b6be-342acd5a7014" testId="b92d16d0-e69f-0c76-bfee-74bab063bae5" testName="GetCyclingActivities_NoDatesProvided_UsesDefaults" computerName="AARONPC" duration="00:00:00.0097210" startTime="2025-08-07T06:52:04.6423465+10:00" endTime="2025-08-07T06:52:04.6520670+10:00" testType="13cdc9d9-ddb5-4fa4-a97d-d965ccfc6d4b" outcome="Passed" testListId="8c84fa94-04c1-424b-9868-57a2d4851a1d" relativeResultsDirectory="31afdf42-0309-4cae-b6be-342acd5a7014" />
    <UnitTestResult executionId="b79ee7ea-6688-40c7-a07b-26ef8bd145c1" testId="4b0d7915-fd7b-3787-f344-308178498439" testName="HandlePushWebhook_ServiceThrows_StillReturnsOk" computerName="AARONPC" duration="00:00:00.0026150" startTime="2025-08-07T06:52:04.7378258+10:00" endTime="2025-08-07T06:52:04.7404404+10:00" testType="13cdc9d9-ddb5-4fa4-a97d-d965ccfc6d4b" outcome="Passed" testListId="8c84fa94-04c1-424b-9868-57a2d4851a1d" relativeResultsDirectory="b79ee7ea-6688-40c7-a07b-26ef8bd145c1" />
    <UnitTestResult executionId="74abdf0f-440c-45d4-903a-1f2f6b646826" testId="0afd4d7c-6de1-a62e-72cf-a7e523220181" testName="ProcessFailedPayloads_ServiceThrows_LogsError" computerName="AARONPC" duration="00:00:00.0028680" startTime="2025-08-07T06:52:04.7429400+10:00" endTime="2025-08-07T06:52:04.7458082+10:00" testType="13cdc9d9-ddb5-4fa4-a97d-d965ccfc6d4b" outcome="Passed" testListId="8c84fa94-04c1-424b-9868-57a2d4851a1d" relativeResultsDirectory="74abdf0f-440c-45d4-903a-1f2f6b646826" />
    <UnitTestResult executionId="ee0dc38a-e010-4fb7-af99-51d6e2209aea" testId="70a279aa-8443-c181-9156-d3babd3d29ea" testName="ProcessActivityForChallengesAsync_ValidActivity_UpdatesChallengeParticipants" computerName="AARONPC" duration="00:00:00.0048520" startTime="2025-08-07T06:52:09.0353276+10:00" endTime="2025-08-07T06:52:09.0401792+10:00" testType="13cdc9d9-ddb5-4fa4-a97d-d965ccfc6d4b" outcome="Passed" testListId="8c84fa94-04c1-424b-9868-57a2d4851a1d" relativeResultsDirectory="ee0dc38a-e010-4fb7-af99-51d6e2209aea" />
    <UnitTestResult executionId="4365efab-11ec-45b5-a619-a98fcd4adac5" testId="934bdbc7-9ff4-6111-7438-a40fedf729fa" testName="Register_DuplicateEmail_ReturnsBadRequest" computerName="AARONPC" duration="00:00:00.0033210" startTime="2025-08-07T06:52:03.6997995+10:00" endTime="2025-08-07T06:52:03.7031203+10:00" testType="13cdc9d9-ddb5-4fa4-a97d-d965ccfc6d4b" outcome="Passed" testListId="8c84fa94-04c1-424b-9868-57a2d4851a1d" relativeResultsDirectory="4365efab-11ec-45b5-a619-a98fcd4adac5">
      <Output>
        <StdOut>[2025-08-06 20:52:03] [WARNING] [Auth] Registration attempt with existing email: test@example.com</StdOut>
      </Output>
    </UnitTestResult>
    <UnitTestResult executionId="bd854de4-32dd-4449-9ea1-653043fc4ae2" testId="650316aa-69d1-143f-9bc3-28ecb135f3c9" testName="GetCurrentUser_AuthenticatedUser_ReturnsOkWithUserInfo" computerName="AARONPC" duration="00:00:00.0070650" startTime="2025-08-07T06:52:03.3321405+10:00" endTime="2025-08-07T06:52:03.3392051+10:00" testType="13cdc9d9-ddb5-4fa4-a97d-d965ccfc6d4b" outcome="Passed" testListId="8c84fa94-04c1-424b-9868-57a2d4851a1d" relativeResultsDirectory="bd854de4-32dd-4449-9ea1-653043fc4ae2" />
    <UnitTestResult executionId="24550084-e8a6-478f-a3b6-e40c6e584f8c" testId="67fd3e16-b01f-2071-08ed-e99bb4c5b9d7" testName="GetCurrentUser_UnauthenticatedUser_ReturnsUnauthorized" computerName="AARONPC" duration="00:00:00.0009000" startTime="2025-08-07T06:52:03.3406995+10:00" endTime="2025-08-07T06:52:03.3415994+10:00" testType="13cdc9d9-ddb5-4fa4-a97d-d965ccfc6d4b" outcome="Passed" testListId="8c84fa94-04c1-424b-9868-57a2d4851a1d" relativeResultsDirectory="24550084-e8a6-478f-a3b6-e40c6e584f8c" />
    <UnitTestResult executionId="e795b4de-0480-47fa-9728-45522daaae97" testId="a5a9226f-e25d-9ccd-14d8-f7c93066cb90" testName="GetCyclingActivitiesAsync_FiltersCyclingTypes" computerName="AARONPC" duration="00:00:00.0735630" startTime="2025-08-07T06:52:08.8334886+10:00" endTime="2025-08-07T06:52:08.9070510+10:00" testType="13cdc9d9-ddb5-4fa4-a97d-d965ccfc6d4b" outcome="Passed" testListId="8c84fa94-04c1-424b-9868-57a2d4851a1d" relativeResultsDirectory="e795b4de-0480-47fa-9728-45522daaae97" />
    <UnitTestResult executionId="bc6bf34c-5b3c-4b05-ae4a-2ccf38aec143" testId="6ebd5ad1-6577-df15-d125-70bdd499e462" testName="ProcessPushNotificationAsync_UserNotFound_LogsWarningAndStoresPayload" computerName="AARONPC" duration="00:00:00.0024990" startTime="2025-08-07T06:52:09.2056615+10:00" endTime="2025-08-07T06:52:09.2081604+10:00" testType="13cdc9d9-ddb5-4fa4-a97d-d965ccfc6d4b" outcome="Passed" testListId="8c84fa94-04c1-424b-9868-57a2d4851a1d" relativeResultsDirectory="bc6bf34c-5b3c-4b05-ae4a-2ccf38aec143" />
    <UnitTestResult executionId="d37475f8-e47f-4be2-9cfa-e2b04f9349c1" testId="487b3b54-3b36-b79a-f969-91731f555565" testName="HandlePingWebhook_EmptyPayload_ProcessesSuccessfully" computerName="AARONPC" duration="00:00:00.0040380" startTime="2025-08-07T06:52:04.6964843+10:00" endTime="2025-08-07T06:52:04.7005222+10:00" testType="13cdc9d9-ddb5-4fa4-a97d-d965ccfc6d4b" outcome="Passed" testListId="8c84fa94-04c1-424b-9868-57a2d4851a1d" relativeResultsDirectory="d37475f8-e47f-4be2-9cfa-e2b04f9349c1" />
    <UnitTestResult executionId="5e54e621-4e5f-46fd-9212-329f4bbd7476" testId="eaaeda62-2f32-1a7f-c946-471bd368401b" testName="CreateChallenge_InvalidDates_ReturnsBadRequest" computerName="AARONPC" duration="00:00:00.0081220" startTime="2025-08-07T06:52:04.2405564+10:00" endTime="2025-08-07T06:52:04.2486780+10:00" testType="13cdc9d9-ddb5-4fa4-a97d-d965ccfc6d4b" outcome="Passed" testListId="8c84fa94-04c1-424b-9868-57a2d4851a1d" relativeResultsDirectory="5e54e621-4e5f-46fd-9212-329f4bbd7476" />
    <UnitTestResult executionId="8ef10be4-2d2e-429d-a42b-724663833f27" testId="f85edc94-602a-495c-481c-cffae7ad72b9" testName="SeedAsync_WithExistingQuotes_SkipsQuoteSeeding" computerName="AARONPC" duration="00:00:00.3638240" startTime="2025-08-07T06:52:08.4649679+10:00" endTime="2025-08-07T06:52:08.8287908+10:00" testType="13cdc9d9-ddb5-4fa4-a97d-d965ccfc6d4b" outcome="Passed" testListId="8c84fa94-04c1-424b-9868-57a2d4851a1d" relativeResultsDirectory="8ef10be4-2d2e-429d-a42b-724663833f27" />
    <UnitTestResult executionId="44859945-648a-4586-ad4a-2418dcbf7da8" testId="0bc6f156-1136-39b8-e4cc-e157008fa760" testName="Service_Should_Be_Created_Successfully" computerName="AARONPC" duration="00:00:00.0002050" startTime="2025-08-07T06:52:09.0841802+10:00" endTime="2025-08-07T06:52:09.0843851+10:00" testType="13cdc9d9-ddb5-4fa4-a97d-d965ccfc6d4b" outcome="Passed" testListId="8c84fa94-04c1-424b-9868-57a2d4851a1d" relativeResultsDirectory="44859945-648a-4586-ad4a-2418dcbf7da8" />
    <UnitTestResult executionId="6fae9ff0-44dd-48f5-84c7-fb613651d9d1" testId="120ab547-c71f-2889-15df-eaaf94450307" testName="GetChallengeActivities_NonExistentChallenge_ReturnsNotFound" computerName="AARONPC" duration="00:00:00.0043530" startTime="2025-08-07T06:52:04.3866801+10:00" endTime="2025-08-07T06:52:04.3910324+10:00" testType="13cdc9d9-ddb5-4fa4-a97d-d965ccfc6d4b" outcome="Passed" testListId="8c84fa94-04c1-424b-9868-57a2d4851a1d" relativeResultsDirectory="6fae9ff0-44dd-48f5-84c7-fb613651d9d1" />
    <UnitTestResult executionId="0e5b67ec-60cf-4504-94d8-77c580baad59" testId="4df21e97-0c66-08e2-7592-6fd76c0c4387" testName="ProcessPushNotificationAsync_ActivityWithCalories_StoresCalorieData" computerName="AARONPC" duration="00:00:00.0239300" startTime="2025-08-07T06:52:09.1603180+10:00" endTime="2025-08-07T06:52:09.1842477+10:00" testType="13cdc9d9-ddb5-4fa4-a97d-d965ccfc6d4b" outcome="Passed" testListId="8c84fa94-04c1-424b-9868-57a2d4851a1d" relativeResultsDirectory="0e5b67ec-60cf-4504-94d8-77c580baad59" />
    <UnitTestResult executionId="ecfd4666-1370-4450-8150-cdc285969e17" testId="a819a2c9-4b2e-c4bb-822e-4d9d7e1d9673" testName="SendEmailAsync_LogsEmailDetails" computerName="AARONPC" duration="00:00:00.1068740" startTime="2025-08-07T06:52:09.8972053+10:00" endTime="2025-08-07T06:52:10.0040791+10:00" testType="13cdc9d9-ddb5-4fa4-a97d-d965ccfc6d4b" outcome="Passed" testListId="8c84fa94-04c1-424b-9868-57a2d4851a1d" relativeResultsDirectory="ecfd4666-1370-4450-8150-cdc285969e17" />
    <UnitTestResult executionId="b5614261-e8c1-40be-8715-5995808e3def" testId="3006cb6d-6073-5ea6-a87c-8f161557a41f" testName="LogWarningAsync_ShouldWriteWarningLevelLog" computerName="AARONPC" duration="00:00:00.0015260" startTime="2025-08-07T06:52:04.7864213+10:00" endTime="2025-08-07T06:52:04.7879468+10:00" testType="13cdc9d9-ddb5-4fa4-a97d-d965ccfc6d4b" outcome="Failed" testListId="8c84fa94-04c1-424b-9868-57a2d4851a1d" relativeResultsDirectory="b5614261-e8c1-40be-8715-5995808e3def">
      <Output>
        <StdOut>[2025-08-06 20:52:04] [WARNING] [General] Warning message</StdOut>
        <ErrorInfo>
          <Message>  Expected: True&#xD;
  But was:  False&#xD;
</Message>
          <StackTrace>   at backend.Tests.FileLoggingServiceTests.LogWarningAsync_ShouldWriteWarningLevelLog() in C:\Projects\challenge\backend.Tests\FileLoggingServiceTests.cs:line 106&#xD;
   at NUnit.Framework.Internal.TaskAwaitAdapter.GenericAdapter`1.GetResult()&#xD;
   at NUnit.Framework.Internal.AsyncToSyncAdapter.Await(Func`1 invoke)&#xD;
   at NUnit.Framework.Internal.Commands.TestMethodCommand.RunTestMethod(TestExecutionContext context)&#xD;
   at NUnit.Framework.Internal.Commands.TestMethodCommand.Execute(TestExecutionContext context)&#xD;
   at NUnit.Framework.Internal.Commands.BeforeAndAfterTestCommand.&lt;&gt;c__DisplayClass1_0.&lt;Execute&gt;b__0()&#xD;
   at NUnit.Framework.Internal.Commands.DelegatingTestCommand.RunTestMethodInThreadAbortSafeZone(TestExecutionContext context, Action action)&#xD;

1)    at backend.Tests.FileLoggingServiceTests.LogWarningAsync_ShouldWriteWarningLevelLog() in C:\Projects\challenge\backend.Tests\FileLoggingServiceTests.cs:line 106&#xD;
   at System.Runtime.CompilerServices.AsyncMethodBuilderCore.Start[TStateMachine](TStateMachine&amp; stateMachine)&#xD;
   at backend.Tests.FileLoggingServiceTests.LogWarningAsync_ShouldWriteWarningLevelLog()&#xD;

</StackTrace>
        </ErrorInfo>
      </Output>
    </UnitTestResult>
    <UnitTestResult executionId="b36caf67-80ff-439b-bc91-e73ce0b14a59" testId="ce9abf9e-2937-242a-c85f-47d2953146f9" testName="SendChallengeActivityNotificationAsync_WithQuote_IncludesQuoteInMessage" computerName="AARONPC" duration="00:00:00.1078260" startTime="2025-08-07T06:52:09.7893279+10:00" endTime="2025-08-07T06:52:09.8971538+10:00" testType="13cdc9d9-ddb5-4fa4-a97d-d965ccfc6d4b" outcome="Passed" testListId="8c84fa94-04c1-424b-9868-57a2d4851a1d" relativeResultsDirectory="b36caf67-80ff-439b-bc91-e73ce0b14a59" />
    <UnitTestResult executionId="dd7c43a5-9aab-401e-a66f-645dcc674f9a" testId="f3cc9c80-5068-0fdb-8c84-34aa9a1211c6" testName="GetUserActivitiesAsync_OrdersByStartTimeDescending" computerName="AARONPC" duration="00:00:00.0016720" startTime="2025-08-07T06:52:08.9543253+10:00" endTime="2025-08-07T06:52:08.9559975+10:00" testType="13cdc9d9-ddb5-4fa4-a97d-d965ccfc6d4b" outcome="Passed" testListId="8c84fa94-04c1-424b-9868-57a2d4851a1d" relativeResultsDirectory="dd7c43a5-9aab-401e-a66f-645dcc674f9a" />
    <UnitTestResult executionId="b095ee3a-13bd-4aa6-9f70-7a857711cdd2" testId="2d05ab5f-34d2-2e4c-bf48-a4450524f4bc" testName="Login_ValidCredentials_ReturnsOkWithAuthResponse" computerName="AARONPC" duration="00:00:00.2769820" startTime="2025-08-07T06:52:03.4226125+10:00" endTime="2025-08-07T06:52:03.6995943+10:00" testType="13cdc9d9-ddb5-4fa4-a97d-d965ccfc6d4b" outcome="Passed" testListId="8c84fa94-04c1-424b-9868-57a2d4851a1d" relativeResultsDirectory="b095ee3a-13bd-4aa6-9f70-7a857711cdd2">
      <Output>
        <StdOut>[2025-08-06 20:52:03] [INFO] [Auth] Password hash upgraded for user: testuser&#xD;
[2025-08-06 20:52:03] [INFO] [Auth] Successful login for user: testuser</StdOut>
      </Output>
    </UnitTestResult>
    <UnitTestResult executionId="01f57244-5870-4071-a2f6-f14d5e20c08a" testId="6480860b-f6df-909e-d007-dbb283d95ed3" testName="ProcessPingNotificationAsync_WebhookTypeParsing_CorrectlyParsesTypes(&quot;activities&quot;,Activities)" computerName="AARONPC" duration="00:00:00.0009700" startTime="2025-08-07T06:52:09.2240097+10:00" endTime="2025-08-07T06:52:09.2249801+10:00" testType="13cdc9d9-ddb5-4fa4-a97d-d965ccfc6d4b" outcome="Passed" testListId="8c84fa94-04c1-424b-9868-57a2d4851a1d" relativeResultsDirectory="01f57244-5870-4071-a2f6-f14d5e20c08a" />
    <UnitTestResult executionId="44b4382f-80a1-4c86-b09a-6d5984a42bd4" testId="06fca671-9455-a63f-b74a-2b2b024b52a7" testName="ProcessActivityForChallengesAsync_ActivityOutsideChallengeTimeRange_DoesNotCreateEntries" computerName="AARONPC" duration="00:00:00.0169390" startTime="2025-08-07T06:52:08.9858026+10:00" endTime="2025-08-07T06:52:09.0027415+10:00" testType="13cdc9d9-ddb5-4fa4-a97d-d965ccfc6d4b" outcome="Passed" testListId="8c84fa94-04c1-424b-9868-57a2d4851a1d" relativeResultsDirectory="44b4382f-80a1-4c86-b09a-6d5984a42bd4" />
    <UnitTestResult executionId="a87bff18-b20b-45e9-b372-e02f45c5ec87" testId="7d57ea78-96ab-e5a6-a669-5311ba9a8b4c" testName="GetCyclingActivitiesAsync_OutsideDateRange_ReturnsEmpty" computerName="AARONPC" duration="00:00:00.0009820" startTime="2025-08-07T06:52:08.9447324+10:00" endTime="2025-08-07T06:52:08.9457146+10:00" testType="13cdc9d9-ddb5-4fa4-a97d-d965ccfc6d4b" outcome="Passed" testListId="8c84fa94-04c1-424b-9868-57a2d4851a1d" relativeResultsDirectory="a87bff18-b20b-45e9-b372-e02f45c5ec87" />
    <UnitTestResult executionId="553f8991-9985-4a58-a340-aacfa8a9b12d" testId="4d9f36f7-76dc-432c-7869-a562cbc6b2ca" testName="SeedAsync_UpdatesParticipantLastActivityDate" computerName="AARONPC" duration="00:00:00.3729630" startTime="2025-08-07T06:52:07.7272106+10:00" endTime="2025-08-07T06:52:08.1001734+10:00" testType="13cdc9d9-ddb5-4fa4-a97d-d965ccfc6d4b" outcome="Passed" testListId="8c84fa94-04c1-424b-9868-57a2d4851a1d" relativeResultsDirectory="553f8991-9985-4a58-a340-aacfa8a9b12d" />
    <UnitTestResult executionId="86e10a7c-71ec-4c67-b01a-45cf1d5a2582" testId="708e5108-631b-b34b-2c1e-b16e129323fb" testName="ProcessPushNotificationAsync_MultipleActivitiesInPayload_ProcessesAll" computerName="AARONPC" duration="00:00:00.0058370" startTime="2025-08-07T06:52:09.1998019+10:00" endTime="2025-08-07T06:52:09.2056386+10:00" testType="13cdc9d9-ddb5-4fa4-a97d-d965ccfc6d4b" outcome="Passed" testListId="8c84fa94-04c1-424b-9868-57a2d4851a1d" relativeResultsDirectory="86e10a7c-71ec-4c67-b01a-45cf1d5a2582" />
    <UnitTestResult executionId="ecee48a7-d5ae-4477-9e78-fafa388a42c4" testId="3bf852b6-87d5-bf5b-26df-2b92d1c20010" testName="GetCurrentUser_UserWithoutGarmin_ReturnsOkWithGarminConnectedFalse" computerName="AARONPC" duration="00:00:00.0015110" startTime="2025-08-07T06:52:03.3696269+10:00" endTime="2025-08-07T06:52:03.3711373+10:00" testType="13cdc9d9-ddb5-4fa4-a97d-d965ccfc6d4b" outcome="Passed" testListId="8c84fa94-04c1-424b-9868-57a2d4851a1d" relativeResultsDirectory="ecee48a7-d5ae-4477-9e78-fafa388a42c4" />
    <UnitTestResult executionId="782debe2-f12e-4046-ae02-6b912261ebed" testId="32fe7dda-4c13-9721-baee-bd4ccb768f2a" testName="SeedQuotesAsync_WithEmptyDatabase_SeedsQuotesAndReturnsCount" computerName="AARONPC" duration="00:00:00.0045389" startTime="2025-08-07T06:52:10.0649144+10:00" endTime="2025-08-07T06:52:10.0694530+10:00" testType="13cdc9d9-ddb5-4fa4-a97d-d965ccfc6d4b" outcome="Passed" testListId="8c84fa94-04c1-424b-9868-57a2d4851a1d" relativeResultsDirectory="782debe2-f12e-4046-ae02-6b912261ebed" />
    <UnitTestResult executionId="03cc1255-b748-40d6-b2e5-6ab5009662a0" testId="2674ddba-71a2-1c76-ce6c-9328458e0ce6" testName="GetUserActivitiesAsync_WithPagination_ReturnsCorrectPage" computerName="AARONPC" duration="00:00:00.0111250" startTime="2025-08-07T06:52:08.9640368+10:00" endTime="2025-08-07T06:52:08.9751619+10:00" testType="13cdc9d9-ddb5-4fa4-a97d-d965ccfc6d4b" outcome="Passed" testListId="8c84fa94-04c1-424b-9868-57a2d4851a1d" relativeResultsDirectory="03cc1255-b748-40d6-b2e5-6ab5009662a0" />
    <UnitTestResult executionId="4fdbf095-d011-4984-a21a-18384722dfcb" testId="b281040b-0a8a-eff0-c129-dfdcec2e4bbc" testName="SendChallengeActivityNotificationAsync_WithoutQuote_DoesNotIncludeQuoteInMessage" computerName="AARONPC" duration="00:00:00.1076560" startTime="2025-08-07T06:52:09.6816236+10:00" endTime="2025-08-07T06:52:09.7892788+10:00" testType="13cdc9d9-ddb5-4fa4-a97d-d965ccfc6d4b" outcome="Passed" testListId="8c84fa94-04c1-424b-9868-57a2d4851a1d" relativeResultsDirectory="4fdbf095-d011-4984-a21a-18384722dfcb" />
    <UnitTestResult executionId="f74402a7-baa9-4c85-9cb7-1d482b0f16f8" testId="660b4435-d1f5-afde-bc4c-3d554e7e06f6" testName="SeedQuotesAsync_WithExistingQuotes_SkipsSeedingAndReturnsZero" computerName="AARONPC" duration="00:00:00.0045730" startTime="2025-08-07T06:52:10.0694737+10:00" endTime="2025-08-07T06:52:10.0740459+10:00" testType="13cdc9d9-ddb5-4fa4-a97d-d965ccfc6d4b" outcome="Passed" testListId="8c84fa94-04c1-424b-9868-57a2d4851a1d" relativeResultsDirectory="f74402a7-baa9-4c85-9cb7-1d482b0f16f8" />
    <UnitTestResult executionId="86ed00f3-fea7-4c4f-870e-0d2b92a708f4" testId="41385689-e55d-5bbd-d255-bb8e49f87102" testName="GetActivityDetailsAsync_IncludesAllActivityDetails" computerName="AARONPC" duration="00:00:00.0025079" startTime="2025-08-07T06:52:08.9275901+10:00" endTime="2025-08-07T06:52:08.9300993+10:00" testType="13cdc9d9-ddb5-4fa4-a97d-d965ccfc6d4b" outcome="Passed" testListId="8c84fa94-04c1-424b-9868-57a2d4851a1d" relativeResultsDirectory="86ed00f3-fea7-4c4f-870e-0d2b92a708f4" />
    <UnitTestResult executionId="7d640277-fe73-4bc0-b489-ec799597f60e" testId="8c392f0c-bc96-eea7-2ce3-d6c5511092ae" testName="JoinChallenge_ExpiredChallenge_ReturnsBadRequest" computerName="AARONPC" duration="00:00:00.0019330" startTime="2025-08-07T06:52:04.5447653+10:00" endTime="2025-08-07T06:52:04.5466977+10:00" testType="13cdc9d9-ddb5-4fa4-a97d-d965ccfc6d4b" outcome="Passed" testListId="8c84fa94-04c1-424b-9868-57a2d4851a1d" relativeResultsDirectory="7d640277-fe73-4bc0-b489-ec799597f60e" />
    <UnitTestResult executionId="814b637b-44fa-489a-924b-4bac27509796" testId="ddd3290c-5001-fe78-1239-bb7ba58f3e90" testName="UpdateChallenge_NonExistentChallenge_ReturnsNotFound" computerName="AARONPC" duration="00:00:00.0298490" startTime="2025-08-07T06:52:04.5663543+10:00" endTime="2025-08-07T06:52:04.5962028+10:00" testType="13cdc9d9-ddb5-4fa4-a97d-d965ccfc6d4b" outcome="Passed" testListId="8c84fa94-04c1-424b-9868-57a2d4851a1d" relativeResultsDirectory="814b637b-44fa-489a-924b-4bac27509796" />
    <UnitTestResult executionId="c9d071cd-6169-4f1b-afcb-bfe7ff20f961" testId="b882fb9a-1d47-731e-184a-ae3c8676fca0" testName="GetActivityDetails_DateTimeSpecifiedAsUtc_ReturnsUtcDates" computerName="AARONPC" duration="00:00:00.0062300" startTime="2025-08-07T06:52:04.6251904+10:00" endTime="2025-08-07T06:52:04.6314205+10:00" testType="13cdc9d9-ddb5-4fa4-a97d-d965ccfc6d4b" outcome="Passed" testListId="8c84fa94-04c1-424b-9868-57a2d4851a1d" relativeResultsDirectory="c9d071cd-6169-4f1b-afcb-bfe7ff20f961" />
    <UnitTestResult executionId="0bea08e8-618c-4285-92eb-b6c83d74729c" testId="75ef94ea-e37d-ceec-5b31-9273f4440662" testName="LogAsync_ShouldCreateLogFileAndWriteEntry" computerName="AARONPC" duration="00:00:00.0016130" startTime="2025-08-07T06:52:04.7762130+10:00" endTime="2025-08-07T06:52:04.7778257+10:00" testType="13cdc9d9-ddb5-4fa4-a97d-d965ccfc6d4b" outcome="Failed" testListId="8c84fa94-04c1-424b-9868-57a2d4851a1d" relativeResultsDirectory="0bea08e8-618c-4285-92eb-b6c83d74729c">
      <Output>
        <StdOut>[2025-08-06 20:52:04] [INFO] [TestCategory] Test log message</StdOut>
        <ErrorInfo>
          <Message>  Log file should be created&#xD;
  Expected: True&#xD;
  But was:  False&#xD;
</Message>
          <StackTrace>   at backend.Tests.FileLoggingServiceTests.LogAsync_ShouldCreateLogFileAndWriteEntry() in C:\Projects\challenge\backend.Tests\FileLoggingServiceTests.cs:line 62&#xD;
   at NUnit.Framework.Internal.TaskAwaitAdapter.GenericAdapter`1.GetResult()&#xD;
   at NUnit.Framework.Internal.AsyncToSyncAdapter.Await(Func`1 invoke)&#xD;
   at NUnit.Framework.Internal.Commands.TestMethodCommand.RunTestMethod(TestExecutionContext context)&#xD;
   at NUnit.Framework.Internal.Commands.TestMethodCommand.Execute(TestExecutionContext context)&#xD;
   at NUnit.Framework.Internal.Commands.BeforeAndAfterTestCommand.&lt;&gt;c__DisplayClass1_0.&lt;Execute&gt;b__0()&#xD;
   at NUnit.Framework.Internal.Commands.DelegatingTestCommand.RunTestMethodInThreadAbortSafeZone(TestExecutionContext context, Action action)&#xD;

1)    at backend.Tests.FileLoggingServiceTests.LogAsync_ShouldCreateLogFileAndWriteEntry() in C:\Projects\challenge\backend.Tests\FileLoggingServiceTests.cs:line 62&#xD;
   at System.Runtime.CompilerServices.AsyncMethodBuilderCore.Start[TStateMachine](TStateMachine&amp; stateMachine)&#xD;
   at backend.Tests.FileLoggingServiceTests.LogAsync_ShouldCreateLogFileAndWriteEntry()&#xD;

</StackTrace>
        </ErrorInfo>
      </Output>
    </UnitTestResult>
    <UnitTestResult executionId="92f1dc31-760b-4cd0-908e-8cb6758e468b" testId="ffff8fe9-5231-8529-d979-001cb7db4e9f" testName="SeedQuotesAsync_VerifiesQuoteContent" computerName="AARONPC" duration="00:00:00.0105060" startTime="2025-08-07T06:52:10.0543782+10:00" endTime="2025-08-07T06:52:10.0648840+10:00" testType="13cdc9d9-ddb5-4fa4-a97d-d965ccfc6d4b" outcome="Passed" testListId="8c84fa94-04c1-424b-9868-57a2d4851a1d" relativeResultsDirectory="92f1dc31-760b-4cd0-908e-8cb6758e468b" />
    <UnitTestResult executionId="3a43ef7b-29e9-4bbc-b410-6e067d6e8eed" testId="fbe1966f-eab4-78ed-c90e-d04508ac4940" testName="GetChallengeActivities_ValidChallenge_ReturnsActivities" computerName="AARONPC" duration="00:00:00.0778400" startTime="2025-08-07T06:52:04.3910615+10:00" endTime="2025-08-07T06:52:04.4689006+10:00" testType="13cdc9d9-ddb5-4fa4-a97d-d965ccfc6d4b" outcome="Passed" testListId="8c84fa94-04c1-424b-9868-57a2d4851a1d" relativeResultsDirectory="3a43ef7b-29e9-4bbc-b410-6e067d6e8eed" />
    <UnitTestResult executionId="cb0b3601-b05b-4b89-bc5d-ee23f98bfc17" testId="1ef1aed1-fbb8-1208-86af-55cab5585827" testName="Login_InvalidEmail_ReturnsBadRequest" computerName="AARONPC" duration="00:00:00.0025020" startTime="2025-08-07T06:52:03.4174245+10:00" endTime="2025-08-07T06:52:03.4199265+10:00" testType="13cdc9d9-ddb5-4fa4-a97d-d965ccfc6d4b" outcome="Passed" testListId="8c84fa94-04c1-424b-9868-57a2d4851a1d" relativeResultsDirectory="cb0b3601-b05b-4b89-bc5d-ee23f98bfc17">
      <Output>
        <StdOut>[2025-08-06 20:52:03] [WARNING] [Auth] Failed login attempt for email: nonexistent@example.com</StdOut>
      </Output>
    </UnitTestResult>
    <UnitTestResult executionId="fe932e9a-2472-4c43-96c7-9705f627e6d0" testId="d0a36944-bb0a-7e82-d867-49c6edff8bff" testName="SendChallengeActivityNotificationAsync_WithoutQuote_DoesNotIncludeQuoteSection" computerName="AARONPC" duration="00:00:00.0018130" startTime="2025-08-07T06:52:04.8396244+10:00" endTime="2025-08-07T06:52:04.8414370+10:00" testType="13cdc9d9-ddb5-4fa4-a97d-d965ccfc6d4b" outcome="Passed" testListId="8c84fa94-04c1-424b-9868-57a2d4851a1d" relativeResultsDirectory="fe932e9a-2472-4c43-96c7-9705f627e6d0" />
    <UnitTestResult executionId="d71c70ec-e492-4126-93d9-4c4e1be24530" testId="55ef1d20-48b6-429f-330e-62da7c8f54cb" testName="UpdateProfile_ValidRequest_ReturnsOkAndUpdatesProfile" computerName="AARONPC" duration="00:00:00.0031900" startTime="2025-08-07T06:52:03.3914024+10:00" endTime="2025-08-07T06:52:03.3945924+10:00" testType="13cdc9d9-ddb5-4fa4-a97d-d965ccfc6d4b" outcome="Passed" testListId="8c84fa94-04c1-424b-9868-57a2d4851a1d" relativeResultsDirectory="d71c70ec-e492-4126-93d9-4c4e1be24530" />
    <UnitTestResult executionId="fe7a7675-8de4-45f2-a3eb-6ca79ec54263" testId="5a81d573-55e1-b5a4-77d7-f181cfcc3827" testName="Register_ValidRequest_ReturnsOkWithAuthResponse" computerName="AARONPC" duration="00:00:00.2573340" startTime="2025-08-07T06:52:03.7077851+10:00" endTime="2025-08-07T06:52:03.9651188+10:00" testType="13cdc9d9-ddb5-4fa4-a97d-d965ccfc6d4b" outcome="Passed" testListId="8c84fa94-04c1-424b-9868-57a2d4851a1d" relativeResultsDirectory="fe7a7675-8de4-45f2-a3eb-6ca79ec54263">
      <Output>
        <StdOut>[2025-08-06 20:52:03] [INFO] [Auth] New user registered: testuser</StdOut>
      </Output>
    </UnitTestResult>
    <UnitTestResult executionId="701f3428-dce5-485f-8855-e8d10ed12a1a" testId="a3d4b4f6-5fa5-098f-1e58-bbbfd677ae46" testName="LogDebugAsync_ShouldWriteDebugLevelLog" computerName="AARONPC" duration="00:00:00.0013480" startTime="2025-08-07T06:52:04.7798052+10:00" endTime="2025-08-07T06:52:04.7811523+10:00" testType="13cdc9d9-ddb5-4fa4-a97d-d965ccfc6d4b" outcome="Failed" testListId="8c84fa94-04c1-424b-9868-57a2d4851a1d" relativeResultsDirectory="701f3428-dce5-485f-8855-e8d10ed12a1a">
      <Output>
        <StdOut>[2025-08-06 20:52:04] [DEBUG] [General] Debug message</StdOut>
        <ErrorInfo>
          <Message>  Expected: True&#xD;
  But was:  False&#xD;
</Message>
          <StackTrace>   at backend.Tests.FileLoggingServiceTests.LogDebugAsync_ShouldWriteDebugLevelLog() in C:\Projects\challenge\backend.Tests\FileLoggingServiceTests.cs:line 150&#xD;
   at NUnit.Framework.Internal.TaskAwaitAdapter.GenericAdapter`1.GetResult()&#xD;
   at NUnit.Framework.Internal.AsyncToSyncAdapter.Await(Func`1 invoke)&#xD;
   at NUnit.Framework.Internal.Commands.TestMethodCommand.RunTestMethod(TestExecutionContext context)&#xD;
   at NUnit.Framework.Internal.Commands.TestMethodCommand.Execute(TestExecutionContext context)&#xD;
   at NUnit.Framework.Internal.Commands.BeforeAndAfterTestCommand.&lt;&gt;c__DisplayClass1_0.&lt;Execute&gt;b__0()&#xD;
   at NUnit.Framework.Internal.Commands.DelegatingTestCommand.RunTestMethodInThreadAbortSafeZone(TestExecutionContext context, Action action)&#xD;

1)    at backend.Tests.FileLoggingServiceTests.LogDebugAsync_ShouldWriteDebugLevelLog() in C:\Projects\challenge\backend.Tests\FileLoggingServiceTests.cs:line 150&#xD;
   at System.Runtime.CompilerServices.AsyncMethodBuilderCore.Start[TStateMachine](TStateMachine&amp; stateMachine)&#xD;
   at backend.Tests.FileLoggingServiceTests.LogDebugAsync_ShouldWriteDebugLevelLog()&#xD;

</StackTrace>
        </ErrorInfo>
      </Output>
    </UnitTestResult>
    <UnitTestResult executionId="b2495c06-c676-4e97-bee5-9f9887c23725" testId="e965a18a-c9bd-9226-aa0f-9f196185bf35" testName="UpdateQuoteAsync_InvalidId_ReturnsNull" computerName="AARONPC" duration="00:00:00.0015430" startTime="2025-08-07T06:52:10.0740693+10:00" endTime="2025-08-07T06:52:10.0756120+10:00" testType="13cdc9d9-ddb5-4fa4-a97d-d965ccfc6d4b" outcome="Passed" testListId="8c84fa94-04c1-424b-9868-57a2d4851a1d" relativeResultsDirectory="b2495c06-c676-4e97-bee5-9f9887c23725" />
    <UnitTestResult executionId="ae057583-b0d2-49ec-8b1e-b86b46089bc1" testId="2a118045-eb0b-c132-394f-ba833e81e650" testName="UpdateChallenge_OwnChallenge_UpdatesChallenge" computerName="AARONPC" duration="00:00:00.0061490" startTime="2025-08-07T06:52:04.6033148+10:00" endTime="2025-08-07T06:52:04.6094636+10:00" testType="13cdc9d9-ddb5-4fa4-a97d-d965ccfc6d4b" outcome="Passed" testListId="8c84fa94-04c1-424b-9868-57a2d4851a1d" relativeResultsDirectory="ae057583-b0d2-49ec-8b1e-b86b46089bc1" />
    <UnitTestResult executionId="3a4ab5bb-c7f1-4757-be3b-2aa11e795c43" testId="f776d68c-9094-be8a-7e92-1f0c6305c154" testName="ProcessStoredPayloadsAsync_AlreadyProcessedPayloads_SkipsThem" computerName="AARONPC" duration="00:00:00.0105450" startTime="2025-08-07T06:52:09.2099768+10:00" endTime="2025-08-07T06:52:09.2205215+10:00" testType="13cdc9d9-ddb5-4fa4-a97d-d965ccfc6d4b" outcome="Passed" testListId="8c84fa94-04c1-424b-9868-57a2d4851a1d" relativeResultsDirectory="3a4ab5bb-c7f1-4757-be3b-2aa11e795c43" />
    <UnitTestResult executionId="f3cbe3b6-21d0-4eac-9ab0-0c40d1c4a488" testId="5de5cfbf-2db5-f56d-aa9d-3331bb446cef" testName="ProcessPushNotificationAsync_DuplicateActivity_SkipsCreation" computerName="AARONPC" duration="00:00:00.0067960" startTime="2025-08-07T06:52:09.1842918+10:00" endTime="2025-08-07T06:52:09.1910875+10:00" testType="13cdc9d9-ddb5-4fa4-a97d-d965ccfc6d4b" outcome="Passed" testListId="8c84fa94-04c1-424b-9868-57a2d4851a1d" relativeResultsDirectory="f3cbe3b6-21d0-4eac-9ab0-0c40d1c4a488" />
    <UnitTestResult executionId="d55f2463-b16e-439d-beea-fc90ee8eec6e" testId="231ce0ef-278c-9935-2f67-c2ff07cd0fa9" testName="HandlePingWebhook_ValidRequest_ReturnsOk" computerName="AARONPC" duration="00:00:00.0022920" startTime="2025-08-07T06:52:04.7295532+10:00" endTime="2025-08-07T06:52:04.7318447+10:00" testType="13cdc9d9-ddb5-4fa4-a97d-d965ccfc6d4b" outcome="Passed" testListId="8c84fa94-04c1-424b-9868-57a2d4851a1d" relativeResultsDirectory="d55f2463-b16e-439d-beea-fc90ee8eec6e" />
    <UnitTestResult executionId="95deb827-6f36-463d-b7b3-a7d4d7399494" testId="59475cbb-25c2-7217-4120-20985edb0a90" testName="UpdateProfile_UnauthenticatedUser_ReturnsUnauthorized" computerName="AARONPC" duration="00:00:00.0007280" startTime="2025-08-07T06:52:03.3895539+10:00" endTime="2025-08-07T06:52:03.3902821+10:00" testType="13cdc9d9-ddb5-4fa4-a97d-d965ccfc6d4b" outcome="Passed" testListId="8c84fa94-04c1-424b-9868-57a2d4851a1d" relativeResultsDirectory="95deb827-6f36-463d-b7b3-a7d4d7399494" />
    <UnitTestResult executionId="acad142f-fda6-4fed-a224-be667e64c116" testId="c4b35477-64f0-dc3e-2722-e3cbe783f5d1" testName="FetchActivitiesForUserAsync_Should_Handle_Missing_Token_Gracefully" computerName="AARONPC" duration="00:00:00.0171240" startTime="2025-08-07T06:52:09.0670186+10:00" endTime="2025-08-07T06:52:09.0841433+10:00" testType="13cdc9d9-ddb5-4fa4-a97d-d965ccfc6d4b" outcome="Passed" testListId="8c84fa94-04c1-424b-9868-57a2d4851a1d" relativeResultsDirectory="acad142f-fda6-4fed-a224-be667e64c116" />
    <UnitTestResult executionId="feea441a-0802-4f03-8833-5a73a0db5387" testId="3f190924-d812-11f6-af1c-3e4dac0aa28e" testName="UpdateProfile_EmailAlreadyExists_ReturnsBadRequest" computerName="AARONPC" duration="00:00:00.0144240" startTime="2025-08-07T06:52:03.3712886+10:00" endTime="2025-08-07T06:52:03.3857124+10:00" testType="13cdc9d9-ddb5-4fa4-a97d-d965ccfc6d4b" outcome="Passed" testListId="8c84fa94-04c1-424b-9868-57a2d4851a1d" relativeResultsDirectory="feea441a-0802-4f03-8833-5a73a0db5387" />
    <UnitTestResult executionId="e68aa10e-06c3-450c-95dc-694bed5d4f5f" testId="92f14051-730f-00e8-2535-88509245d207" testName="Register_InvalidModelState_ReturnsBadRequest" computerName="AARONPC" duration="00:00:00.0007710" startTime="2025-08-07T06:52:03.7069965+10:00" endTime="2025-08-07T06:52:03.7077670+10:00" testType="13cdc9d9-ddb5-4fa4-a97d-d965ccfc6d4b" outcome="Passed" testListId="8c84fa94-04c1-424b-9868-57a2d4851a1d" relativeResultsDirectory="e68aa10e-06c3-450c-95dc-694bed5d4f5f" />
    <UnitTestResult executionId="94b241ca-2342-4987-94fa-7ce533f0dc8a" testId="e31db69a-a181-9ed0-7f12-aa104f5b4eb3" testName="HandlePushWebhook_LargePayload_ProcessesSuccessfully" computerName="AARONPC" duration="00:00:00.0023920" startTime="2025-08-07T06:52:04.7320110+10:00" endTime="2025-08-07T06:52:04.7344024+10:00" testType="13cdc9d9-ddb5-4fa4-a97d-d965ccfc6d4b" outcome="Passed" testListId="8c84fa94-04c1-424b-9868-57a2d4851a1d" relativeResultsDirectory="94b241ca-2342-4987-94fa-7ce533f0dc8a" />
    <UnitTestResult executionId="e545d041-06d6-49eb-b85e-27e659f6650e" testId="6246439e-f98e-945e-7041-bea05d5279b8" testName="ProcessPingNotificationAsync_WebhookTypeParsing_CorrectlyParsesTypes(&quot;unknown-type&quot;,Activities)" computerName="AARONPC" duration="00:00:00.0004080" startTime="2025-08-07T06:52:09.2263728+10:00" endTime="2025-08-07T06:52:09.2267803+10:00" testType="13cdc9d9-ddb5-4fa4-a97d-d965ccfc6d4b" outcome="Passed" testListId="8c84fa94-04c1-424b-9868-57a2d4851a1d" relativeResultsDirectory="e545d041-06d6-49eb-b85e-27e659f6650e" />
    <UnitTestResult executionId="596abc7f-8cec-42eb-93a9-ed315f31c661" testId="202f6823-160e-13e6-51a0-af5b7fe84096" testName="HandlePushWebhook_LogsInformation" computerName="AARONPC" duration="00:00:00.0030870" startTime="2025-08-07T06:52:04.7346977+10:00" endTime="2025-08-07T06:52:04.7377847+10:00" testType="13cdc9d9-ddb5-4fa4-a97d-d965ccfc6d4b" outcome="Passed" testListId="8c84fa94-04c1-424b-9868-57a2d4851a1d" relativeResultsDirectory="596abc7f-8cec-42eb-93a9-ed315f31c661" />
    <UnitTestResult executionId="a8594e14-e5b3-49a7-a4f9-4d2b42426f42" testId="6e5ac343-bba9-794b-1041-7cbb13c032e5" testName="GetCyclingActivities_ServiceThrows_ReturnsInternalServerError" computerName="AARONPC" duration="00:00:00.0023140" startTime="2025-08-07T06:52:04.6521128+10:00" endTime="2025-08-07T06:52:04.6544268+10:00" testType="13cdc9d9-ddb5-4fa4-a97d-d965ccfc6d4b" outcome="Passed" testListId="8c84fa94-04c1-424b-9868-57a2d4851a1d" relativeResultsDirectory="a8594e14-e5b3-49a7-a4f9-4d2b42426f42" />
    <UnitTestResult executionId="e09caf3d-dd93-4c3b-b834-8edb0e704e85" testId="d62a0860-d14e-db83-ba4d-2679af8c99cc" testName="ProcessPingNotificationAsync_WebhookTypeParsing_CorrectlyParsesTypes(&quot;Activities&quot;,Activities)" computerName="AARONPC" duration="00:00:00.0003610" startTime="2025-08-07T06:52:09.2256528+10:00" endTime="2025-08-07T06:52:09.2260140+10:00" testType="13cdc9d9-ddb5-4fa4-a97d-d965ccfc6d4b" outcome="Passed" testListId="8c84fa94-04c1-424b-9868-57a2d4851a1d" relativeResultsDirectory="e09caf3d-dd93-4c3b-b834-8edb0e704e85" />
    <UnitTestResult executionId="b6f4573b-ec1d-45c1-96b8-7eff737da3be" testId="09c4b52c-a9b6-9eb6-bebc-c495e73d95ec" testName="SeedAsync_SeedsQuotesWithCorrectCategories" computerName="AARONPC" duration="00:00:00.3839310" startTime="2025-08-07T06:52:07.3432399+10:00" endTime="2025-08-07T06:52:07.7271701+10:00" testType="13cdc9d9-ddb5-4fa4-a97d-d965ccfc6d4b" outcome="Passed" testListId="8c84fa94-04c1-424b-9868-57a2d4851a1d" relativeResultsDirectory="b6f4573b-ec1d-45c1-96b8-7eff737da3be" />
    <UnitTestResult executionId="a0a69e3e-b8ba-4b54-bb18-8f464aaa2c4a" testId="00b46ff1-1e46-5daf-2453-bef32ac5b69f" testName="ProcessStoredPayloadsAsync_UnprocessedPayloads_ProcessesThem" computerName="AARONPC" duration="00:00:00.0014580" startTime="2025-08-07T06:52:09.2224124+10:00" endTime="2025-08-07T06:52:09.2238706+10:00" testType="13cdc9d9-ddb5-4fa4-a97d-d965ccfc6d4b" outcome="Passed" testListId="8c84fa94-04c1-424b-9868-57a2d4851a1d" relativeResultsDirectory="a0a69e3e-b8ba-4b54-bb18-8f464aaa2c4a" />
    <UnitTestResult executionId="4877368a-dd97-4d73-bdbf-e70a4eda57b0" testId="1f20747a-1098-6ae1-1893-a9ac9b5617fd" testName="GetAllQuotesAsync_ReturnsOnlyActiveQuotes" computerName="AARONPC" duration="00:00:00.0019670" startTime="2025-08-07T06:52:10.0415300+10:00" endTime="2025-08-07T06:52:10.0434972+10:00" testType="13cdc9d9-ddb5-4fa4-a97d-d965ccfc6d4b" outcome="Passed" testListId="8c84fa94-04c1-424b-9868-57a2d4851a1d" relativeResultsDirectory="4877368a-dd97-4d73-bdbf-e70a4eda57b0" />
    <UnitTestResult executionId="828b88b3-86c7-427f-9b7e-82b85f7c7bd6" testId="86bdda4d-3aff-3e9a-7b68-318bbea06f04" testName="ChangePassword_ValidRequest_ReturnsOkAndUpdatesPassword" computerName="AARONPC" duration="00:00:00.4238830" startTime="2025-08-07T06:52:02.9059900+10:00" endTime="2025-08-07T06:52:03.3298717+10:00" testType="13cdc9d9-ddb5-4fa4-a97d-d965ccfc6d4b" outcome="Passed" testListId="8c84fa94-04c1-424b-9868-57a2d4851a1d" relativeResultsDirectory="828b88b3-86c7-427f-9b7e-82b85f7c7bd6">
      <Output>
        <StdOut>[2025-08-06 20:52:03] [INFO] [Auth] Password changed for user: testuser</StdOut>
      </Output>
    </UnitTestResult>
    <UnitTestResult executionId="8d79ef08-52e0-4a6c-91a9-896d197d6eef" testId="e176cbc5-7b55-4e98-1602-16b09f89b3bf" testName="ChangePassword_UnauthenticatedUser_ReturnsUnauthorized" computerName="AARONPC" duration="00:00:00.0270540" startTime="2025-08-07T06:52:02.7331731+10:00" endTime="2025-08-07T06:52:02.7602259+10:00" testType="13cdc9d9-ddb5-4fa4-a97d-d965ccfc6d4b" outcome="Passed" testListId="8c84fa94-04c1-424b-9868-57a2d4851a1d" relativeResultsDirectory="8d79ef08-52e0-4a6c-91a9-896d197d6eef" />
    <UnitTestResult executionId="eca85144-e775-429c-961f-c3fa3ed5674a" testId="89ad23a5-c8bd-6b93-b2fa-21033da5e160" testName="ChangePassword_IncorrectCurrentPassword_ReturnsBadRequest" computerName="AARONPC" duration="00:00:00.7564890" startTime="2025-08-07T06:52:01.9557112+10:00" endTime="2025-08-07T06:52:02.7121238+10:00" testType="13cdc9d9-ddb5-4fa4-a97d-d965ccfc6d4b" outcome="Passed" testListId="8c84fa94-04c1-424b-9868-57a2d4851a1d" relativeResultsDirectory="eca85144-e775-429c-961f-c3fa3ed5674a">
      <Output>
        <StdOut>[2025-08-06 20:52:02] [WARNING] [Auth] Failed password change attempt for user: testuser</StdOut>
      </Output>
    </UnitTestResult>
    <UnitTestResult executionId="4b1ae4fd-c4e6-43d3-96c1-e2ac16d4861d" testId="9cba949e-b932-77d1-d67c-e1bf5fd1de41" testName="GetActivityDetailsAsync_ActivityNotFound_ReturnsNull" computerName="AARONPC" duration="00:00:00.0024740" startTime="2025-08-07T06:52:08.9250827+10:00" endTime="2025-08-07T06:52:08.9275572+10:00" testType="13cdc9d9-ddb5-4fa4-a97d-d965ccfc6d4b" outcome="Passed" testListId="8c84fa94-04c1-424b-9868-57a2d4851a1d" relativeResultsDirectory="4b1ae4fd-c4e6-43d3-96c1-e2ac16d4861d" />
    <UnitTestResult executionId="759b9bc2-0184-46cb-9d59-c63ab57932f7" testId="2e6949b4-c1a3-253c-68a4-1a8118be8926" testName="GetRandomQuoteAsync_WithActiveQuotes_ReturnsRandomQuote" computerName="AARONPC" duration="00:00:00.0013590" startTime="2025-08-07T06:52:10.0471026+10:00" endTime="2025-08-07T06:52:10.0484622+10:00" testType="13cdc9d9-ddb5-4fa4-a97d-d965ccfc6d4b" outcome="Passed" testListId="8c84fa94-04c1-424b-9868-57a2d4851a1d" relativeResultsDirectory="759b9bc2-0184-46cb-9d59-c63ab57932f7" />
    <UnitTestResult executionId="370cd681-51a7-4f64-ab8d-3cb3c8843d1a" testId="f134bb13-06ce-78a8-226a-bad996a6b0d0" testName="GetCyclingActivities_ValidRequest_ReturnsOkWithActivities" computerName="AARONPC" duration="00:00:00.0020040" startTime="2025-08-07T06:52:04.6544694+10:00" endTime="2025-08-07T06:52:04.6564712+10:00" testType="13cdc9d9-ddb5-4fa4-a97d-d965ccfc6d4b" outcome="Passed" testListId="8c84fa94-04c1-424b-9868-57a2d4851a1d" relativeResultsDirectory="370cd681-51a7-4f64-ab8d-3cb3c8843d1a" />
    <UnitTestResult executionId="a3e85f85-cc35-46a5-ace7-7117dc42e300" testId="0b3c763d-d627-3b19-00a7-3686b5c55fde" testName="ProcessActivityForChallengesAsync_DuplicateProcessing_DoesNotCreateDuplicates" computerName="AARONPC" duration="00:00:00.0247880" startTime="2025-08-07T06:52:09.0027737+10:00" endTime="2025-08-07T06:52:09.0275606+10:00" testType="13cdc9d9-ddb5-4fa4-a97d-d965ccfc6d4b" outcome="Passed" testListId="8c84fa94-04c1-424b-9868-57a2d4851a1d" relativeResultsDirectory="a3e85f85-cc35-46a5-ace7-7117dc42e300" />
    <UnitTestResult executionId="0ba85544-9847-49f9-adea-668ef4304c41" testId="afd26784-9efe-4bbd-e4d2-c83cf503e4b4" testName="JoinChallenge_ActiveChallenge_JoinsSuccessfully" computerName="AARONPC" duration="00:00:00.0126180" startTime="2025-08-07T06:52:04.5269623+10:00" endTime="2025-08-07T06:52:04.5395790+10:00" testType="13cdc9d9-ddb5-4fa4-a97d-d965ccfc6d4b" outcome="Passed" testListId="8c84fa94-04c1-424b-9868-57a2d4851a1d" relativeResultsDirectory="0ba85544-9847-49f9-adea-668ef4304c41" />
    <UnitTestResult executionId="3e8292c4-89f0-45d4-8717-72998f37d86d" testId="2ff735b2-b004-5efc-95b0-f69745cb6c6a" testName="GetCyclingActivitiesAsync_OnlyNonCyclingActivities_ReturnsEmpty" computerName="AARONPC" duration="00:00:00.0016920" startTime="2025-08-07T06:52:08.9418847+10:00" endTime="2025-08-07T06:52:08.9435770+10:00" testType="13cdc9d9-ddb5-4fa4-a97d-d965ccfc6d4b" outcome="Passed" testListId="8c84fa94-04c1-424b-9868-57a2d4851a1d" relativeResultsDirectory="3e8292c4-89f0-45d4-8717-72998f37d86d" />
    <UnitTestResult executionId="9c1cb28b-bf89-44ee-9ab7-e592083ae4b4" testId="841c6bfb-1e32-e52b-5937-f143fb419373" testName="SendChallengeActivityNotificationAsync_QuoteServiceThrows_ContinuesWithoutQuote" computerName="AARONPC" duration="00:00:00.0072220" startTime="2025-08-07T06:52:04.8323737+10:00" endTime="2025-08-07T06:52:04.8395955+10:00" testType="13cdc9d9-ddb5-4fa4-a97d-d965ccfc6d4b" outcome="Passed" testListId="8c84fa94-04c1-424b-9868-57a2d4851a1d" relativeResultsDirectory="9c1cb28b-bf89-44ee-9ab7-e592083ae4b4" />
    <UnitTestResult executionId="c780c428-aec5-4259-8afa-9c5480cd4914" testId="47ba7bb3-1d81-790c-62c6-4b7a120ff82e" testName="GetActivityDetails_ValidRequest_ReturnsOkWithActivity" computerName="AARONPC" duration="00:00:00.0019210" startTime="2025-08-07T06:52:04.6402459+10:00" endTime="2025-08-07T06:52:04.6421671+10:00" testType="13cdc9d9-ddb5-4fa4-a97d-d965ccfc6d4b" outcome="Passed" testListId="8c84fa94-04c1-424b-9868-57a2d4851a1d" relativeResultsDirectory="c780c428-aec5-4259-8afa-9c5480cd4914" />
    <UnitTestResult executionId="b64c36a6-bd93-4b68-8218-5e9f49df944c" testId="b37f114e-3818-b59d-6016-ef4b5ab75110" testName="LogAsync_MultipleEntries_ShouldAppendToSameFile" computerName="AARONPC" duration="00:00:00.0030560" startTime="2025-08-07T06:52:04.7731315+10:00" endTime="2025-08-07T06:52:04.7761869+10:00" testType="13cdc9d9-ddb5-4fa4-a97d-d965ccfc6d4b" outcome="Failed" testListId="8c84fa94-04c1-424b-9868-57a2d4851a1d" relativeResultsDirectory="b64c36a6-bd93-4b68-8218-5e9f49df944c">
      <Output>
        <StdOut>[2025-08-06 20:52:04] [INFO] [General] First message&#xD;
[2025-08-06 20:52:04] [WARNING] [General] Second message</StdOut>
        <ErrorInfo>
          <Message>System.IO.FileNotFoundException : Could not find file 'C:\Projects\challenge\backend.Tests\bin\Debug\net8.0\logs\2025-08-06.log'.</Message>
          <StackTrace>   at Microsoft.Win32.SafeHandles.SafeFileHandle.CreateFile(String fullPath, FileMode mode, FileAccess access, FileShare share, FileOptions options)&#xD;
   at Microsoft.Win32.SafeHandles.SafeFileHandle.Open(String fullPath, FileMode mode, FileAccess access, FileShare share, FileOptions options, Int64 preallocationSize, Nullable`1 unixCreateMode)&#xD;
   at System.IO.Strategies.OSFileStreamStrategy..ctor(String path, FileMode mode, FileAccess access, FileShare share, FileOptions options, Int64 preallocationSize, Nullable`1 unixCreateMode)&#xD;
   at System.IO.Strategies.FileStreamHelpers.ChooseStrategyCore(String path, FileMode mode, FileAccess access, FileShare share, FileOptions options, Int64 preallocationSize, Nullable`1 unixCreateMode)&#xD;
   at System.IO.FileStream..ctor(String path, FileMode mode, FileAccess access, FileShare share, Int32 bufferSize, FileOptions options, Int64 preallocationSize)&#xD;
   at System.IO.File.AsyncStreamReader(String path, Encoding encoding)&#xD;
   at System.IO.File.InternalReadAllTextAsync(String path, Encoding encoding, CancellationToken cancellationToken)&#xD;
   at backend.Tests.FileLoggingServiceTests.LogAsync_MultipleEntries_ShouldAppendToSameFile() in C:\Projects\challenge\backend.Tests\FileLoggingServiceTests.cs:line 189&#xD;
   at NUnit.Framework.Internal.TaskAwaitAdapter.GenericAdapter`1.GetResult()&#xD;
   at NUnit.Framework.Internal.AsyncToSyncAdapter.Await(Func`1 invoke)&#xD;
   at NUnit.Framework.Internal.Commands.TestMethodCommand.RunTestMethod(TestExecutionContext context)&#xD;
   at NUnit.Framework.Internal.Commands.TestMethodCommand.Execute(TestExecutionContext context)&#xD;
   at NUnit.Framework.Internal.Commands.BeforeAndAfterTestCommand.&lt;&gt;c__DisplayClass1_0.&lt;Execute&gt;b__0()&#xD;
   at NUnit.Framework.Internal.Commands.DelegatingTestCommand.RunTestMethodInThreadAbortSafeZone(TestExecutionContext context, Action action)
</StackTrace>
        </ErrorInfo>
      </Output>
    </UnitTestResult>
    <UnitTestResult executionId="fe420c30-6f96-4992-b0ef-711c274b2087" testId="f090676f-c1a4-3bab-a9ca-2fb9b3696c02" testName="ProcessPushNotificationAsync_InvalidJsonPayload_LogsErrorAndStoresPayload" computerName="AARONPC" duration="00:00:00.0024460" startTime="2025-08-07T06:52:09.1973331+10:00" endTime="2025-08-07T06:52:09.1997786+10:00" testType="13cdc9d9-ddb5-4fa4-a97d-d965ccfc6d4b" outcome="Passed" testListId="8c84fa94-04c1-424b-9868-57a2d4851a1d" relativeResultsDirectory="fe420c30-6f96-4992-b0ef-711c274b2087" />
    <UnitTestResult executionId="0b69a6da-f25b-48a1-a267-6380f183fe99" testId="10d1a958-be26-8e7c-5e9f-60e1a613c29e" testName="SeedAsync_CreatesUsersWithCorrectData" computerName="AARONPC" duration="00:00:00.5201550" startTime="2025-08-07T06:52:06.4257016+10:00" endTime="2025-08-07T06:52:06.9458563+10:00" testType="13cdc9d9-ddb5-4fa4-a97d-d965ccfc6d4b" outcome="Passed" testListId="8c84fa94-04c1-424b-9868-57a2d4851a1d" relativeResultsDirectory="0b69a6da-f25b-48a1-a267-6380f183fe99" />
    <UnitTestResult executionId="f8226767-f445-465b-a7ac-093fe3ce8c7d" testId="c89b76ca-ecb2-ba5e-0d4b-1fd1c6ac3580" testName="ProcessPushNotificationAsync_GarminPayload_CalculatesElevationFromSamples" computerName="AARONPC" duration="00:00:00.0023720" startTime="2025-08-07T06:52:09.1911155+10:00" endTime="2025-08-07T06:52:09.1934872+10:00" testType="13cdc9d9-ddb5-4fa4-a97d-d965ccfc6d4b" outcome="Passed" testListId="8c84fa94-04c1-424b-9868-57a2d4851a1d" relativeResultsDirectory="f8226767-f445-465b-a7ac-093fe3ce8c7d" />
    <UnitTestResult executionId="47ec1461-e21b-41a1-89cf-28bb2c2559e2" testId="33b94283-d5e0-ae24-d516-b03bf2e27dc7" testName="SeedAsync_CreatesReasonableActivityValues" computerName="AARONPC" duration="00:00:00.3865750" startTime="2025-08-07T06:52:06.0390975+10:00" endTime="2025-08-07T06:52:06.4256724+10:00" testType="13cdc9d9-ddb5-4fa4-a97d-d965ccfc6d4b" outcome="Passed" testListId="8c84fa94-04c1-424b-9868-57a2d4851a1d" relativeResultsDirectory="47ec1461-e21b-41a1-89cf-28bb2c2559e2" />
    <UnitTestResult executionId="8c0ac086-202d-44e0-a524-b01756fc40e1" testId="508fa381-652c-3b81-d7a7-78ddb8587420" testName="UpdateChallenge_InvalidDates_ReturnsBadRequest" computerName="AARONPC" duration="00:00:00.0031809" startTime="2025-08-07T06:52:04.5631384+10:00" endTime="2025-08-07T06:52:04.5663190+10:00" testType="13cdc9d9-ddb5-4fa4-a97d-d965ccfc6d4b" outcome="Passed" testListId="8c84fa94-04c1-424b-9868-57a2d4851a1d" relativeResultsDirectory="8c0ac086-202d-44e0-a524-b01756fc40e1" />
    <UnitTestResult executionId="f1772a35-1e75-41a2-bcfa-f5f0f12467d4" testId="fe439f0b-1071-99fa-bec4-dd1af5020ada" testName="GetRandomQuoteAsync_WithNoActiveQuotes_ReturnsNull" computerName="AARONPC" duration="00:00:00.0006470" startTime="2025-08-07T06:52:10.0489917+10:00" endTime="2025-08-07T06:52:10.0496385+10:00" testType="13cdc9d9-ddb5-4fa4-a97d-d965ccfc6d4b" outcome="Passed" testListId="8c84fa94-04c1-424b-9868-57a2d4851a1d" relativeResultsDirectory="f1772a35-1e75-41a2-bcfa-f5f0f12467d4" />
    <UnitTestResult executionId="73e95cdb-d9ba-4068-9462-cdfcbda069bc" testId="0d112815-5642-d718-2751-2080a19fbd02" testName="LeaveChallenge_NotParticipating_ReturnsNotFound" computerName="AARONPC" duration="00:00:00.0048710" startTime="2025-08-07T06:52:04.5521172+10:00" endTime="2025-08-07T06:52:04.5569876+10:00" testType="13cdc9d9-ddb5-4fa4-a97d-d965ccfc6d4b" outcome="Passed" testListId="8c84fa94-04c1-424b-9868-57a2d4851a1d" relativeResultsDirectory="73e95cdb-d9ba-4068-9462-cdfcbda069bc" />
    <UnitTestResult executionId="940dc5cc-b23d-4662-b39e-ddf464e0debc" testId="a0b31c9f-2e03-1577-e988-729b310e12ba" testName="ResetPassword_ExpiredToken_ReturnsBadRequest" computerName="AARONPC" duration="00:00:00.0099740" startTime="2025-08-07T06:52:03.9653720+10:00" endTime="2025-08-07T06:52:03.9753459+10:00" testType="13cdc9d9-ddb5-4fa4-a97d-d965ccfc6d4b" outcome="Passed" testListId="8c84fa94-04c1-424b-9868-57a2d4851a1d" relativeResultsDirectory="940dc5cc-b23d-4662-b39e-ddf464e0debc" />
    <UnitTestResult executionId="3006e55e-f97b-463c-8a26-2e0bfb2d207d" testId="f552e72a-2f71-279d-68b3-6657ff21e646" testName="ChangePassword_UserNotFound_ReturnsNotFound" computerName="AARONPC" duration="00:00:00.1456800" startTime="2025-08-07T06:52:02.7602749+10:00" endTime="2025-08-07T06:52:02.9059538+10:00" testType="13cdc9d9-ddb5-4fa4-a97d-d965ccfc6d4b" outcome="Passed" testListId="8c84fa94-04c1-424b-9868-57a2d4851a1d" relativeResultsDirectory="3006e55e-f97b-463c-8a26-2e0bfb2d207d" />
    <UnitTestResult executionId="0dfc5aad-b7e7-4393-9f0d-2322407d6c75" testId="2c5f5d5e-7d52-1828-90f2-0a8cf49ae227" testName="Register_DuplicateUsername_ReturnsBadRequest" computerName="AARONPC" duration="00:00:00.0038330" startTime="2025-08-07T06:52:03.7031411+10:00" endTime="2025-08-07T06:52:03.7069742+10:00" testType="13cdc9d9-ddb5-4fa4-a97d-d965ccfc6d4b" outcome="Passed" testListId="8c84fa94-04c1-424b-9868-57a2d4851a1d" relativeResultsDirectory="0dfc5aad-b7e7-4393-9f0d-2322407d6c75">
      <Output>
        <StdOut>[2025-08-06 20:52:03] [WARNING] [Auth] Registration attempt with existing username: testuser</StdOut>
      </Output>
    </UnitTestResult>
    <UnitTestResult executionId="50e571fe-3050-44aa-a1d7-3628350ac3ea" testId="a5650eeb-a7c0-0ac2-11f1-9d7b14895e36" testName="LogInfoAsync_ShouldWriteInfoLevelLog" computerName="AARONPC" duration="00:00:00.0034900" startTime="2025-08-07T06:52:04.7828260+10:00" endTime="2025-08-07T06:52:04.7863152+10:00" testType="13cdc9d9-ddb5-4fa4-a97d-d965ccfc6d4b" outcome="Failed" testListId="8c84fa94-04c1-424b-9868-57a2d4851a1d" relativeResultsDirectory="50e571fe-3050-44aa-a1d7-3628350ac3ea">
      <Output>
        <StdOut>[2025-08-06 20:52:04] [INFO] [InfoCategory] Info message</StdOut>
        <ErrorInfo>
          <Message>  Expected: True&#xD;
  But was:  False&#xD;
</Message>
          <StackTrace>   at backend.Tests.FileLoggingServiceTests.LogInfoAsync_ShouldWriteInfoLevelLog() in C:\Projects\challenge\backend.Tests\FileLoggingServiceTests.cs:line 85&#xD;
   at NUnit.Framework.Internal.TaskAwaitAdapter.GenericAdapter`1.GetResult()&#xD;
   at NUnit.Framework.Internal.AsyncToSyncAdapter.Await(Func`1 invoke)&#xD;
   at NUnit.Framework.Internal.Commands.TestMethodCommand.RunTestMethod(TestExecutionContext context)&#xD;
   at NUnit.Framework.Internal.Commands.TestMethodCommand.Execute(TestExecutionContext context)&#xD;
   at NUnit.Framework.Internal.Commands.BeforeAndAfterTestCommand.&lt;&gt;c__DisplayClass1_0.&lt;Execute&gt;b__0()&#xD;
   at NUnit.Framework.Internal.Commands.DelegatingTestCommand.RunTestMethodInThreadAbortSafeZone(TestExecutionContext context, Action action)&#xD;

1)    at backend.Tests.FileLoggingServiceTests.LogInfoAsync_ShouldWriteInfoLevelLog() in C:\Projects\challenge\backend.Tests\FileLoggingServiceTests.cs:line 85&#xD;
   at System.Runtime.CompilerServices.AsyncMethodBuilderCore.Start[TStateMachine](TStateMachine&amp; stateMachine)&#xD;
   at backend.Tests.FileLoggingServiceTests.LogInfoAsync_ShouldWriteInfoLevelLog()&#xD;

</StackTrace>
        </ErrorInfo>
      </Output>
    </UnitTestResult>
    <UnitTestResult executionId="b1b87119-114f-4912-ad3b-4f27cf9fc6b4" testId="438bc6fb-7ba4-3245-5cda-6dc5ebc1e9dd" testName="GetRandomQuoteAsync_WithEmptyDatabase_ReturnsNull" computerName="AARONPC" duration="00:00:00.0005019" startTime="2025-08-07T06:52:10.0484769+10:00" endTime="2025-08-07T06:52:10.0489789+10:00" testType="13cdc9d9-ddb5-4fa4-a97d-d965ccfc6d4b" outcome="Passed" testListId="8c84fa94-04c1-424b-9868-57a2d4851a1d" relativeResultsDirectory="b1b87119-114f-4912-ad3b-4f27cf9fc6b4" />
    <UnitTestResult executionId="d23b8bcd-3c9c-43ae-9351-db4c67f99a5b" testId="298a1c02-bfaa-a253-ef85-c42be96129f1" testName="GetChallenge_ExistingId_ReturnsChallenge" computerName="AARONPC" duration="00:00:00.0747970" startTime="2025-08-07T06:52:04.3087411+10:00" endTime="2025-08-07T06:52:04.3835379+10:00" testType="13cdc9d9-ddb5-4fa4-a97d-d965ccfc6d4b" outcome="Passed" testListId="8c84fa94-04c1-424b-9868-57a2d4851a1d" relativeResultsDirectory="d23b8bcd-3c9c-43ae-9351-db4c67f99a5b" />
    <UnitTestResult executionId="97a25a31-b10f-4f77-9093-a42aecb62823" testId="8666a677-6b8f-3dd6-2410-851ce503c897" testName="ProcessFailedPayloads_ValidRequest_ReturnsOkWithMessage" computerName="AARONPC" duration="00:00:00.0011640" startTime="2025-08-07T06:52:04.7468615+10:00" endTime="2025-08-07T06:52:04.7480246+10:00" testType="13cdc9d9-ddb5-4fa4-a97d-d965ccfc6d4b" outcome="Passed" testListId="8c84fa94-04c1-424b-9868-57a2d4851a1d" relativeResultsDirectory="97a25a31-b10f-4f77-9093-a42aecb62823" />
    <UnitTestResult executionId="ab581d7a-0a93-488f-83cc-9b89aa6fd794" testId="8484ebd3-1473-fec1-d139-fbd68b22a84d" testName="GetActivityDetailsAsync_ActivityBelongsToOtherUser_ReturnsNull" computerName="AARONPC" duration="00:00:00.0175980" startTime="2025-08-07T06:52:08.9074415+10:00" endTime="2025-08-07T06:52:08.9250398+10:00" testType="13cdc9d9-ddb5-4fa4-a97d-d965ccfc6d4b" outcome="Passed" testListId="8c84fa94-04c1-424b-9868-57a2d4851a1d" relativeResultsDirectory="ab581d7a-0a93-488f-83cc-9b89aa6fd794" />
    <UnitTestResult executionId="e833bf81-6aac-4c94-8ce9-5e4f0e845c6e" testId="64103bf0-e84a-3586-52d5-8a1d302d312d" testName="GetUserActivitiesAsync_UserWithNoActivities_ReturnsEmpty" computerName="AARONPC" duration="00:00:00.0062320" startTime="2025-08-07T06:52:08.9577778+10:00" endTime="2025-08-07T06:52:08.9640093+10:00" testType="13cdc9d9-ddb5-4fa4-a97d-d965ccfc6d4b" outcome="Passed" testListId="8c84fa94-04c1-424b-9868-57a2d4851a1d" relativeResultsDirectory="e833bf81-6aac-4c94-8ce9-5e4f0e845c6e" />
    <UnitTestResult executionId="ea5d2dd1-4f33-456c-ba5a-d18d3e466abf" testId="1f628725-be51-810d-cb23-0e0b8a4d9dc1" testName="GetCyclingActivitiesAsync_ValidDateRange_ReturnsCyclingActivities" computerName="AARONPC" duration="00:00:00.0011600" startTime="2025-08-07T06:52:08.9457331+10:00" endTime="2025-08-07T06:52:08.9468926+10:00" testType="13cdc9d9-ddb5-4fa4-a97d-d965ccfc6d4b" outcome="Passed" testListId="8c84fa94-04c1-424b-9868-57a2d4851a1d" relativeResultsDirectory="ea5d2dd1-4f33-456c-ba5a-d18d3e466abf" />
    <UnitTestResult executionId="9b624f1a-660c-420b-b2a7-3fbb965b4ac9" testId="1e48ccc1-5d73-020d-722e-8c297ed53f58" testName="SeedAsync_CreatesActivitiesWithVariedData" computerName="AARONPC" duration="00:00:00.4110550" startTime="2025-08-07T06:52:04.8433790+10:00" endTime="2025-08-07T06:52:05.2544332+10:00" testType="13cdc9d9-ddb5-4fa4-a97d-d965ccfc6d4b" outcome="Passed" testListId="8c84fa94-04c1-424b-9868-57a2d4851a1d" relativeResultsDirectory="9b624f1a-660c-420b-b2a7-3fbb965b4ac9" />
    <UnitTestResult executionId="78c62eab-7272-4d24-8dd9-08e3b2650b8b" testId="4b60d07c-48d7-5f9e-8053-817217716fc7" testName="UpdateQuoteAsync_ValidId_UpdatesAndReturnsQuote" computerName="AARONPC" duration="00:00:00.0030040" startTime="2025-08-07T06:52:10.0756505+10:00" endTime="2025-08-07T06:52:10.0786537+10:00" testType="13cdc9d9-ddb5-4fa4-a97d-d965ccfc6d4b" outcome="Passed" testListId="8c84fa94-04c1-424b-9868-57a2d4851a1d" relativeResultsDirectory="78c62eab-7272-4d24-8dd9-08e3b2650b8b" />
    <UnitTestResult executionId="db716de1-29d0-44be-a45d-c10def93fa96" testId="dfbbbe30-1790-4ca1-9740-3071b909e956" testName="ProcessActivityForChallengesAsync_InactiveChallenges_DoesNotCreateEntries" computerName="AARONPC" duration="00:00:00.0027740" startTime="2025-08-07T06:52:09.0276149+10:00" endTime="2025-08-07T06:52:09.0303889+10:00" testType="13cdc9d9-ddb5-4fa4-a97d-d965ccfc6d4b" outcome="Passed" testListId="8c84fa94-04c1-424b-9868-57a2d4851a1d" relativeResultsDirectory="db716de1-29d0-44be-a45d-c10def93fa96" />
    <UnitTestResult executionId="c68deed0-fd1f-4e8e-bae2-0f3fbfa29b04" testId="f4bc1cd0-508b-66ad-aa15-18437b284c8f" testName="GetChallengeLeaderboard_NonExistentChallenge_ReturnsNotFound" computerName="AARONPC" duration="00:00:00.0031020" startTime="2025-08-07T06:52:04.4689344+10:00" endTime="2025-08-07T06:52:04.4720357+10:00" testType="13cdc9d9-ddb5-4fa4-a97d-d965ccfc6d4b" outcome="Passed" testListId="8c84fa94-04c1-424b-9868-57a2d4851a1d" relativeResultsDirectory="c68deed0-fd1f-4e8e-bae2-0f3fbfa29b04" />
    <UnitTestResult executionId="ab63a652-ba6d-4d5d-be4a-0e7fff1b0b93" testId="eae0f949-1726-e33a-6031-d62a7bfffc19" testName="DeleteChallenge_OwnChallenge_DeletesChallenge" computerName="AARONPC" duration="00:00:00.0083830" startTime="2025-08-07T06:52:04.3003349+10:00" endTime="2025-08-07T06:52:04.3087176+10:00" testType="13cdc9d9-ddb5-4fa4-a97d-d965ccfc6d4b" outcome="Passed" testListId="8c84fa94-04c1-424b-9868-57a2d4851a1d" relativeResultsDirectory="ab63a652-ba6d-4d5d-be4a-0e7fff1b0b93" />
    <UnitTestResult executionId="e5b7f095-e46f-4097-82a0-f1dfdb5ae067" testId="9df6a81a-a774-6d32-6e4c-fc2eae1df174" testName="UpdateProfile_SameEmailAsCurrent_ReturnsOkAndUpdatesProfile" computerName="AARONPC" duration="00:00:00.0015990" startTime="2025-08-07T06:52:03.3879314+10:00" endTime="2025-08-07T06:52:03.3895305+10:00" testType="13cdc9d9-ddb5-4fa4-a97d-d965ccfc6d4b" outcome="Passed" testListId="8c84fa94-04c1-424b-9868-57a2d4851a1d" relativeResultsDirectory="e5b7f095-e46f-4097-82a0-f1dfdb5ae067" />
    <UnitTestResult executionId="89bac04d-03c9-4334-a69e-33b79266f7e7" testId="266e4dab-a490-fc12-7332-8ac2b2bfad28" testName="GetCyclingActivitiesAsync_OrdersByStartTimeDescending" computerName="AARONPC" duration="00:00:00.0011120" startTime="2025-08-07T06:52:08.9436011+10:00" endTime="2025-08-07T06:52:08.9447133+10:00" testType="13cdc9d9-ddb5-4fa4-a97d-d965ccfc6d4b" outcome="Passed" testListId="8c84fa94-04c1-424b-9868-57a2d4851a1d" relativeResultsDirectory="89bac04d-03c9-4334-a69e-33b79266f7e7" />
    <UnitTestResult executionId="b5b99074-da95-430d-a72d-89abc6257fd5" testId="32cb9c9d-599f-5e42-1c25-811cef3ff9b2" testName="ProcessPingNotificationAsync_WebhookTypeParsing_CorrectlyParsesTypes(&quot;&quot;,Activities)" computerName="AARONPC" duration="00:00:00.0003959" startTime="2025-08-07T06:52:09.2267902+10:00" endTime="2025-08-07T06:52:09.2271863+10:00" testType="13cdc9d9-ddb5-4fa4-a97d-d965ccfc6d4b" outcome="Passed" testListId="8c84fa94-04c1-424b-9868-57a2d4851a1d" relativeResultsDirectory="b5b99074-da95-430d-a72d-89abc6257fd5" />
    <UnitTestResult executionId="b27c67a2-fc50-4706-956b-f6f70d2cabc9" testId="9bb62597-77e1-780a-fd84-4d1901dd895c" testName="GetUserActivitiesAsync_DefaultPagination_ReturnsFirstPage" computerName="AARONPC" duration="00:00:00.0072910" startTime="2025-08-07T06:52:08.9470108+10:00" endTime="2025-08-07T06:52:08.9543014+10:00" testType="13cdc9d9-ddb5-4fa4-a97d-d965ccfc6d4b" outcome="Passed" testListId="8c84fa94-04c1-424b-9868-57a2d4851a1d" relativeResultsDirectory="b27c67a2-fc50-4706-956b-f6f70d2cabc9" />
    <UnitTestResult executionId="b8458bf3-f56e-425d-af39-d790f5398c13" testId="f84de379-0c33-67a5-0e41-a8163db630ff" testName="HandlePushWebhook_ValidRequest_ReturnsOk" computerName="AARONPC" duration="00:00:00.0023240" startTime="2025-08-07T06:52:04.7404644+10:00" endTime="2025-08-07T06:52:04.7427886+10:00" testType="13cdc9d9-ddb5-4fa4-a97d-d965ccfc6d4b" outcome="Passed" testListId="8c84fa94-04c1-424b-9868-57a2d4851a1d" relativeResultsDirectory="b8458bf3-f56e-425d-af39-d790f5398c13" />
    <UnitTestResult executionId="87d14bf5-9a9a-41ef-88aa-6086ffb05abb" testId="8b0d788d-725b-034a-8a49-fc09becd3283" testName="JoinChallenge_InactiveChallenge_ReturnsBadRequest" computerName="AARONPC" duration="00:00:00.0034430" startTime="2025-08-07T06:52:04.5467295+10:00" endTime="2025-08-07T06:52:04.5501711+10:00" testType="13cdc9d9-ddb5-4fa4-a97d-d965ccfc6d4b" outcome="Passed" testListId="8c84fa94-04c1-424b-9868-57a2d4851a1d" relativeResultsDirectory="87d14bf5-9a9a-41ef-88aa-6086ffb05abb" />
    <UnitTestResult executionId="cfbc359d-6899-4f55-9217-498b8c187a69" testId="2e33910f-1648-9921-7617-54ecc77e05ab" testName="ChangePassword_InvalidModelState_ReturnsBadRequest" computerName="AARONPC" duration="00:00:00.0190180" startTime="2025-08-07T06:52:02.7141058+10:00" endTime="2025-08-07T06:52:02.7331238+10:00" testType="13cdc9d9-ddb5-4fa4-a97d-d965ccfc6d4b" outcome="Passed" testListId="8c84fa94-04c1-424b-9868-57a2d4851a1d" relativeResultsDirectory="cfbc359d-6899-4f55-9217-498b8c187a69" />
    <UnitTestResult executionId="eea0f534-4654-41a3-8f78-c3d2ed498007" testId="517e44f1-9d68-7c03-bdab-1429e050e9c6" testName="SeedAsync_EnsuresDataConsistency" computerName="AARONPC" duration="00:00:00.3973250" startTime="2025-08-07T06:52:06.9458846+10:00" endTime="2025-08-07T06:52:07.3432089+10:00" testType="13cdc9d9-ddb5-4fa4-a97d-d965ccfc6d4b" outcome="Passed" testListId="8c84fa94-04c1-424b-9868-57a2d4851a1d" relativeResultsDirectory="eea0f534-4654-41a3-8f78-c3d2ed498007" />
    <UnitTestResult executionId="c72f2591-7ca3-4754-b01c-ef1c8df08e7f" testId="75754ab4-7e10-f48e-8eee-2ebb5c5e18e1" testName="ProcessPushNotificationAsync_GarminPayload_CalculatesMaxDistanceFromSamples" computerName="AARONPC" duration="00:00:00.0023450" startTime="2025-08-07T06:52:09.1935114+10:00" endTime="2025-08-07T06:52:09.1958567+10:00" testType="13cdc9d9-ddb5-4fa4-a97d-d965ccfc6d4b" outcome="Passed" testListId="8c84fa94-04c1-424b-9868-57a2d4851a1d" relativeResultsDirectory="c72f2591-7ca3-4754-b01c-ef1c8df08e7f" />
    <UnitTestResult executionId="618b224e-7b56-4308-869a-7296b200b95b" testId="572628a7-3c81-a237-04e5-7c70c265a140" testName="Login_InvalidPassword_ReturnsBadRequest" computerName="AARONPC" duration="00:00:00.0016320" startTime="2025-08-07T06:52:03.4209621+10:00" endTime="2025-08-07T06:52:03.4225935+10:00" testType="13cdc9d9-ddb5-4fa4-a97d-d965ccfc6d4b" outcome="Passed" testListId="8c84fa94-04c1-424b-9868-57a2d4851a1d" relativeResultsDirectory="618b224e-7b56-4308-869a-7296b200b95b">
      <Output>
        <StdOut>[2025-08-06 20:52:03] [WARNING] [Auth] Failed login attempt for email: test@example.com</StdOut>
      </Output>
    </UnitTestResult>
    <UnitTestResult executionId="c2e80902-9348-44e9-830a-fb97e5895d95" testId="bc5df467-06c4-954b-b527-d3b1800ebfab" testName="SeedAsync_WithExistingUsers_SkipsUserSeedingButStillSeedsQuotes" computerName="AARONPC" duration="00:00:00.0040150" startTime="2025-08-07T06:52:08.8288465+10:00" endTime="2025-08-07T06:52:08.8328606+10:00" testType="13cdc9d9-ddb5-4fa4-a97d-d965ccfc6d4b" outcome="Passed" testListId="8c84fa94-04c1-424b-9868-57a2d4851a1d" relativeResultsDirectory="c2e80902-9348-44e9-830a-fb97e5895d95" />
    <UnitTestResult executionId="d621d49c-3a5f-465e-8f95-075a9d297050" testId="3a882b4a-30f4-d742-fc32-3f6a8fcbdb42" testName="LogAsync_ShouldCreateValidJsonEntries" computerName="AARONPC" duration="00:00:00.0010650" startTime="2025-08-07T06:52:04.7778484+10:00" endTime="2025-08-07T06:52:04.7789133+10:00" testType="13cdc9d9-ddb5-4fa4-a97d-d965ccfc6d4b" outcome="Failed" testListId="8c84fa94-04c1-424b-9868-57a2d4851a1d" relativeResultsDirectory="d621d49c-3a5f-465e-8f95-075a9d297050">
      <Output>
        <StdOut>[2025-08-06 20:52:04] [INFO] [General] JSON validation test</StdOut>
        <ErrorInfo>
          <Message>System.IO.FileNotFoundException : Could not find file 'C:\Projects\challenge\backend.Tests\bin\Debug\net8.0\logs\2025-08-06.log'.</Message>
          <StackTrace>   at Microsoft.Win32.SafeHandles.SafeFileHandle.CreateFile(String fullPath, FileMode mode, FileAccess access, FileShare share, FileOptions options)&#xD;
   at Microsoft.Win32.SafeHandles.SafeFileHandle.Open(String fullPath, FileMode mode, FileAccess access, FileShare share, FileOptions options, Int64 preallocationSize, Nullable`1 unixCreateMode)&#xD;
   at System.IO.Strategies.OSFileStreamStrategy..ctor(String path, FileMode mode, FileAccess access, FileShare share, FileOptions options, Int64 preallocationSize, Nullable`1 unixCreateMode)&#xD;
   at System.IO.Strategies.FileStreamHelpers.ChooseStrategyCore(String path, FileMode mode, FileAccess access, FileShare share, FileOptions options, Int64 preallocationSize, Nullable`1 unixCreateMode)&#xD;
   at System.IO.FileStream..ctor(String path, FileMode mode, FileAccess access, FileShare share, Int32 bufferSize, FileOptions options, Int64 preallocationSize)&#xD;
   at System.IO.File.AsyncStreamReader(String path, Encoding encoding)&#xD;
   at System.IO.File.InternalReadAllTextAsync(String path, Encoding encoding, CancellationToken cancellationToken)&#xD;
   at backend.Tests.FileLoggingServiceTests.LogAsync_ShouldCreateValidJsonEntries() in C:\Projects\challenge\backend.Tests\FileLoggingServiceTests.cs:line 209&#xD;
   at NUnit.Framework.Internal.TaskAwaitAdapter.GenericAdapter`1.GetResult()&#xD;
   at NUnit.Framework.Internal.AsyncToSyncAdapter.Await(Func`1 invoke)&#xD;
   at NUnit.Framework.Internal.Commands.TestMethodCommand.RunTestMethod(TestExecutionContext context)&#xD;
   at NUnit.Framework.Internal.Commands.TestMethodCommand.Execute(TestExecutionContext context)&#xD;
   at NUnit.Framework.Internal.Commands.BeforeAndAfterTestCommand.&lt;&gt;c__DisplayClass1_0.&lt;Execute&gt;b__0()&#xD;
   at NUnit.Framework.Internal.Commands.DelegatingTestCommand.RunTestMethodInThreadAbortSafeZone(TestExecutionContext context, Action action)
</StackTrace>
        </ErrorInfo>
      </Output>
    </UnitTestResult>
    <UnitTestResult executionId="402a7741-8f07-4c32-806d-0772e36c4d05" testId="41ee99b5-2513-11ee-0b29-50ad033d9d9d" testName="SeedAsync_CreatesParticipantsWithProgress" computerName="AARONPC" duration="00:00:00.3964140" startTime="2025-08-07T06:52:05.6424218+10:00" endTime="2025-08-07T06:52:06.0388344+10:00" testType="13cdc9d9-ddb5-4fa4-a97d-d965ccfc6d4b" outcome="Passed" testListId="8c84fa94-04c1-424b-9868-57a2d4851a1d" relativeResultsDirectory="402a7741-8f07-4c32-806d-0772e36c4d05" />
    <UnitTestResult executionId="c6948e04-50b6-4452-bca6-1f747989b440" testId="0055c845-721c-a6a4-84da-0fe9d8e4cd22" testName="User_CreateUpdateSelect_ShouldWorkCorrectly" computerName="AARONPC" duration="00:00:00.0019220" startTime="2025-08-07T06:52:04.7482576+10:00" endTime="2025-08-07T06:52:04.7501795+10:00" testType="13cdc9d9-ddb5-4fa4-a97d-d965ccfc6d4b" outcome="Passed" testListId="8c84fa94-04c1-424b-9868-57a2d4851a1d" relativeResultsDirectory="c6948e04-50b6-4452-bca6-1f747989b440" />
    <UnitTestResult executionId="b8e23f59-ced1-44fb-ba8a-390b6d51d87e" testId="ceafd98c-37b4-afcd-05e6-33b036661a26" testName="HandlePingWebhook_ProcessesAsynchronously_ReturnsImmediately" computerName="AARONPC" duration="00:00:00.0164200" startTime="2025-08-07T06:52:04.6719489+10:00" endTime="2025-08-07T06:52:04.6883675+10:00" testType="13cdc9d9-ddb5-4fa4-a97d-d965ccfc6d4b" outcome="Passed" testListId="8c84fa94-04c1-424b-9868-57a2d4851a1d" relativeResultsDirectory="b8e23f59-ced1-44fb-ba8a-390b6d51d87e" />
    <UnitTestResult executionId="40f15ba6-587b-48d0-ae3c-a908972b2304" testId="4f93daf7-84b3-9d34-5118-229086ebd5eb" testName="GetActivityDetails_ActivityNotFound_ReturnsNotFound" computerName="AARONPC" duration="00:00:00.0147830" startTime="2025-08-07T06:52:04.6103361+10:00" endTime="2025-08-07T06:52:04.6251188+10:00" testType="13cdc9d9-ddb5-4fa4-a97d-d965ccfc6d4b" outcome="Passed" testListId="8c84fa94-04c1-424b-9868-57a2d4851a1d" relativeResultsDirectory="40f15ba6-587b-48d0-ae3c-a908972b2304" />
    <UnitTestResult executionId="59cbfab8-cd70-4fc4-9977-37117e8f06e2" testId="f489861a-1e37-857d-680e-dde9156f6f55" testName="ProcessPingNotificationAsync_EmptyPayload_StoresSuccessfully" computerName="AARONPC" duration="00:00:00.0648420" startTime="2025-08-07T06:52:09.0845740+10:00" endTime="2025-08-07T06:52:09.1494155+10:00" testType="13cdc9d9-ddb5-4fa4-a97d-d965ccfc6d4b" outcome="Passed" testListId="8c84fa94-04c1-424b-9868-57a2d4851a1d" relativeResultsDirectory="59cbfab8-cd70-4fc4-9977-37117e8f06e2" />
    <UnitTestResult executionId="4736af35-2b70-4d3d-baab-073d3cfadd73" testId="fc102990-27f4-9e18-b428-ef6bb9921312" testName="JoinChallenge_NonExistentChallenge_ReturnsNotFound" computerName="AARONPC" duration="00:00:00.0017760" startTime="2025-08-07T06:52:04.5503149+10:00" endTime="2025-08-07T06:52:04.5520915+10:00" testType="13cdc9d9-ddb5-4fa4-a97d-d965ccfc6d4b" outcome="Passed" testListId="8c84fa94-04c1-424b-9868-57a2d4851a1d" relativeResultsDirectory="4736af35-2b70-4d3d-baab-073d3cfadd73" />
    <UnitTestResult executionId="9a95a5c3-70ad-4677-9dcb-37f7448b831b" testId="8770f760-ee58-93a4-49e3-4ffc3fff78c8" testName="Login_InvalidModelState_ReturnsBadRequest" computerName="AARONPC" duration="00:00:00.0009950" startTime="2025-08-07T06:52:03.4199474+10:00" endTime="2025-08-07T06:52:03.4209420+10:00" testType="13cdc9d9-ddb5-4fa4-a97d-d965ccfc6d4b" outcome="Passed" testListId="8c84fa94-04c1-424b-9868-57a2d4851a1d" relativeResultsDirectory="9a95a5c3-70ad-4677-9dcb-37f7448b831b" />
    <UnitTestResult executionId="ecb92052-4dc9-4ca4-ae65-15412c6c198d" testId="240f9ce5-f5de-9123-f399-124175798b2c" testName="UpdateProfile_UserNotFound_ReturnsNotFound" computerName="AARONPC" duration="00:00:00.0010690" startTime="2025-08-07T06:52:03.3902968+10:00" endTime="2025-08-07T06:52:03.3913659+10:00" testType="13cdc9d9-ddb5-4fa4-a97d-d965ccfc6d4b" outcome="Passed" testListId="8c84fa94-04c1-424b-9868-57a2d4851a1d" relativeResultsDirectory="ecb92052-4dc9-4ca4-ae65-15412c6c198d" />
    <UnitTestResult executionId="93a9b13d-7f4d-4c1f-8b2a-3f2cb13343b1" testId="bb1226df-7f3c-c57f-18c2-e271691b795d" testName="CreateChallenge_NonExistentUser_ReturnsUnauthorized" computerName="AARONPC" duration="00:00:00.0023960" startTime="2025-08-07T06:52:04.2487149+10:00" endTime="2025-08-07T06:52:04.2511109+10:00" testType="13cdc9d9-ddb5-4fa4-a97d-d965ccfc6d4b" outcome="Passed" testListId="8c84fa94-04c1-424b-9868-57a2d4851a1d" relativeResultsDirectory="93a9b13d-7f4d-4c1f-8b2a-3f2cb13343b1" />
    <UnitTestResult executionId="521eec3e-28db-4ee5-8c69-b0e145c89e0e" testId="dd7d8267-e126-e51d-412d-5b0b837cf92f" testName="HandlePingWebhook_ServiceThrows_StillReturnsOk" computerName="AARONPC" duration="00:00:00.0081560" startTime="2025-08-07T06:52:04.7213661+10:00" endTime="2025-08-07T06:52:04.7295215+10:00" testType="13cdc9d9-ddb5-4fa4-a97d-d965ccfc6d4b" outcome="Passed" testListId="8c84fa94-04c1-424b-9868-57a2d4851a1d" relativeResultsDirectory="521eec3e-28db-4ee5-8c69-b0e145c89e0e" />
    <UnitTestResult executionId="011f1659-ee03-4a60-82ed-7f40de3db178" testId="17fa3ddf-af7c-2440-a131-c753a2338e14" testName="SendChallengeActivityNotificationAsync_CorrectUnitForChallengeType" computerName="AARONPC" duration="00:00:00.4542150" startTime="2025-08-07T06:52:09.2273835+10:00" endTime="2025-08-07T06:52:09.6815980+10:00" testType="13cdc9d9-ddb5-4fa4-a97d-d965ccfc6d4b" outcome="Passed" testListId="8c84fa94-04c1-424b-9868-57a2d4851a1d" relativeResultsDirectory="011f1659-ee03-4a60-82ed-7f40de3db178" />
    <UnitTestResult executionId="07c5c51e-b339-4d78-a369-b9587e773f61" testId="c1665b67-bf38-3062-7980-1f8794e3034d" testName="ProcessFailedPayloads_ServiceThrows_ReturnsInternalServerError" computerName="AARONPC" duration="00:00:00.0010210" startTime="2025-08-07T06:52:04.7458282+10:00" endTime="2025-08-07T06:52:04.7468494+10:00" testType="13cdc9d9-ddb5-4fa4-a97d-d965ccfc6d4b" outcome="Passed" testListId="8c84fa94-04c1-424b-9868-57a2d4851a1d" relativeResultsDirectory="07c5c51e-b339-4d78-a369-b9587e773f61" />
    <UnitTestResult executionId="6ad5a736-b740-41c0-86a3-485c4f46fb41" testId="2870ec36-7b3a-cc72-fa65-03804e385bab" testName="ProcessPingNotificationAsync_WebhookTypeParsing_CorrectlyParsesTypes(&quot;activityDetails&quot;,ActivityDetails)" computerName="AARONPC" duration="00:00:00.0003310" startTime="2025-08-07T06:52:09.2260277+10:00" endTime="2025-08-07T06:52:09.2263585+10:00" testType="13cdc9d9-ddb5-4fa4-a97d-d965ccfc6d4b" outcome="Passed" testListId="8c84fa94-04c1-424b-9868-57a2d4851a1d" relativeResultsDirectory="6ad5a736-b740-41c0-86a3-485c4f46fb41" />
    <UnitTestResult executionId="aefe4ca9-dd5a-4bbd-bb97-a7855ed38afa" testId="5fb417c2-2a88-ca27-05f5-87beb69c359c" testName="ForgotPassword_NonExistentEmail_ReturnsOkWithGenericMessage" computerName="AARONPC" duration="00:00:00.0078650" startTime="2025-08-07T06:52:03.3948013+10:00" endTime="2025-08-07T06:52:03.4026664+10:00" testType="13cdc9d9-ddb5-4fa4-a97d-d965ccfc6d4b" outcome="Passed" testListId="8c84fa94-04c1-424b-9868-57a2d4851a1d" relativeResultsDirectory="aefe4ca9-dd5a-4bbd-bb97-a7855ed38afa" />
  </Results>
  <TestDefinitions>
    <UnitTest name="JoinChallenge_InactiveChallenge_ReturnsBadRequest" storage="c:\projects\challenge\backend.tests\bin\debug\net8.0\backend.tests.dll" id="8b0d788d-725b-034a-8a49-fc09becd3283">
      <Execution id="87d14bf5-9a9a-41ef-88aa-6086ffb05abb" />
      <TestMethod codeBase="C:\Projects\challenge\backend.Tests\bin\Debug\net8.0\backend.Tests.dll" adapterTypeName="executor://nunit3testexecutor/" className="backend.Tests.Controllers.ChallengeControllerTests" name="JoinChallenge_InactiveChallenge_ReturnsBadRequest" />
    </UnitTest>
    <UnitTest name="SeedAsync_WithEmptyDatabase_SeedsAllData" storage="c:\projects\challenge\backend.tests\bin\debug\net8.0\backend.tests.dll" id="fee9c6cb-516e-e7a0-412b-690e69b1b15d">
      <Execution id="d8210593-441e-4705-a36e-31e07a90063f" />
      <TestMethod codeBase="C:\Projects\challenge\backend.Tests\bin\Debug\net8.0\backend.Tests.dll" adapterTypeName="executor://nunit3testexecutor/" className="backend.Tests.Services.DatabaseSeederTests" name="SeedAsync_WithEmptyDatabase_SeedsAllData" />
    </UnitTest>
    <UnitTest name="ForgotPassword_NonExistentEmail_ReturnsOkWithGenericMessage" storage="c:\projects\challenge\backend.tests\bin\debug\net8.0\backend.tests.dll" id="5fb417c2-2a88-ca27-05f5-87beb69c359c">
      <Execution id="aefe4ca9-dd5a-4bbd-bb97-a7855ed38afa" />
      <TestMethod codeBase="C:\Projects\challenge\backend.Tests\bin\Debug\net8.0\backend.Tests.dll" adapterTypeName="executor://nunit3testexecutor/" className="backend.Tests.Controllers.AuthControllerTests+ForgotPasswordTests" name="ForgotPassword_NonExistentEmail_ReturnsOkWithGenericMessage" />
    </UnitTest>
    <UnitTest name="UpdateProfile_UserNotFound_ReturnsNotFound" storage="c:\projects\challenge\backend.tests\bin\debug\net8.0\backend.tests.dll" id="240f9ce5-f5de-9123-f399-124175798b2c">
      <Execution id="ecb92052-4dc9-4ca4-ae65-15412c6c198d" />
      <TestMethod codeBase="C:\Projects\challenge\backend.Tests\bin\Debug\net8.0\backend.Tests.dll" adapterTypeName="executor://nunit3testexecutor/" className="backend.Tests.Controllers.AuthControllerProtectedEndpointsTests+UpdateProfileTests" name="UpdateProfile_UserNotFound_ReturnsNotFound" />
    </UnitTest>
    <UnitTest name="HandlePushWebhook_LogsInformation" storage="c:\projects\challenge\backend.tests\bin\debug\net8.0\backend.tests.dll" id="202f6823-160e-13e6-51a0-af5b7fe84096">
      <Execution id="596abc7f-8cec-42eb-93a9-ed315f31c661" />
      <TestMethod codeBase="C:\Projects\challenge\backend.Tests\bin\Debug\net8.0\backend.Tests.dll" adapterTypeName="executor://nunit3testexecutor/" className="backend.Tests.Controllers.GarminWebhookControllerTests+HandlePushWebhookTests" name="HandlePushWebhook_LogsInformation" />
    </UnitTest>
    <UnitTest name="GetActivityDetailsAsync_ValidActivityAndUser_ReturnsActivity" storage="c:\projects\challenge\backend.tests\bin\debug\net8.0\backend.tests.dll" id="376f6215-0402-2003-58f1-f02c26f3a458">
      <Execution id="0a2b7e3b-0a58-4960-a2f5-ceba9a892c85" />
      <TestMethod codeBase="C:\Projects\challenge\backend.Tests\bin\Debug\net8.0\backend.Tests.dll" adapterTypeName="executor://nunit3testexecutor/" className="backend.Tests.Services.GarminActivityProcessingServiceTests+GetActivityDetailsAsyncTests" name="GetActivityDetailsAsync_ValidActivityAndUser_ReturnsActivity" />
    </UnitTest>
    <UnitTest name="SendChallengeActivityNotificationAsync_CorrectUnitForChallengeType" storage="c:\projects\challenge\backend.tests\bin\debug\net8.0\backend.tests.dll" id="17fa3ddf-af7c-2440-a131-c753a2338e14">
      <Execution id="011f1659-ee03-4a60-82ed-7f40de3db178" />
      <TestMethod codeBase="C:\Projects\challenge\backend.Tests\bin\Debug\net8.0\backend.Tests.dll" adapterTypeName="executor://nunit3testexecutor/" className="backend.Tests.Services.MockEmailServiceTests" name="SendChallengeActivityNotificationAsync_CorrectUnitForChallengeType" />
    </UnitTest>
    <UnitTest name="GetRandomQuoteAsync_WithEmptyDatabase_ReturnsNull" storage="c:\projects\challenge\backend.tests\bin\debug\net8.0\backend.tests.dll" id="438bc6fb-7ba4-3245-5cda-6dc5ebc1e9dd">
      <Execution id="b1b87119-114f-4912-ad3b-4f27cf9fc6b4" />
      <TestMethod codeBase="C:\Projects\challenge\backend.Tests\bin\Debug\net8.0\backend.Tests.dll" adapterTypeName="executor://nunit3testexecutor/" className="backend.Tests.Services.QuoteServiceTests" name="GetRandomQuoteAsync_WithEmptyDatabase_ReturnsNull" />
    </UnitTest>
    <UnitTest name="ProcessActivityForChallengesAsync_ValidActivity_UpdatesChallengeParticipants" storage="c:\projects\challenge\backend.tests\bin\debug\net8.0\backend.tests.dll" id="70a279aa-8443-c181-9156-d3babd3d29ea">
      <Execution id="ee0dc38a-e010-4fb7-af99-51d6e2209aea" />
      <TestMethod codeBase="C:\Projects\challenge\backend.Tests\bin\Debug\net8.0\backend.Tests.dll" adapterTypeName="executor://nunit3testexecutor/" className="backend.Tests.Services.GarminActivityProcessingServiceTests+ProcessActivityForChallengesAsyncTests" name="ProcessActivityForChallengesAsync_ValidActivity_UpdatesChallengeParticipants" />
    </UnitTest>
    <UnitTest name="SendChallengeActivityNotificationAsync_WithoutQuote_DoesNotIncludeQuoteInMessage" storage="c:\projects\challenge\backend.tests\bin\debug\net8.0\backend.tests.dll" id="b281040b-0a8a-eff0-c129-dfdcec2e4bbc">
      <Execution id="4fdbf095-d011-4984-a21a-18384722dfcb" />
      <TestMethod codeBase="C:\Projects\challenge\backend.Tests\bin\Debug\net8.0\backend.Tests.dll" adapterTypeName="executor://nunit3testexecutor/" className="backend.Tests.Services.MockEmailServiceTests" name="SendChallengeActivityNotificationAsync_WithoutQuote_DoesNotIncludeQuoteInMessage" />
    </UnitTest>
    <UnitTest name="Login_InvalidPassword_ReturnsBadRequest" storage="c:\projects\challenge\backend.tests\bin\debug\net8.0\backend.tests.dll" id="572628a7-3c81-a237-04e5-7c70c265a140">
      <Execution id="618b224e-7b56-4308-869a-7296b200b95b" />
      <TestMethod codeBase="C:\Projects\challenge\backend.Tests\bin\Debug\net8.0\backend.Tests.dll" adapterTypeName="executor://nunit3testexecutor/" className="backend.Tests.Controllers.AuthControllerTests+LoginTests" name="Login_InvalidPassword_ReturnsBadRequest" />
    </UnitTest>
    <UnitTest name="User_CreateUpdateSelect_ShouldWorkCorrectly" storage="c:\projects\challenge\backend.tests\bin\debug\net8.0\backend.tests.dll" id="0055c845-721c-a6a4-84da-0fe9d8e4cd22">
      <Execution id="c6948e04-50b6-4452-bca6-1f747989b440" />
      <TestMethod codeBase="C:\Projects\challenge\backend.Tests\bin\Debug\net8.0\backend.Tests.dll" adapterTypeName="executor://nunit3testexecutor/" className="backend.Tests.DatabaseIntegrationTests" name="User_CreateUpdateSelect_ShouldWorkCorrectly" />
    </UnitTest>
    <UnitTest name="GetCurrentUser_UnauthenticatedUser_ReturnsUnauthorized" storage="c:\projects\challenge\backend.tests\bin\debug\net8.0\backend.tests.dll" id="67fd3e16-b01f-2071-08ed-e99bb4c5b9d7">
      <Execution id="24550084-e8a6-478f-a3b6-e40c6e584f8c" />
      <TestMethod codeBase="C:\Projects\challenge\backend.Tests\bin\Debug\net8.0\backend.Tests.dll" adapterTypeName="executor://nunit3testexecutor/" className="backend.Tests.Controllers.AuthControllerProtectedEndpointsTests+GetCurrentUserTests" name="GetCurrentUser_UnauthenticatedUser_ReturnsUnauthorized" />
    </UnitTest>
    <UnitTest name="HandlePushWebhook_ProcessesAsynchronously_ReturnsImmediately" storage="c:\projects\challenge\backend.tests\bin\debug\net8.0\backend.tests.dll" id="00759227-dfb7-dd3d-7ae2-2989e0db2468">
      <Execution id="3af65cdf-5e78-48ed-a9fd-9d47323c8c59" />
      <TestMethod codeBase="C:\Projects\challenge\backend.Tests\bin\Debug\net8.0\backend.Tests.dll" adapterTypeName="executor://nunit3testexecutor/" className="backend.Tests.Controllers.GarminWebhookControllerTests+AsyncProcessingTests" name="HandlePushWebhook_ProcessesAsynchronously_ReturnsImmediately" />
    </UnitTest>
    <UnitTest name="UpdateProfile_InvalidModelState_ReturnsBadRequest" storage="c:\projects\challenge\backend.tests\bin\debug\net8.0\backend.tests.dll" id="8da0ba11-0a0b-93db-0f69-5ca8517c4ea6">
      <Execution id="46cfdb93-4e8e-473d-b73d-76d3f3e8daa2" />
      <TestMethod codeBase="C:\Projects\challenge\backend.Tests\bin\Debug\net8.0\backend.Tests.dll" adapterTypeName="executor://nunit3testexecutor/" className="backend.Tests.Controllers.AuthControllerProtectedEndpointsTests+UpdateProfileTests" name="UpdateProfile_InvalidModelState_ReturnsBadRequest" />
    </UnitTest>
    <UnitTest name="ChangePassword_UserNotFound_ReturnsNotFound" storage="c:\projects\challenge\backend.tests\bin\debug\net8.0\backend.tests.dll" id="f552e72a-2f71-279d-68b3-6657ff21e646">
      <Execution id="3006e55e-f97b-463c-8a26-2e0bfb2d207d" />
      <TestMethod codeBase="C:\Projects\challenge\backend.Tests\bin\Debug\net8.0\backend.Tests.dll" adapterTypeName="executor://nunit3testexecutor/" className="backend.Tests.Controllers.AuthControllerProtectedEndpointsTests+ChangePasswordTests" name="ChangePassword_UserNotFound_ReturnsNotFound" />
    </UnitTest>
    <UnitTest name="SeedAsync_CreatesParticipantsWithProgress" storage="c:\projects\challenge\backend.tests\bin\debug\net8.0\backend.tests.dll" id="41ee99b5-2513-11ee-0b29-50ad033d9d9d">
      <Execution id="402a7741-8f07-4c32-806d-0772e36c4d05" />
      <TestMethod codeBase="C:\Projects\challenge\backend.Tests\bin\Debug\net8.0\backend.Tests.dll" adapterTypeName="executor://nunit3testexecutor/" className="backend.Tests.Services.DatabaseSeederTests" name="SeedAsync_CreatesParticipantsWithProgress" />
    </UnitTest>
    <UnitTest name="GetAllQuotesAsync_ReturnsOnlyActiveQuotes" storage="c:\projects\challenge\backend.tests\bin\debug\net8.0\backend.tests.dll" id="1f20747a-1098-6ae1-1893-a9ac9b5617fd">
      <Execution id="4877368a-dd97-4d73-bdbf-e70a4eda57b0" />
      <TestMethod codeBase="C:\Projects\challenge\backend.Tests\bin\Debug\net8.0\backend.Tests.dll" adapterTypeName="executor://nunit3testexecutor/" className="backend.Tests.Services.QuoteServiceTests" name="GetAllQuotesAsync_ReturnsOnlyActiveQuotes" />
    </UnitTest>
    <UnitTest name="LogAsync_ShouldCreateLogFileAndWriteEntry" storage="c:\projects\challenge\backend.tests\bin\debug\net8.0\backend.tests.dll" id="75ef94ea-e37d-ceec-5b31-9273f4440662">
      <Execution id="0bea08e8-618c-4285-92eb-b6c83d74729c" />
      <TestMethod codeBase="C:\Projects\challenge\backend.Tests\bin\Debug\net8.0\backend.Tests.dll" adapterTypeName="executor://nunit3testexecutor/" className="backend.Tests.FileLoggingServiceTests" name="LogAsync_ShouldCreateLogFileAndWriteEntry" />
    </UnitTest>
    <UnitTest name="ChangePassword_UnauthenticatedUser_ReturnsUnauthorized" storage="c:\projects\challenge\backend.tests\bin\debug\net8.0\backend.tests.dll" id="e176cbc5-7b55-4e98-1602-16b09f89b3bf">
      <Execution id="8d79ef08-52e0-4a6c-91a9-896d197d6eef" />
      <TestMethod codeBase="C:\Projects\challenge\backend.Tests\bin\Debug\net8.0\backend.Tests.dll" adapterTypeName="executor://nunit3testexecutor/" className="backend.Tests.Controllers.AuthControllerProtectedEndpointsTests+ChangePasswordTests" name="ChangePassword_UnauthenticatedUser_ReturnsUnauthorized" />
    </UnitTest>
    <UnitTest name="SeedAsync_CreatesChallengesWithCorrectTypes" storage="c:\projects\challenge\backend.tests\bin\debug\net8.0\backend.tests.dll" id="a32b0183-4973-8245-5926-f01f5d07cf8d">
      <Execution id="af4bcbfc-9c97-4017-9062-5295714d2e33" />
      <TestMethod codeBase="C:\Projects\challenge\backend.Tests\bin\Debug\net8.0\backend.Tests.dll" adapterTypeName="executor://nunit3testexecutor/" className="backend.Tests.Services.DatabaseSeederTests" name="SeedAsync_CreatesChallengesWithCorrectTypes" />
    </UnitTest>
    <UnitTest name="GetQuoteByIdAsync_WithInvalidId_ReturnsNull" storage="c:\projects\challenge\backend.tests\bin\debug\net8.0\backend.tests.dll" id="3457a483-6561-5484-0704-dafa22ff9477">
      <Execution id="a14555a1-0dfc-45c7-afd3-4c5fc309c168" />
      <TestMethod codeBase="C:\Projects\challenge\backend.Tests\bin\Debug\net8.0\backend.Tests.dll" adapterTypeName="executor://nunit3testexecutor/" className="backend.Tests.Services.QuoteServiceTests" name="GetQuoteByIdAsync_WithInvalidId_ReturnsNull" />
    </UnitTest>
    <UnitTest name="GetChallenge_ExistingId_ReturnsChallenge" storage="c:\projects\challenge\backend.tests\bin\debug\net8.0\backend.tests.dll" id="298a1c02-bfaa-a253-ef85-c42be96129f1">
      <Execution id="d23b8bcd-3c9c-43ae-9351-db4c67f99a5b" />
      <TestMethod codeBase="C:\Projects\challenge\backend.Tests\bin\Debug\net8.0\backend.Tests.dll" adapterTypeName="executor://nunit3testexecutor/" className="backend.Tests.Controllers.ChallengeControllerTests" name="GetChallenge_ExistingId_ReturnsChallenge" />
    </UnitTest>
    <UnitTest name="SendChallengeActivityNotificationAsync_WithQuote_IncludesQuoteInHtmlAndText" storage="c:\projects\challenge\backend.tests\bin\debug\net8.0\backend.tests.dll" id="335dfc63-077c-92f4-4fa9-f41b5d0e923f">
      <Execution id="43f8c4a1-09e7-43a2-ba6a-91d48a12d107" />
      <TestMethod codeBase="C:\Projects\challenge\backend.Tests\bin\Debug\net8.0\backend.Tests.dll" adapterTypeName="executor://nunit3testexecutor/" className="backend.Tests.Services.AwsSesEmailServiceTests" name="SendChallengeActivityNotificationAsync_WithQuote_IncludesQuoteInHtmlAndText" />
    </UnitTest>
    <UnitTest name="GetActivityDetailsAsync_ActivityNotFound_ReturnsNull" storage="c:\projects\challenge\backend.tests\bin\debug\net8.0\backend.tests.dll" id="9cba949e-b932-77d1-d67c-e1bf5fd1de41">
      <Execution id="4b1ae4fd-c4e6-43d3-96c1-e2ac16d4861d" />
      <TestMethod codeBase="C:\Projects\challenge\backend.Tests\bin\Debug\net8.0\backend.Tests.dll" adapterTypeName="executor://nunit3testexecutor/" className="backend.Tests.Services.GarminActivityProcessingServiceTests+GetActivityDetailsAsyncTests" name="GetActivityDetailsAsync_ActivityNotFound_ReturnsNull" />
    </UnitTest>
    <UnitTest name="SeedAsync_WithExistingQuotes_SkipsQuoteSeeding" storage="c:\projects\challenge\backend.tests\bin\debug\net8.0\backend.tests.dll" id="f85edc94-602a-495c-481c-cffae7ad72b9">
      <Execution id="8ef10be4-2d2e-429d-a42b-724663833f27" />
      <TestMethod codeBase="C:\Projects\challenge\backend.Tests\bin\Debug\net8.0\backend.Tests.dll" adapterTypeName="executor://nunit3testexecutor/" className="backend.Tests.Services.DatabaseSeederTests" name="SeedAsync_WithExistingQuotes_SkipsQuoteSeeding" />
    </UnitTest>
    <UnitTest name="SeedAsync_CreatesReasonableActivityValues" storage="c:\projects\challenge\backend.tests\bin\debug\net8.0\backend.tests.dll" id="33b94283-d5e0-ae24-d516-b03bf2e27dc7">
      <Execution id="47ec1461-e21b-41a1-89cf-28bb2c2559e2" />
      <TestMethod codeBase="C:\Projects\challenge\backend.Tests\bin\Debug\net8.0\backend.Tests.dll" adapterTypeName="executor://nunit3testexecutor/" className="backend.Tests.Services.DatabaseSeederTests" name="SeedAsync_CreatesReasonableActivityValues" />
    </UnitTest>
    <UnitTest name="ProcessActivityForChallengesAsync_InactiveChallenges_DoesNotCreateEntries" storage="c:\projects\challenge\backend.tests\bin\debug\net8.0\backend.tests.dll" id="dfbbbe30-1790-4ca1-9740-3071b909e956">
      <Execution id="db716de1-29d0-44be-a45d-c10def93fa96" />
      <TestMethod codeBase="C:\Projects\challenge\backend.Tests\bin\Debug\net8.0\backend.Tests.dll" adapterTypeName="executor://nunit3testexecutor/" className="backend.Tests.Services.GarminActivityProcessingServiceTests+ProcessActivityForChallengesAsyncTests" name="ProcessActivityForChallengesAsync_InactiveChallenges_DoesNotCreateEntries" />
    </UnitTest>
    <UnitTest name="ResetPassword_InvalidToken_ReturnsBadRequest" storage="c:\projects\challenge\backend.tests\bin\debug\net8.0\backend.tests.dll" id="0455a22a-1e61-e305-87bc-ee6018bb82b3">
      <Execution id="69cb69fc-ebe2-44bd-ac6c-ba46a6d7ce09" />
      <TestMethod codeBase="C:\Projects\challenge\backend.Tests\bin\Debug\net8.0\backend.Tests.dll" adapterTypeName="executor://nunit3testexecutor/" className="backend.Tests.Controllers.AuthControllerTests+ResetPasswordTests" name="ResetPassword_InvalidToken_ReturnsBadRequest" />
    </UnitTest>
    <UnitTest name="UpdateProfile_UnauthenticatedUser_ReturnsUnauthorized" storage="c:\projects\challenge\backend.tests\bin\debug\net8.0\backend.tests.dll" id="59475cbb-25c2-7217-4120-20985edb0a90">
      <Execution id="95deb827-6f36-463d-b7b3-a7d4d7399494" />
      <TestMethod codeBase="C:\Projects\challenge\backend.Tests\bin\Debug\net8.0\backend.Tests.dll" adapterTypeName="executor://nunit3testexecutor/" className="backend.Tests.Controllers.AuthControllerProtectedEndpointsTests+UpdateProfileTests" name="UpdateProfile_UnauthenticatedUser_ReturnsUnauthorized" />
    </UnitTest>
    <UnitTest name="HandlePingWebhook_LogsInformation" storage="c:\projects\challenge\backend.tests\bin\debug\net8.0\backend.tests.dll" id="4017aca1-f53b-9659-18fe-2ca19eef41aa">
      <Execution id="91b314e7-ee90-4a9c-bb39-b6123f1a6685" />
      <TestMethod codeBase="C:\Projects\challenge\backend.Tests\bin\Debug\net8.0\backend.Tests.dll" adapterTypeName="executor://nunit3testexecutor/" className="backend.Tests.Controllers.GarminWebhookControllerTests+HandlePingWebhookTests" name="HandlePingWebhook_LogsInformation" />
    </UnitTest>
    <UnitTest name="GetRandomQuoteByCategoryAsync_WithCategoryQuotes_ReturnsQuoteFromCategory" storage="c:\projects\challenge\backend.tests\bin\debug\net8.0\backend.tests.dll" id="e291bc2e-ba3e-a446-d534-df489709cc39">
      <Execution id="58964413-597f-4ed0-9729-3d52f4c20a01" />
      <TestMethod codeBase="C:\Projects\challenge\backend.Tests\bin\Debug\net8.0\backend.Tests.dll" adapterTypeName="executor://nunit3testexecutor/" className="backend.Tests.Services.QuoteServiceTests" name="GetRandomQuoteByCategoryAsync_WithCategoryQuotes_ReturnsQuoteFromCategory" />
    </UnitTest>
    <UnitTest name="CreateChallenge_ValidRequest_CreatesChallenge" storage="c:\projects\challenge\backend.tests\bin\debug\net8.0\backend.tests.dll" id="de6304e6-d37d-0f94-bc09-a94c294b47fe">
      <Execution id="146cbef1-3cf0-46b2-9d75-0e8a4639cf73" />
      <TestMethod codeBase="C:\Projects\challenge\backend.Tests\bin\Debug\net8.0\backend.Tests.dll" adapterTypeName="executor://nunit3testexecutor/" className="backend.Tests.Controllers.ChallengeControllerTests" name="CreateChallenge_ValidRequest_CreatesChallenge" />
    </UnitTest>
    <UnitTest name="ProcessPushNotificationAsync_ValidGarminPayload_ParsesAndCreatesActivity" storage="c:\projects\challenge\backend.tests\bin\debug\net8.0\backend.tests.dll" id="1ee911bd-0e82-52fb-ef31-51fae8aba7c1">
      <Execution id="3e99587f-6cca-4f96-8d1f-196ce28d1480" />
      <TestMethod codeBase="C:\Projects\challenge\backend.Tests\bin\Debug\net8.0\backend.Tests.dll" adapterTypeName="executor://nunit3testexecutor/" className="backend.Tests.Services.GarminWebhookServiceTests+ProcessPushNotificationAsyncTests" name="ProcessPushNotificationAsync_ValidGarminPayload_ParsesAndCreatesActivity" />
    </UnitTest>
    <UnitTest name="ProcessPushNotificationAsync_DuplicateActivity_SkipsCreation" storage="c:\projects\challenge\backend.tests\bin\debug\net8.0\backend.tests.dll" id="5de5cfbf-2db5-f56d-aa9d-3331bb446cef">
      <Execution id="f3cbe3b6-21d0-4eac-9ab0-0c40d1c4a488" />
      <TestMethod codeBase="C:\Projects\challenge\backend.Tests\bin\Debug\net8.0\backend.Tests.dll" adapterTypeName="executor://nunit3testexecutor/" className="backend.Tests.Services.GarminWebhookServiceTests+ProcessPushNotificationAsyncTests" name="ProcessPushNotificationAsync_DuplicateActivity_SkipsCreation" />
    </UnitTest>
    <UnitTest name="ProcessStoredPayloadsAsync_UnprocessedPayloads_ProcessesThem" storage="c:\projects\challenge\backend.tests\bin\debug\net8.0\backend.tests.dll" id="00b46ff1-1e46-5daf-2453-bef32ac5b69f">
      <Execution id="a0a69e3e-b8ba-4b54-bb18-8f464aaa2c4a" />
      <TestMethod codeBase="C:\Projects\challenge\backend.Tests\bin\Debug\net8.0\backend.Tests.dll" adapterTypeName="executor://nunit3testexecutor/" className="backend.Tests.Services.GarminWebhookServiceTests+ProcessStoredPayloadsAsyncTests" name="ProcessStoredPayloadsAsync_UnprocessedPayloads_ProcessesThem" />
    </UnitTest>
    <UnitTest name="UpdateProfile_EmailAlreadyExists_ReturnsBadRequest" storage="c:\projects\challenge\backend.tests\bin\debug\net8.0\backend.tests.dll" id="3f190924-d812-11f6-af1c-3e4dac0aa28e">
      <Execution id="feea441a-0802-4f03-8833-5a73a0db5387" />
      <TestMethod codeBase="C:\Projects\challenge\backend.Tests\bin\Debug\net8.0\backend.Tests.dll" adapterTypeName="executor://nunit3testexecutor/" className="backend.Tests.Controllers.AuthControllerProtectedEndpointsTests+UpdateProfileTests" name="UpdateProfile_EmailAlreadyExists_ReturnsBadRequest" />
    </UnitTest>
    <UnitTest name="ProcessActivityForChallengesAsync_ActivityOutsideChallengeTimeRange_DoesNotCreateEntries" storage="c:\projects\challenge\backend.tests\bin\debug\net8.0\backend.tests.dll" id="06fca671-9455-a63f-b74a-2b2b024b52a7">
      <Execution id="44b4382f-80a1-4c86-b09a-6d5984a42bd4" />
      <TestMethod codeBase="C:\Projects\challenge\backend.Tests\bin\Debug\net8.0\backend.Tests.dll" adapterTypeName="executor://nunit3testexecutor/" className="backend.Tests.Services.GarminActivityProcessingServiceTests+ProcessActivityForChallengesAsyncTests" name="ProcessActivityForChallengesAsync_ActivityOutsideChallengeTimeRange_DoesNotCreateEntries" />
    </UnitTest>
    <UnitTest name="GetRandomQuoteAsync_WithNoActiveQuotes_ReturnsNull" storage="c:\projects\challenge\backend.tests\bin\debug\net8.0\backend.tests.dll" id="fe439f0b-1071-99fa-bec4-dd1af5020ada">
      <Execution id="f1772a35-1e75-41a2-bcfa-f5f0f12467d4" />
      <TestMethod codeBase="C:\Projects\challenge\backend.Tests\bin\Debug\net8.0\backend.Tests.dll" adapterTypeName="executor://nunit3testexecutor/" className="backend.Tests.Services.QuoteServiceTests" name="GetRandomQuoteAsync_WithNoActiveQuotes_ReturnsNull" />
    </UnitTest>
    <UnitTest name="GetUserActivities_LimitPageSize_EnforcesMaximum" storage="c:\projects\challenge\backend.tests\bin\debug\net8.0\backend.tests.dll" id="330502a0-ba7b-7016-413a-ba1cc5e5577d">
      <Execution id="57788869-67f7-4811-ad18-a75120edfa07" />
      <TestMethod codeBase="C:\Projects\challenge\backend.Tests\bin\Debug\net8.0\backend.Tests.dll" adapterTypeName="executor://nunit3testexecutor/" className="backend.Tests.Controllers.GarminActivitiesControllerTests+GetUserActivitiesTests" name="GetUserActivities_LimitPageSize_EnforcesMaximum" />
    </UnitTest>
    <UnitTest name="SeedAsync_WithExistingUsers_SkipsUserSeedingButStillSeedsQuotes" storage="c:\projects\challenge\backend.tests\bin\debug\net8.0\backend.tests.dll" id="bc5df467-06c4-954b-b527-d3b1800ebfab">
      <Execution id="c2e80902-9348-44e9-830a-fb97e5895d95" />
      <TestMethod codeBase="C:\Projects\challenge\backend.Tests\bin\Debug\net8.0\backend.Tests.dll" adapterTypeName="executor://nunit3testexecutor/" className="backend.Tests.Services.DatabaseSeederTests" name="SeedAsync_WithExistingUsers_SkipsUserSeedingButStillSeedsQuotes" />
    </UnitTest>
    <UnitTest name="GetCurrentUser_UserWithoutGarmin_ReturnsOkWithGarminConnectedFalse" storage="c:\projects\challenge\backend.tests\bin\debug\net8.0\backend.tests.dll" id="3bf852b6-87d5-bf5b-26df-2b92d1c20010">
      <Execution id="ecee48a7-d5ae-4477-9e78-fafa388a42c4" />
      <TestMethod codeBase="C:\Projects\challenge\backend.Tests\bin\Debug\net8.0\backend.Tests.dll" adapterTypeName="executor://nunit3testexecutor/" className="backend.Tests.Controllers.AuthControllerProtectedEndpointsTests+GetCurrentUserTests" name="GetCurrentUser_UserWithoutGarmin_ReturnsOkWithGarminConnectedFalse" />
    </UnitTest>
    <UnitTest name="ProcessPingNotificationAsync_WebhookTypeParsing_CorrectlyParsesTypes(&quot;activityDetails&quot;,ActivityDetails)" storage="c:\projects\challenge\backend.tests\bin\debug\net8.0\backend.tests.dll" id="2870ec36-7b3a-cc72-fa65-03804e385bab">
      <Execution id="6ad5a736-b740-41c0-86a3-485c4f46fb41" />
      <TestMethod codeBase="C:\Projects\challenge\backend.Tests\bin\Debug\net8.0\backend.Tests.dll" adapterTypeName="executor://nunit3testexecutor/" className="backend.Tests.Services.GarminWebhookServiceTests+WebhookTypeParsingTests" name="ProcessPingNotificationAsync_WebhookTypeParsing_CorrectlyParsesTypes(&quot;activityDetails&quot;,ActivityDetails)" />
    </UnitTest>
    <UnitTest name="ResetPassword_ValidToken_ReturnsOkAndUpdatesPassword" storage="c:\projects\challenge\backend.tests\bin\debug\net8.0\backend.tests.dll" id="fd4d9e24-2338-4409-0b4b-eef005af6181">
      <Execution id="594663dc-b5fc-4d30-a04b-a0a8afd2ad09" />
      <TestMethod codeBase="C:\Projects\challenge\backend.Tests\bin\Debug\net8.0\backend.Tests.dll" adapterTypeName="executor://nunit3testexecutor/" className="backend.Tests.Controllers.AuthControllerTests+ResetPasswordTests" name="ResetPassword_ValidToken_ReturnsOkAndUpdatesPassword" />
    </UnitTest>
    <UnitTest name="AddQuoteAsync_ValidQuote_AddsAndReturnsQuote" storage="c:\projects\challenge\backend.tests\bin\debug\net8.0\backend.tests.dll" id="78f41b5f-215d-de33-8f58-18806176fa10">
      <Execution id="598eaad0-be66-4426-9e05-6861118c2eff" />
      <TestMethod codeBase="C:\Projects\challenge\backend.Tests\bin\Debug\net8.0\backend.Tests.dll" adapterTypeName="executor://nunit3testexecutor/" className="backend.Tests.Services.QuoteServiceTests" name="AddQuoteAsync_ValidQuote_AddsAndReturnsQuote" />
    </UnitTest>
    <UnitTest name="GetCyclingActivitiesAsync_ValidDateRange_ReturnsCyclingActivities" storage="c:\projects\challenge\backend.tests\bin\debug\net8.0\backend.tests.dll" id="1f628725-be51-810d-cb23-0e0b8a4d9dc1">
      <Execution id="ea5d2dd1-4f33-456c-ba5a-d18d3e466abf" />
      <TestMethod codeBase="C:\Projects\challenge\backend.Tests\bin\Debug\net8.0\backend.Tests.dll" adapterTypeName="executor://nunit3testexecutor/" className="backend.Tests.Services.GarminActivityProcessingServiceTests+GetCyclingActivitiesAsyncTests" name="GetCyclingActivitiesAsync_ValidDateRange_ReturnsCyclingActivities" />
    </UnitTest>
    <UnitTest name="GetChallengeLeaderboard_NonExistentChallenge_ReturnsNotFound" storage="c:\projects\challenge\backend.tests\bin\debug\net8.0\backend.tests.dll" id="f4bc1cd0-508b-66ad-aa15-18437b284c8f">
      <Execution id="c68deed0-fd1f-4e8e-bae2-0f3fbfa29b04" />
      <TestMethod codeBase="C:\Projects\challenge\backend.Tests\bin\Debug\net8.0\backend.Tests.dll" adapterTypeName="executor://nunit3testexecutor/" className="backend.Tests.Controllers.ChallengeControllerTests" name="GetChallengeLeaderboard_NonExistentChallenge_ReturnsNotFound" />
    </UnitTest>
    <UnitTest name="SeedAsync_EnsuresDataConsistency" storage="c:\projects\challenge\backend.tests\bin\debug\net8.0\backend.tests.dll" id="517e44f1-9d68-7c03-bdab-1429e050e9c6">
      <Execution id="eea0f534-4654-41a3-8f78-c3d2ed498007" />
      <TestMethod codeBase="C:\Projects\challenge\backend.Tests\bin\Debug\net8.0\backend.Tests.dll" adapterTypeName="executor://nunit3testexecutor/" className="backend.Tests.Services.DatabaseSeederTests" name="SeedAsync_EnsuresDataConsistency" />
    </UnitTest>
    <UnitTest name="GetCyclingActivitiesAsync_FiltersCyclingTypes" storage="c:\projects\challenge\backend.tests\bin\debug\net8.0\backend.tests.dll" id="a5a9226f-e25d-9ccd-14d8-f7c93066cb90">
      <Execution id="e795b4de-0480-47fa-9728-45522daaae97" />
      <TestMethod codeBase="C:\Projects\challenge\backend.Tests\bin\Debug\net8.0\backend.Tests.dll" adapterTypeName="executor://nunit3testexecutor/" className="backend.Tests.Services.GarminActivityProcessingServiceTests+CyclingActivityFilteringTests" name="GetCyclingActivitiesAsync_FiltersCyclingTypes" />
    </UnitTest>
    <UnitTest name="GetCyclingActivitiesAsync_OrdersByStartTimeDescending" storage="c:\projects\challenge\backend.tests\bin\debug\net8.0\backend.tests.dll" id="266e4dab-a490-fc12-7332-8ac2b2bfad28">
      <Execution id="89bac04d-03c9-4334-a69e-33b79266f7e7" />
      <TestMethod codeBase="C:\Projects\challenge\backend.Tests\bin\Debug\net8.0\backend.Tests.dll" adapterTypeName="executor://nunit3testexecutor/" className="backend.Tests.Services.GarminActivityProcessingServiceTests+GetCyclingActivitiesAsyncTests" name="GetCyclingActivitiesAsync_OrdersByStartTimeDescending" />
    </UnitTest>
    <UnitTest name="ProcessPingNotificationAsync_EmptyPayload_StoresSuccessfully" storage="c:\projects\challenge\backend.tests\bin\debug\net8.0\backend.tests.dll" id="f489861a-1e37-857d-680e-dde9156f6f55">
      <Execution id="59cbfab8-cd70-4fc4-9977-37117e8f06e2" />
      <TestMethod codeBase="C:\Projects\challenge\backend.Tests\bin\Debug\net8.0\backend.Tests.dll" adapterTypeName="executor://nunit3testexecutor/" className="backend.Tests.Services.GarminWebhookServiceTests+ProcessPingNotificationAsyncTests" name="ProcessPingNotificationAsync_EmptyPayload_StoresSuccessfully" />
    </UnitTest>
    <UnitTest name="JoinChallenge_ActiveChallenge_JoinsSuccessfully" storage="c:\projects\challenge\backend.tests\bin\debug\net8.0\backend.tests.dll" id="afd26784-9efe-4bbd-e4d2-c83cf503e4b4">
      <Execution id="0ba85544-9847-49f9-adea-668ef4304c41" />
      <TestMethod codeBase="C:\Projects\challenge\backend.Tests\bin\Debug\net8.0\backend.Tests.dll" adapterTypeName="executor://nunit3testexecutor/" className="backend.Tests.Controllers.ChallengeControllerTests" name="JoinChallenge_ActiveChallenge_JoinsSuccessfully" />
    </UnitTest>
    <UnitTest name="GetUserActivitiesAsync_UserWithNoActivities_ReturnsEmpty" storage="c:\projects\challenge\backend.tests\bin\debug\net8.0\backend.tests.dll" id="64103bf0-e84a-3586-52d5-8a1d302d312d">
      <Execution id="e833bf81-6aac-4c94-8ce9-5e4f0e845c6e" />
      <TestMethod codeBase="C:\Projects\challenge\backend.Tests\bin\Debug\net8.0\backend.Tests.dll" adapterTypeName="executor://nunit3testexecutor/" className="backend.Tests.Services.GarminActivityProcessingServiceTests+GetUserActivitiesAsyncTests" name="GetUserActivitiesAsync_UserWithNoActivities_ReturnsEmpty" />
    </UnitTest>
    <UnitTest name="LogDebugAsync_ShouldWriteDebugLevelLog" storage="c:\projects\challenge\backend.tests\bin\debug\net8.0\backend.tests.dll" id="a3d4b4f6-5fa5-098f-1e58-bbbfd677ae46">
      <Execution id="701f3428-dce5-485f-8855-e8d10ed12a1a" />
      <TestMethod codeBase="C:\Projects\challenge\backend.Tests\bin\Debug\net8.0\backend.Tests.dll" adapterTypeName="executor://nunit3testexecutor/" className="backend.Tests.FileLoggingServiceTests" name="LogDebugAsync_ShouldWriteDebugLevelLog" />
    </UnitTest>
    <UnitTest name="GetActivityDetails_DateTimeSpecifiedAsUtc_ReturnsUtcDates" storage="c:\projects\challenge\backend.tests\bin\debug\net8.0\backend.tests.dll" id="b882fb9a-1d47-731e-184a-ae3c8676fca0">
      <Execution id="c9d071cd-6169-4f1b-afcb-bfe7ff20f961" />
      <TestMethod codeBase="C:\Projects\challenge\backend.Tests\bin\Debug\net8.0\backend.Tests.dll" adapterTypeName="executor://nunit3testexecutor/" className="backend.Tests.Controllers.GarminActivitiesControllerTests+GetActivityDetailsTests" name="GetActivityDetails_DateTimeSpecifiedAsUtc_ReturnsUtcDates" />
    </UnitTest>
    <UnitTest name="ProcessPingNotificationAsync_WebhookTypeParsing_CorrectlyParsesTypes(&quot;activities&quot;,Activities)" storage="c:\projects\challenge\backend.tests\bin\debug\net8.0\backend.tests.dll" id="6480860b-f6df-909e-d007-dbb283d95ed3">
      <Execution id="01f57244-5870-4071-a2f6-f14d5e20c08a" />
      <TestMethod codeBase="C:\Projects\challenge\backend.Tests\bin\Debug\net8.0\backend.Tests.dll" adapterTypeName="executor://nunit3testexecutor/" className="backend.Tests.Services.GarminWebhookServiceTests+WebhookTypeParsingTests" name="ProcessPingNotificationAsync_WebhookTypeParsing_CorrectlyParsesTypes(&quot;activities&quot;,Activities)" />
    </UnitTest>
    <UnitTest name="ProcessPushNotificationAsync_GarminPayload_ConvertsUnixTimestamp" storage="c:\projects\challenge\backend.tests\bin\debug\net8.0\backend.tests.dll" id="ec3d8045-cf9c-2034-93db-3e2746b8463c">
      <Execution id="251552f9-94d6-4683-9321-ce25fa94f7bd" />
      <TestMethod codeBase="C:\Projects\challenge\backend.Tests\bin\Debug\net8.0\backend.Tests.dll" adapterTypeName="executor://nunit3testexecutor/" className="backend.Tests.Services.GarminWebhookServiceTests+ProcessPushNotificationAsyncTests" name="ProcessPushNotificationAsync_GarminPayload_ConvertsUnixTimestamp" />
    </UnitTest>
    <UnitTest name="ProcessFailedPayloads_ValidRequest_ReturnsOkWithMessage" storage="c:\projects\challenge\backend.tests\bin\debug\net8.0\backend.tests.dll" id="8666a677-6b8f-3dd6-2410-851ce503c897">
      <Execution id="97a25a31-b10f-4f77-9093-a42aecb62823" />
      <TestMethod codeBase="C:\Projects\challenge\backend.Tests\bin\Debug\net8.0\backend.Tests.dll" adapterTypeName="executor://nunit3testexecutor/" className="backend.Tests.Controllers.GarminWebhookControllerTests+ProcessFailedPayloadsTests" name="ProcessFailedPayloads_ValidRequest_ReturnsOkWithMessage" />
    </UnitTest>
    <UnitTest name="ChangePassword_IncorrectCurrentPassword_ReturnsBadRequest" storage="c:\projects\challenge\backend.tests\bin\debug\net8.0\backend.tests.dll" id="89ad23a5-c8bd-6b93-b2fa-21033da5e160">
      <Execution id="eca85144-e775-429c-961f-c3fa3ed5674a" />
      <TestMethod codeBase="C:\Projects\challenge\backend.Tests\bin\Debug\net8.0\backend.Tests.dll" adapterTypeName="executor://nunit3testexecutor/" className="backend.Tests.Controllers.AuthControllerProtectedEndpointsTests+ChangePasswordTests" name="ChangePassword_IncorrectCurrentPassword_ReturnsBadRequest" />
    </UnitTest>
    <UnitTest name="ProcessPushNotificationAsync_MultipleActivitiesInPayload_ProcessesAll" storage="c:\projects\challenge\backend.tests\bin\debug\net8.0\backend.tests.dll" id="708e5108-631b-b34b-2c1e-b16e129323fb">
      <Execution id="86e10a7c-71ec-4c67-b01a-45cf1d5a2582" />
      <TestMethod codeBase="C:\Projects\challenge\backend.Tests\bin\Debug\net8.0\backend.Tests.dll" adapterTypeName="executor://nunit3testexecutor/" className="backend.Tests.Services.GarminWebhookServiceTests+ProcessPushNotificationAsyncTests" name="ProcessPushNotificationAsync_MultipleActivitiesInPayload_ProcessesAll" />
    </UnitTest>
    <UnitTest name="Register_InvalidModelState_ReturnsBadRequest" storage="c:\projects\challenge\backend.tests\bin\debug\net8.0\backend.tests.dll" id="92f14051-730f-00e8-2535-88509245d207">
      <Execution id="e68aa10e-06c3-450c-95dc-694bed5d4f5f" />
      <TestMethod codeBase="C:\Projects\challenge\backend.Tests\bin\Debug\net8.0\backend.Tests.dll" adapterTypeName="executor://nunit3testexecutor/" className="backend.Tests.Controllers.AuthControllerTests+RegisterTests" name="Register_InvalidModelState_ReturnsBadRequest" />
    </UnitTest>
    <UnitTest name="LogAsync_WithNullCategory_ShouldUseGeneralCategory" storage="c:\projects\challenge\backend.tests\bin\debug\net8.0\backend.tests.dll" id="9841e87b-3e88-9c2c-ee46-dfac5daf1d9f">
      <Execution id="c7dac3b8-2e0b-42f2-8164-c92ff56254ba" />
      <TestMethod codeBase="C:\Projects\challenge\backend.Tests\bin\Debug\net8.0\backend.Tests.dll" adapterTypeName="executor://nunit3testexecutor/" className="backend.Tests.FileLoggingServiceTests" name="LogAsync_WithNullCategory_ShouldUseGeneralCategory" />
    </UnitTest>
    <UnitTest name="GetUserActivities_ValidRequest_ReturnsOkWithActivities" storage="c:\projects\challenge\backend.tests\bin\debug\net8.0\backend.tests.dll" id="1b42e1f9-9657-9318-abd1-d3dcc8a93e31">
      <Execution id="9b5da24e-5b6d-403f-b49c-0359b095f028" />
      <TestMethod codeBase="C:\Projects\challenge\backend.Tests\bin\Debug\net8.0\backend.Tests.dll" adapterTypeName="executor://nunit3testexecutor/" className="backend.Tests.Controllers.GarminActivitiesControllerTests+GetUserActivitiesTests" name="GetUserActivities_ValidRequest_ReturnsOkWithActivities" />
    </UnitTest>
    <UnitTest name="GetCyclingActivities_ServiceThrows_ReturnsInternalServerError" storage="c:\projects\challenge\backend.tests\bin\debug\net8.0\backend.tests.dll" id="6e5ac343-bba9-794b-1041-7cbb13c032e5">
      <Execution id="a8594e14-e5b3-49a7-a4f9-4d2b42426f42" />
      <TestMethod codeBase="C:\Projects\challenge\backend.Tests\bin\Debug\net8.0\backend.Tests.dll" adapterTypeName="executor://nunit3testexecutor/" className="backend.Tests.Controllers.GarminActivitiesControllerTests+GetCyclingActivitiesTests" name="GetCyclingActivities_ServiceThrows_ReturnsInternalServerError" />
    </UnitTest>
    <UnitTest name="GetActivityDetails_ServiceThrows_ReturnsInternalServerError" storage="c:\projects\challenge\backend.tests\bin\debug\net8.0\backend.tests.dll" id="e7cb2af5-31dc-f2ba-c87a-b3a2c9022f83">
      <Execution id="660bc5fd-259c-44a2-bf9b-fb022bcf3983" />
      <TestMethod codeBase="C:\Projects\challenge\backend.Tests\bin\Debug\net8.0\backend.Tests.dll" adapterTypeName="executor://nunit3testexecutor/" className="backend.Tests.Controllers.GarminActivitiesControllerTests+GetActivityDetailsTests" name="GetActivityDetails_ServiceThrows_ReturnsInternalServerError" />
    </UnitTest>
    <UnitTest name="HandlePushWebhook_ServiceThrows_StillReturnsOk" storage="c:\projects\challenge\backend.tests\bin\debug\net8.0\backend.tests.dll" id="4b0d7915-fd7b-3787-f344-308178498439">
      <Execution id="b79ee7ea-6688-40c7-a07b-26ef8bd145c1" />
      <TestMethod codeBase="C:\Projects\challenge\backend.Tests\bin\Debug\net8.0\backend.Tests.dll" adapterTypeName="executor://nunit3testexecutor/" className="backend.Tests.Controllers.GarminWebhookControllerTests+HandlePushWebhookTests" name="HandlePushWebhook_ServiceThrows_StillReturnsOk" />
    </UnitTest>
    <UnitTest name="ProcessStoredPayloadsAsync_AlreadyProcessedPayloads_SkipsThem" storage="c:\projects\challenge\backend.tests\bin\debug\net8.0\backend.tests.dll" id="f776d68c-9094-be8a-7e92-1f0c6305c154">
      <Execution id="3a4ab5bb-c7f1-4757-be3b-2aa11e795c43" />
      <TestMethod codeBase="C:\Projects\challenge\backend.Tests\bin\Debug\net8.0\backend.Tests.dll" adapterTypeName="executor://nunit3testexecutor/" className="backend.Tests.Services.GarminWebhookServiceTests+ProcessStoredPayloadsAsyncTests" name="ProcessStoredPayloadsAsync_AlreadyProcessedPayloads_SkipsThem" />
    </UnitTest>
    <UnitTest name="GetCyclingActivities_ValidRequest_ReturnsOkWithActivities" storage="c:\projects\challenge\backend.tests\bin\debug\net8.0\backend.tests.dll" id="f134bb13-06ce-78a8-226a-bad996a6b0d0">
      <Execution id="370cd681-51a7-4f64-ab8d-3cb3c8843d1a" />
      <TestMethod codeBase="C:\Projects\challenge\backend.Tests\bin\Debug\net8.0\backend.Tests.dll" adapterTypeName="executor://nunit3testexecutor/" className="backend.Tests.Controllers.GarminActivitiesControllerTests+GetCyclingActivitiesTests" name="GetCyclingActivities_ValidRequest_ReturnsOkWithActivities" />
    </UnitTest>
    <UnitTest name="GetCurrentUser_InvalidUserId_ReturnsUnauthorized" storage="c:\projects\challenge\backend.tests\bin\debug\net8.0\backend.tests.dll" id="28f60d05-40e5-3ca7-7432-244f2fbb2f3f">
      <Execution id="cd389696-4ef3-48ea-944a-682d675ec6cd" />
      <TestMethod codeBase="C:\Projects\challenge\backend.Tests\bin\Debug\net8.0\backend.Tests.dll" adapterTypeName="executor://nunit3testexecutor/" className="backend.Tests.Controllers.AuthControllerProtectedEndpointsTests+GetCurrentUserTests" name="GetCurrentUser_InvalidUserId_ReturnsUnauthorized" />
    </UnitTest>
    <UnitTest name="ProcessPushNotificationAsync_ActivityWithCalories_StoresCalorieData" storage="c:\projects\challenge\backend.tests\bin\debug\net8.0\backend.tests.dll" id="4df21e97-0c66-08e2-7592-6fd76c0c4387">
      <Execution id="0e5b67ec-60cf-4504-94d8-77c580baad59" />
      <TestMethod codeBase="C:\Projects\challenge\backend.Tests\bin\Debug\net8.0\backend.Tests.dll" adapterTypeName="executor://nunit3testexecutor/" className="backend.Tests.Services.GarminWebhookServiceTests+ProcessPushNotificationAsyncTests" name="ProcessPushNotificationAsync_ActivityWithCalories_StoresCalorieData" />
    </UnitTest>
    <UnitTest name="SeedAsync_SeedsQuotesWithCorrectCategories" storage="c:\projects\challenge\backend.tests\bin\debug\net8.0\backend.tests.dll" id="09c4b52c-a9b6-9eb6-bebc-c495e73d95ec">
      <Execution id="b6f4573b-ec1d-45c1-96b8-7eff737da3be" />
      <TestMethod codeBase="C:\Projects\challenge\backend.Tests\bin\Debug\net8.0\backend.Tests.dll" adapterTypeName="executor://nunit3testexecutor/" className="backend.Tests.Services.DatabaseSeederTests" name="SeedAsync_SeedsQuotesWithCorrectCategories" />
    </UnitTest>
    <UnitTest name="ProcessActivityForChallengesAsync_DuplicateProcessing_DoesNotCreateDuplicates" storage="c:\projects\challenge\backend.tests\bin\debug\net8.0\backend.tests.dll" id="0b3c763d-d627-3b19-00a7-3686b5c55fde">
      <Execution id="a3e85f85-cc35-46a5-ace7-7117dc42e300" />
      <TestMethod codeBase="C:\Projects\challenge\backend.Tests\bin\Debug\net8.0\backend.Tests.dll" adapterTypeName="executor://nunit3testexecutor/" className="backend.Tests.Services.GarminActivityProcessingServiceTests+ProcessActivityForChallengesAsyncTests" name="ProcessActivityForChallengesAsync_DuplicateProcessing_DoesNotCreateDuplicates" />
    </UnitTest>
    <UnitTest name="GetCyclingActivities_NoDatesProvided_UsesDefaults" storage="c:\projects\challenge\backend.tests\bin\debug\net8.0\backend.tests.dll" id="b92d16d0-e69f-0c76-bfee-74bab063bae5">
      <Execution id="31afdf42-0309-4cae-b6be-342acd5a7014" />
      <TestMethod codeBase="C:\Projects\challenge\backend.Tests\bin\Debug\net8.0\backend.Tests.dll" adapterTypeName="executor://nunit3testexecutor/" className="backend.Tests.Controllers.GarminActivitiesControllerTests+GetCyclingActivitiesTests" name="GetCyclingActivities_NoDatesProvided_UsesDefaults" />
    </UnitTest>
    <UnitTest name="SendChallengeActivityNotificationAsync_WithoutQuote_DoesNotIncludeQuoteSection" storage="c:\projects\challenge\backend.tests\bin\debug\net8.0\backend.tests.dll" id="d0a36944-bb0a-7e82-d867-49c6edff8bff">
      <Execution id="fe932e9a-2472-4c43-96c7-9705f627e6d0" />
      <TestMethod codeBase="C:\Projects\challenge\backend.Tests\bin\Debug\net8.0\backend.Tests.dll" adapterTypeName="executor://nunit3testexecutor/" className="backend.Tests.Services.AwsSesEmailServiceTests" name="SendChallengeActivityNotificationAsync_WithoutQuote_DoesNotIncludeQuoteSection" />
    </UnitTest>
    <UnitTest name="GetChallengeActivities_ValidChallenge_ReturnsActivities" storage="c:\projects\challenge\backend.tests\bin\debug\net8.0\backend.tests.dll" id="fbe1966f-eab4-78ed-c90e-d04508ac4940">
      <Execution id="3a43ef7b-29e9-4bbc-b410-6e067d6e8eed" />
      <TestMethod codeBase="C:\Projects\challenge\backend.Tests\bin\Debug\net8.0\backend.Tests.dll" adapterTypeName="executor://nunit3testexecutor/" className="backend.Tests.Controllers.ChallengeControllerTests" name="GetChallengeActivities_ValidChallenge_ReturnsActivities" />
    </UnitTest>
    <UnitTest name="CreateChallenge_InvalidDates_ReturnsBadRequest" storage="c:\projects\challenge\backend.tests\bin\debug\net8.0\backend.tests.dll" id="eaaeda62-2f32-1a7f-c946-471bd368401b">
      <Execution id="5e54e621-4e5f-46fd-9212-329f4bbd7476" />
      <TestMethod codeBase="C:\Projects\challenge\backend.Tests\bin\Debug\net8.0\backend.Tests.dll" adapterTypeName="executor://nunit3testexecutor/" className="backend.Tests.Controllers.ChallengeControllerTests" name="CreateChallenge_InvalidDates_ReturnsBadRequest" />
    </UnitTest>
    <UnitTest name="GetRandomQuoteByCategoryAsync_WithNonExistentCategory_ReturnsNull" storage="c:\projects\challenge\backend.tests\bin\debug\net8.0\backend.tests.dll" id="82989c11-daf8-1e3d-b196-ee0f7ea08d54">
      <Execution id="6ae3a4c7-ba58-4026-ad4e-27e8373dcafe" />
      <TestMethod codeBase="C:\Projects\challenge\backend.Tests\bin\Debug\net8.0\backend.Tests.dll" adapterTypeName="executor://nunit3testexecutor/" className="backend.Tests.Services.QuoteServiceTests" name="GetRandomQuoteByCategoryAsync_WithNonExistentCategory_ReturnsNull" />
    </UnitTest>
    <UnitTest name="GetActivityDetails_ValidRequest_ReturnsOkWithActivity" storage="c:\projects\challenge\backend.tests\bin\debug\net8.0\backend.tests.dll" id="47ba7bb3-1d81-790c-62c6-4b7a120ff82e">
      <Execution id="c780c428-aec5-4259-8afa-9c5480cd4914" />
      <TestMethod codeBase="C:\Projects\challenge\backend.Tests\bin\Debug\net8.0\backend.Tests.dll" adapterTypeName="executor://nunit3testexecutor/" className="backend.Tests.Controllers.GarminActivitiesControllerTests+GetActivityDetailsTests" name="GetActivityDetails_ValidRequest_ReturnsOkWithActivity" />
    </UnitTest>
    <UnitTest name="FetchActivitiesForUserAsync_Should_Handle_Missing_Token_Gracefully" storage="c:\projects\challenge\backend.tests\bin\debug\net8.0\backend.tests.dll" id="c4b35477-64f0-dc3e-2722-e3cbe783f5d1">
      <Execution id="acad142f-fda6-4fed-a224-be667e64c116" />
      <TestMethod codeBase="C:\Projects\challenge\backend.Tests\bin\Debug\net8.0\backend.Tests.dll" adapterTypeName="executor://nunit3testexecutor/" className="backend.Tests.Services.GarminDailyActivityFetchServiceTests" name="FetchActivitiesForUserAsync_Should_Handle_Missing_Token_Gracefully" />
    </UnitTest>
    <UnitTest name="LogWarningAsync_ShouldWriteWarningLevelLog" storage="c:\projects\challenge\backend.tests\bin\debug\net8.0\backend.tests.dll" id="3006cb6d-6073-5ea6-a87c-8f161557a41f">
      <Execution id="b5614261-e8c1-40be-8715-5995808e3def" />
      <TestMethod codeBase="C:\Projects\challenge\backend.Tests\bin\Debug\net8.0\backend.Tests.dll" adapterTypeName="executor://nunit3testexecutor/" className="backend.Tests.FileLoggingServiceTests" name="LogWarningAsync_ShouldWriteWarningLevelLog" />
    </UnitTest>
    <UnitTest name="SendChallengeActivityNotificationAsync_QuoteServiceThrows_ContinuesWithoutQuote" storage="c:\projects\challenge\backend.tests\bin\debug\net8.0\backend.tests.dll" id="841c6bfb-1e32-e52b-5937-f143fb419373">
      <Execution id="9c1cb28b-bf89-44ee-9ab7-e592083ae4b4" />
      <TestMethod codeBase="C:\Projects\challenge\backend.Tests\bin\Debug\net8.0\backend.Tests.dll" adapterTypeName="executor://nunit3testexecutor/" className="backend.Tests.Services.AwsSesEmailServiceTests" name="SendChallengeActivityNotificationAsync_QuoteServiceThrows_ContinuesWithoutQuote" />
    </UnitTest>
    <UnitTest name="Register_DuplicateUsername_ReturnsBadRequest" storage="c:\projects\challenge\backend.tests\bin\debug\net8.0\backend.tests.dll" id="2c5f5d5e-7d52-1828-90f2-0a8cf49ae227">
      <Execution id="0dfc5aad-b7e7-4393-9f0d-2322407d6c75" />
      <TestMethod codeBase="C:\Projects\challenge\backend.Tests\bin\Debug\net8.0\backend.Tests.dll" adapterTypeName="executor://nunit3testexecutor/" className="backend.Tests.Controllers.AuthControllerTests+RegisterTests" name="Register_DuplicateUsername_ReturnsBadRequest" />
    </UnitTest>
    <UnitTest name="DeleteChallenge_OwnChallenge_DeletesChallenge" storage="c:\projects\challenge\backend.tests\bin\debug\net8.0\backend.tests.dll" id="eae0f949-1726-e33a-6031-d62a7bfffc19">
      <Execution id="ab63a652-ba6d-4d5d-be4a-0e7fff1b0b93" />
      <TestMethod codeBase="C:\Projects\challenge\backend.Tests\bin\Debug\net8.0\backend.Tests.dll" adapterTypeName="executor://nunit3testexecutor/" className="backend.Tests.Controllers.ChallengeControllerTests" name="DeleteChallenge_OwnChallenge_DeletesChallenge" />
    </UnitTest>
    <UnitTest name="Login_InvalidEmail_ReturnsBadRequest" storage="c:\projects\challenge\backend.tests\bin\debug\net8.0\backend.tests.dll" id="1ef1aed1-fbb8-1208-86af-55cab5585827">
      <Execution id="cb0b3601-b05b-4b89-bc5d-ee23f98bfc17" />
      <TestMethod codeBase="C:\Projects\challenge\backend.Tests\bin\Debug\net8.0\backend.Tests.dll" adapterTypeName="executor://nunit3testexecutor/" className="backend.Tests.Controllers.AuthControllerTests+LoginTests" name="Login_InvalidEmail_ReturnsBadRequest" />
    </UnitTest>
    <UnitTest name="FetchActivitiesForAllUsersAsync_Should_Complete_Without_Exception" storage="c:\projects\challenge\backend.tests\bin\debug\net8.0\backend.tests.dll" id="00cde241-92dc-89a9-837a-5e95303de411">
      <Execution id="584015a2-7a9a-4e1e-966e-9aee6657a5d4" />
      <TestMethod codeBase="C:\Projects\challenge\backend.Tests\bin\Debug\net8.0\backend.Tests.dll" adapterTypeName="executor://nunit3testexecutor/" className="backend.Tests.Services.GarminDailyActivityFetchServiceTests" name="FetchActivitiesForAllUsersAsync_Should_Complete_Without_Exception" />
    </UnitTest>
    <UnitTest name="SendEmailAsync_LogsEmailDetails" storage="c:\projects\challenge\backend.tests\bin\debug\net8.0\backend.tests.dll" id="a819a2c9-4b2e-c4bb-822e-4d9d7e1d9673">
      <Execution id="ecfd4666-1370-4450-8150-cdc285969e17" />
      <TestMethod codeBase="C:\Projects\challenge\backend.Tests\bin\Debug\net8.0\backend.Tests.dll" adapterTypeName="executor://nunit3testexecutor/" className="backend.Tests.Services.MockEmailServiceTests" name="SendEmailAsync_LogsEmailDetails" />
    </UnitTest>
    <UnitTest name="GetChallengeActivities_NonExistentChallenge_ReturnsNotFound" storage="c:\projects\challenge\backend.tests\bin\debug\net8.0\backend.tests.dll" id="120ab547-c71f-2889-15df-eaaf94450307">
      <Execution id="6fae9ff0-44dd-48f5-84c7-fb613651d9d1" />
      <TestMethod codeBase="C:\Projects\challenge\backend.Tests\bin\Debug\net8.0\backend.Tests.dll" adapterTypeName="executor://nunit3testexecutor/" className="backend.Tests.Controllers.ChallengeControllerTests" name="GetChallengeActivities_NonExistentChallenge_ReturnsNotFound" />
    </UnitTest>
    <UnitTest name="HandlePingWebhook_EmptyPayload_ProcessesSuccessfully" storage="c:\projects\challenge\backend.tests\bin\debug\net8.0\backend.tests.dll" id="487b3b54-3b36-b79a-f969-91731f555565">
      <Execution id="d37475f8-e47f-4be2-9cfa-e2b04f9349c1" />
      <TestMethod codeBase="C:\Projects\challenge\backend.Tests\bin\Debug\net8.0\backend.Tests.dll" adapterTypeName="executor://nunit3testexecutor/" className="backend.Tests.Controllers.GarminWebhookControllerTests+HandlePingWebhookTests" name="HandlePingWebhook_EmptyPayload_ProcessesSuccessfully" />
    </UnitTest>
    <UnitTest name="GetUserActivities_ServiceThrows_ReturnsInternalServerError" storage="c:\projects\challenge\backend.tests\bin\debug\net8.0\backend.tests.dll" id="ff74a453-e635-728f-59a9-934041c4c2a4">
      <Execution id="0be8a204-a373-4205-9b58-d31e008911c0" />
      <TestMethod codeBase="C:\Projects\challenge\backend.Tests\bin\Debug\net8.0\backend.Tests.dll" adapterTypeName="executor://nunit3testexecutor/" className="backend.Tests.Controllers.GarminActivitiesControllerTests+GetUserActivitiesTests" name="GetUserActivities_ServiceThrows_ReturnsInternalServerError" />
    </UnitTest>
    <UnitTest name="ProcessActivityForChallengesAsync_ActivityNotFound_LogsWarning" storage="c:\projects\challenge\backend.tests\bin\debug\net8.0\backend.tests.dll" id="06080393-49c6-c5cd-a264-57ef069bec82">
      <Execution id="e9baa9b7-8f8a-41aa-b2b0-1af2669615ce" />
      <TestMethod codeBase="C:\Projects\challenge\backend.Tests\bin\Debug\net8.0\backend.Tests.dll" adapterTypeName="executor://nunit3testexecutor/" className="backend.Tests.Services.GarminActivityProcessingServiceTests+ProcessActivityForChallengesAsyncTests" name="ProcessActivityForChallengesAsync_ActivityNotFound_LogsWarning" />
    </UnitTest>
    <UnitTest name="LogInfoAsync_ShouldWriteInfoLevelLog" storage="c:\projects\challenge\backend.tests\bin\debug\net8.0\backend.tests.dll" id="a5650eeb-a7c0-0ac2-11f1-9d7b14895e36">
      <Execution id="50e571fe-3050-44aa-a1d7-3628350ac3ea" />
      <TestMethod codeBase="C:\Projects\challenge\backend.Tests\bin\Debug\net8.0\backend.Tests.dll" adapterTypeName="executor://nunit3testexecutor/" className="backend.Tests.FileLoggingServiceTests" name="LogInfoAsync_ShouldWriteInfoLevelLog" />
    </UnitTest>
    <UnitTest name="ProcessPingNotificationAsync_InvalidWebhookType_StoresAsUnknown" storage="c:\projects\challenge\backend.tests\bin\debug\net8.0\backend.tests.dll" id="839a28c0-2427-b013-2d55-b93f3d57e8af">
      <Execution id="ac6959bf-a781-4b82-ba85-7b98c9df6c62" />
      <TestMethod codeBase="C:\Projects\challenge\backend.Tests\bin\Debug\net8.0\backend.Tests.dll" adapterTypeName="executor://nunit3testexecutor/" className="backend.Tests.Services.GarminWebhookServiceTests+ProcessPingNotificationAsyncTests" name="ProcessPingNotificationAsync_InvalidWebhookType_StoresAsUnknown" />
    </UnitTest>
    <UnitTest name="Service_Should_Be_Created_Successfully" storage="c:\projects\challenge\backend.tests\bin\debug\net8.0\backend.tests.dll" id="0bc6f156-1136-39b8-e4cc-e157008fa760">
      <Execution id="44859945-648a-4586-ad4a-2418dcbf7da8" />
      <TestMethod codeBase="C:\Projects\challenge\backend.Tests\bin\Debug\net8.0\backend.Tests.dll" adapterTypeName="executor://nunit3testexecutor/" className="backend.Tests.Services.GarminDailyActivityFetchServiceTests" name="Service_Should_Be_Created_Successfully" />
    </UnitTest>
    <UnitTest name="GetUserActivitiesAsync_PageBeyondAvailable_ReturnsEmpty" storage="c:\projects\challenge\backend.tests\bin\debug\net8.0\backend.tests.dll" id="1cf32386-121e-f310-252c-0da710acc85f">
      <Execution id="da5e47b3-111f-4a7b-ab55-c6c523e10336" />
      <TestMethod codeBase="C:\Projects\challenge\backend.Tests\bin\Debug\net8.0\backend.Tests.dll" adapterTypeName="executor://nunit3testexecutor/" className="backend.Tests.Services.GarminActivityProcessingServiceTests+GetUserActivitiesAsyncTests" name="GetUserActivitiesAsync_PageBeyondAvailable_ReturnsEmpty" />
    </UnitTest>
    <UnitTest name="UpdateQuoteAsync_InvalidId_ReturnsNull" storage="c:\projects\challenge\backend.tests\bin\debug\net8.0\backend.tests.dll" id="e965a18a-c9bd-9226-aa0f-9f196185bf35">
      <Execution id="b2495c06-c676-4e97-bee5-9f9887c23725" />
      <TestMethod codeBase="C:\Projects\challenge\backend.Tests\bin\Debug\net8.0\backend.Tests.dll" adapterTypeName="executor://nunit3testexecutor/" className="backend.Tests.Services.QuoteServiceTests" name="UpdateQuoteAsync_InvalidId_ReturnsNull" />
    </UnitTest>
    <UnitTest name="UpdateChallenge_OwnChallenge_UpdatesChallenge" storage="c:\projects\challenge\backend.tests\bin\debug\net8.0\backend.tests.dll" id="2a118045-eb0b-c132-394f-ba833e81e650">
      <Execution id="ae057583-b0d2-49ec-8b1e-b86b46089bc1" />
      <TestMethod codeBase="C:\Projects\challenge\backend.Tests\bin\Debug\net8.0\backend.Tests.dll" adapterTypeName="executor://nunit3testexecutor/" className="backend.Tests.Controllers.ChallengeControllerTests" name="UpdateChallenge_OwnChallenge_UpdatesChallenge" />
    </UnitTest>
    <UnitTest name="LogAsync_ShouldCreateValidJsonEntries" storage="c:\projects\challenge\backend.tests\bin\debug\net8.0\backend.tests.dll" id="3a882b4a-30f4-d742-fc32-3f6a8fcbdb42">
      <Execution id="d621d49c-3a5f-465e-8f95-075a9d297050" />
      <TestMethod codeBase="C:\Projects\challenge\backend.Tests\bin\Debug\net8.0\backend.Tests.dll" adapterTypeName="executor://nunit3testexecutor/" className="backend.Tests.FileLoggingServiceTests" name="LogAsync_ShouldCreateValidJsonEntries" />
    </UnitTest>
    <UnitTest name="GetChallengeLeaderboard_ValidChallenge_ReturnsLeaderboard" storage="c:\projects\challenge\backend.tests\bin\debug\net8.0\backend.tests.dll" id="3673c468-d525-d1b4-545f-6977dc9d6407">
      <Execution id="68be2f28-7853-4c56-8eb6-2171d8edf0e6" />
      <TestMethod codeBase="C:\Projects\challenge\backend.Tests\bin\Debug\net8.0\backend.Tests.dll" adapterTypeName="executor://nunit3testexecutor/" className="backend.Tests.Controllers.ChallengeControllerTests" name="GetChallengeLeaderboard_ValidChallenge_ReturnsLeaderboard" />
    </UnitTest>
    <UnitTest name="ProcessPingNotificationAsync_WebhookTypeParsing_CorrectlyParsesTypes(&quot;Activities&quot;,Activities)" storage="c:\projects\challenge\backend.tests\bin\debug\net8.0\backend.tests.dll" id="d62a0860-d14e-db83-ba4d-2679af8c99cc">
      <Execution id="e09caf3d-dd93-4c3b-b834-8edb0e704e85" />
      <TestMethod codeBase="C:\Projects\challenge\backend.Tests\bin\Debug\net8.0\backend.Tests.dll" adapterTypeName="executor://nunit3testexecutor/" className="backend.Tests.Services.GarminWebhookServiceTests+WebhookTypeParsingTests" name="ProcessPingNotificationAsync_WebhookTypeParsing_CorrectlyParsesTypes(&quot;Activities&quot;,Activities)" />
    </UnitTest>
    <UnitTest name="HandlePingWebhook_ProcessesAsynchronously_ReturnsImmediately" storage="c:\projects\challenge\backend.tests\bin\debug\net8.0\backend.tests.dll" id="ceafd98c-37b4-afcd-05e6-33b036661a26">
      <Execution id="b8e23f59-ced1-44fb-ba8a-390b6d51d87e" />
      <TestMethod codeBase="C:\Projects\challenge\backend.Tests\bin\Debug\net8.0\backend.Tests.dll" adapterTypeName="executor://nunit3testexecutor/" className="backend.Tests.Controllers.GarminWebhookControllerTests+AsyncProcessingTests" name="HandlePingWebhook_ProcessesAsynchronously_ReturnsImmediately" />
    </UnitTest>
    <UnitTest name="DeleteChallenge_NonExistentChallenge_ReturnsNotFound" storage="c:\projects\challenge\backend.tests\bin\debug\net8.0\backend.tests.dll" id="86e46335-9a58-6186-ccc1-37a274c9e7d0">
      <Execution id="c1bdb753-05ed-4aa6-9cb9-57f551a0047b" />
      <TestMethod codeBase="C:\Projects\challenge\backend.Tests\bin\Debug\net8.0\backend.Tests.dll" adapterTypeName="executor://nunit3testexecutor/" className="backend.Tests.Controllers.ChallengeControllerTests" name="DeleteChallenge_NonExistentChallenge_ReturnsNotFound" />
    </UnitTest>
    <UnitTest name="GetUserActivitiesAsync_OrdersByStartTimeDescending" storage="c:\projects\challenge\backend.tests\bin\debug\net8.0\backend.tests.dll" id="f3cc9c80-5068-0fdb-8c84-34aa9a1211c6">
      <Execution id="dd7c43a5-9aab-401e-a66f-645dcc674f9a" />
      <TestMethod codeBase="C:\Projects\challenge\backend.Tests\bin\Debug\net8.0\backend.Tests.dll" adapterTypeName="executor://nunit3testexecutor/" className="backend.Tests.Services.GarminActivityProcessingServiceTests+GetUserActivitiesAsyncTests" name="GetUserActivitiesAsync_OrdersByStartTimeDescending" />
    </UnitTest>
    <UnitTest name="UpdateQuoteAsync_ValidId_UpdatesAndReturnsQuote" storage="c:\projects\challenge\backend.tests\bin\debug\net8.0\backend.tests.dll" id="4b60d07c-48d7-5f9e-8053-817217716fc7">
      <Execution id="78c62eab-7272-4d24-8dd9-08e3b2650b8b" />
      <TestMethod codeBase="C:\Projects\challenge\backend.Tests\bin\Debug\net8.0\backend.Tests.dll" adapterTypeName="executor://nunit3testexecutor/" className="backend.Tests.Services.QuoteServiceTests" name="UpdateQuoteAsync_ValidId_UpdatesAndReturnsQuote" />
    </UnitTest>
    <UnitTest name="ProcessPushNotificationAsync_UserNotFound_LogsWarningAndStoresPayload" storage="c:\projects\challenge\backend.tests\bin\debug\net8.0\backend.tests.dll" id="6ebd5ad1-6577-df15-d125-70bdd499e462">
      <Execution id="bc6bf34c-5b3c-4b05-ae4a-2ccf38aec143" />
      <TestMethod codeBase="C:\Projects\challenge\backend.Tests\bin\Debug\net8.0\backend.Tests.dll" adapterTypeName="executor://nunit3testexecutor/" className="backend.Tests.Services.GarminWebhookServiceTests+ProcessPushNotificationAsyncTests" name="ProcessPushNotificationAsync_UserNotFound_LogsWarningAndStoresPayload" />
    </UnitTest>
    <UnitTest name="SeedQuotesAsync_WithExistingQuotes_SkipsSeedingAndReturnsZero" storage="c:\projects\challenge\backend.tests\bin\debug\net8.0\backend.tests.dll" id="660b4435-d1f5-afde-bc4c-3d554e7e06f6">
      <Execution id="f74402a7-baa9-4c85-9cb7-1d482b0f16f8" />
      <TestMethod codeBase="C:\Projects\challenge\backend.Tests\bin\Debug\net8.0\backend.Tests.dll" adapterTypeName="executor://nunit3testexecutor/" className="backend.Tests.Services.QuoteServiceTests" name="SeedQuotesAsync_WithExistingQuotes_SkipsSeedingAndReturnsZero" />
    </UnitTest>
    <UnitTest name="SeedAsync_CreatesUsersWithCorrectData" storage="c:\projects\challenge\backend.tests\bin\debug\net8.0\backend.tests.dll" id="10d1a958-be26-8e7c-5e9f-60e1a613c29e">
      <Execution id="0b69a6da-f25b-48a1-a267-6380f183fe99" />
      <TestMethod codeBase="C:\Projects\challenge\backend.Tests\bin\Debug\net8.0\backend.Tests.dll" adapterTypeName="executor://nunit3testexecutor/" className="backend.Tests.Services.DatabaseSeederTests" name="SeedAsync_CreatesUsersWithCorrectData" />
    </UnitTest>
    <UnitTest name="JoinChallenge_NonExistentChallenge_ReturnsNotFound" storage="c:\projects\challenge\backend.tests\bin\debug\net8.0\backend.tests.dll" id="fc102990-27f4-9e18-b428-ef6bb9921312">
      <Execution id="4736af35-2b70-4d3d-baab-073d3cfadd73" />
      <TestMethod codeBase="C:\Projects\challenge\backend.Tests\bin\Debug\net8.0\backend.Tests.dll" adapterTypeName="executor://nunit3testexecutor/" className="backend.Tests.Controllers.ChallengeControllerTests" name="JoinChallenge_NonExistentChallenge_ReturnsNotFound" />
    </UnitTest>
    <UnitTest name="DeleteQuoteAsync_InvalidId_ReturnsFalse" storage="c:\projects\challenge\backend.tests\bin\debug\net8.0\backend.tests.dll" id="d1922786-238b-0d39-0b67-2b5e3f21feba">
      <Execution id="7c850a3d-e759-49b4-8137-99174231ba50" />
      <TestMethod codeBase="C:\Projects\challenge\backend.Tests\bin\Debug\net8.0\backend.Tests.dll" adapterTypeName="executor://nunit3testexecutor/" className="backend.Tests.Services.QuoteServiceTests" name="DeleteQuoteAsync_InvalidId_ReturnsFalse" />
    </UnitTest>
    <UnitTest name="LogAsync_ConcurrentCalls_ShouldHandleThreadSafety" storage="c:\projects\challenge\backend.tests\bin\debug\net8.0\backend.tests.dll" id="246abbcd-f121-7c85-7f94-733763e093ec">
      <Execution id="992718f3-a70d-4356-9246-2f6c7aa5522a" />
      <TestMethod codeBase="C:\Projects\challenge\backend.Tests\bin\Debug\net8.0\backend.Tests.dll" adapterTypeName="executor://nunit3testexecutor/" className="backend.Tests.FileLoggingServiceTests" name="LogAsync_ConcurrentCalls_ShouldHandleThreadSafety" />
    </UnitTest>
    <UnitTest name="GetActivityDetailsAsync_ActivityBelongsToOtherUser_ReturnsNull" storage="c:\projects\challenge\backend.tests\bin\debug\net8.0\backend.tests.dll" id="8484ebd3-1473-fec1-d139-fbd68b22a84d">
      <Execution id="ab581d7a-0a93-488f-83cc-9b89aa6fd794" />
      <TestMethod codeBase="C:\Projects\challenge\backend.Tests\bin\Debug\net8.0\backend.Tests.dll" adapterTypeName="executor://nunit3testexecutor/" className="backend.Tests.Services.GarminActivityProcessingServiceTests+GetActivityDetailsAsyncTests" name="GetActivityDetailsAsync_ActivityBelongsToOtherUser_ReturnsNull" />
    </UnitTest>
    <UnitTest name="Login_ValidCredentials_ReturnsOkWithAuthResponse" storage="c:\projects\challenge\backend.tests\bin\debug\net8.0\backend.tests.dll" id="2d05ab5f-34d2-2e4c-bf48-a4450524f4bc">
      <Execution id="b095ee3a-13bd-4aa6-9f70-7a857711cdd2" />
      <TestMethod codeBase="C:\Projects\challenge\backend.Tests\bin\Debug\net8.0\backend.Tests.dll" adapterTypeName="executor://nunit3testexecutor/" className="backend.Tests.Controllers.AuthControllerTests+LoginTests" name="Login_ValidCredentials_ReturnsOkWithAuthResponse" />
    </UnitTest>
    <UnitTest name="GetChallenge_NonExistentId_ReturnsNotFound" storage="c:\projects\challenge\backend.tests\bin\debug\net8.0\backend.tests.dll" id="277bc447-cac2-ed17-d25e-17adc2f21798">
      <Execution id="e7e4de38-78ff-4ccc-a9f3-0a0837b234f7" />
      <TestMethod codeBase="C:\Projects\challenge\backend.Tests\bin\Debug\net8.0\backend.Tests.dll" adapterTypeName="executor://nunit3testexecutor/" className="backend.Tests.Controllers.ChallengeControllerTests" name="GetChallenge_NonExistentId_ReturnsNotFound" />
    </UnitTest>
    <UnitTest name="ProcessPingNotificationAsync_WebhookTypeParsing_CorrectlyParsesTypes(&quot;unknown-type&quot;,Activities)" storage="c:\projects\challenge\backend.tests\bin\debug\net8.0\backend.tests.dll" id="6246439e-f98e-945e-7041-bea05d5279b8">
      <Execution id="e545d041-06d6-49eb-b85e-27e659f6650e" />
      <TestMethod codeBase="C:\Projects\challenge\backend.Tests\bin\Debug\net8.0\backend.Tests.dll" adapterTypeName="executor://nunit3testexecutor/" className="backend.Tests.Services.GarminWebhookServiceTests+WebhookTypeParsingTests" name="ProcessPingNotificationAsync_WebhookTypeParsing_CorrectlyParsesTypes(&quot;unknown-type&quot;,Activities)" />
    </UnitTest>
    <UnitTest name="GetActivityDetailsAsync_IncludesAllActivityDetails" storage="c:\projects\challenge\backend.tests\bin\debug\net8.0\backend.tests.dll" id="41385689-e55d-5bbd-d255-bb8e49f87102">
      <Execution id="86ed00f3-fea7-4c4f-870e-0d2b92a708f4" />
      <TestMethod codeBase="C:\Projects\challenge\backend.Tests\bin\Debug\net8.0\backend.Tests.dll" adapterTypeName="executor://nunit3testexecutor/" className="backend.Tests.Services.GarminActivityProcessingServiceTests+GetActivityDetailsAsyncTests" name="GetActivityDetailsAsync_IncludesAllActivityDetails" />
    </UnitTest>
    <UnitTest name="GetActivityDetails_ActivityNotFound_ReturnsNotFound" storage="c:\projects\challenge\backend.tests\bin\debug\net8.0\backend.tests.dll" id="4f93daf7-84b3-9d34-5118-229086ebd5eb">
      <Execution id="40f15ba6-587b-48d0-ae3c-a908972b2304" />
      <TestMethod codeBase="C:\Projects\challenge\backend.Tests\bin\Debug\net8.0\backend.Tests.dll" adapterTypeName="executor://nunit3testexecutor/" className="backend.Tests.Controllers.GarminActivitiesControllerTests+GetActivityDetailsTests" name="GetActivityDetails_ActivityNotFound_ReturnsNotFound" />
    </UnitTest>
    <UnitTest name="GetUserActivitiesAsync_WithPagination_ReturnsCorrectPage" storage="c:\projects\challenge\backend.tests\bin\debug\net8.0\backend.tests.dll" id="2674ddba-71a2-1c76-ce6c-9328458e0ce6">
      <Execution id="03cc1255-b748-40d6-b2e5-6ab5009662a0" />
      <TestMethod codeBase="C:\Projects\challenge\backend.Tests\bin\Debug\net8.0\backend.Tests.dll" adapterTypeName="executor://nunit3testexecutor/" className="backend.Tests.Services.GarminActivityProcessingServiceTests+GetUserActivitiesAsyncTests" name="GetUserActivitiesAsync_WithPagination_ReturnsCorrectPage" />
    </UnitTest>
    <UnitTest name="UpdateChallenge_InvalidDates_ReturnsBadRequest" storage="c:\projects\challenge\backend.tests\bin\debug\net8.0\backend.tests.dll" id="508fa381-652c-3b81-d7a7-78ddb8587420">
      <Execution id="8c0ac086-202d-44e0-a524-b01756fc40e1" />
      <TestMethod codeBase="C:\Projects\challenge\backend.Tests\bin\Debug\net8.0\backend.Tests.dll" adapterTypeName="executor://nunit3testexecutor/" className="backend.Tests.Controllers.ChallengeControllerTests" name="UpdateChallenge_InvalidDates_ReturnsBadRequest" />
    </UnitTest>
    <UnitTest name="ProcessPingNotificationAsync_WebhookTypeParsing_CorrectlyParsesTypes(&quot;ACTIVITIES&quot;,Activities)" storage="c:\projects\challenge\backend.tests\bin\debug\net8.0\backend.tests.dll" id="ee2107f1-c1d7-eb28-199c-abea244f2611">
      <Execution id="ad9042b6-d0f2-4a8a-aac0-49142598a22a" />
      <TestMethod codeBase="C:\Projects\challenge\backend.Tests\bin\Debug\net8.0\backend.Tests.dll" adapterTypeName="executor://nunit3testexecutor/" className="backend.Tests.Services.GarminWebhookServiceTests+WebhookTypeParsingTests" name="ProcessPingNotificationAsync_WebhookTypeParsing_CorrectlyParsesTypes(&quot;ACTIVITIES&quot;,Activities)" />
    </UnitTest>
    <UnitTest name="Register_DuplicateEmail_ReturnsBadRequest" storage="c:\projects\challenge\backend.tests\bin\debug\net8.0\backend.tests.dll" id="934bdbc7-9ff4-6111-7438-a40fedf729fa">
      <Execution id="4365efab-11ec-45b5-a619-a98fcd4adac5" />
      <TestMethod codeBase="C:\Projects\challenge\backend.Tests\bin\Debug\net8.0\backend.Tests.dll" adapterTypeName="executor://nunit3testexecutor/" className="backend.Tests.Controllers.AuthControllerTests+RegisterTests" name="Register_DuplicateEmail_ReturnsBadRequest" />
    </UnitTest>
    <UnitTest name="ProcessPushNotificationAsync_InvalidJsonPayload_LogsErrorAndStoresPayload" storage="c:\projects\challenge\backend.tests\bin\debug\net8.0\backend.tests.dll" id="f090676f-c1a4-3bab-a9ca-2fb9b3696c02">
      <Execution id="fe420c30-6f96-4992-b0ef-711c274b2087" />
      <TestMethod codeBase="C:\Projects\challenge\backend.Tests\bin\Debug\net8.0\backend.Tests.dll" adapterTypeName="executor://nunit3testexecutor/" className="backend.Tests.Services.GarminWebhookServiceTests+ProcessPushNotificationAsyncTests" name="ProcessPushNotificationAsync_InvalidJsonPayload_LogsErrorAndStoresPayload" />
    </UnitTest>
    <UnitTest name="LeaveChallenge_NotParticipating_ReturnsNotFound" storage="c:\projects\challenge\backend.tests\bin\debug\net8.0\backend.tests.dll" id="0d112815-5642-d718-2751-2080a19fbd02">
      <Execution id="73e95cdb-d9ba-4068-9462-cdfcbda069bc" />
      <TestMethod codeBase="C:\Projects\challenge\backend.Tests\bin\Debug\net8.0\backend.Tests.dll" adapterTypeName="executor://nunit3testexecutor/" className="backend.Tests.Controllers.ChallengeControllerTests" name="LeaveChallenge_NotParticipating_ReturnsNotFound" />
    </UnitTest>
    <UnitTest name="ForgotPassword_ValidEmail_ReturnsOkWithResetToken" storage="c:\projects\challenge\backend.tests\bin\debug\net8.0\backend.tests.dll" id="2f58f524-1e8d-4dbb-ef07-3d9a690ae512">
      <Execution id="7c41b8c0-6646-4569-8d06-76264beb8677" />
      <TestMethod codeBase="C:\Projects\challenge\backend.Tests\bin\Debug\net8.0\backend.Tests.dll" adapterTypeName="executor://nunit3testexecutor/" className="backend.Tests.Controllers.AuthControllerTests+ForgotPasswordTests" name="ForgotPassword_ValidEmail_ReturnsOkWithResetToken" />
    </UnitTest>
    <UnitTest name="GetCurrentUser_UserNotFound_ReturnsNotFound" storage="c:\projects\challenge\backend.tests\bin\debug\net8.0\backend.tests.dll" id="2fe1df65-2fd6-a432-e908-b709a13d2e75">
      <Execution id="8185d60d-0fbe-453a-83ee-78f7a14619cb" />
      <TestMethod codeBase="C:\Projects\challenge\backend.Tests\bin\Debug\net8.0\backend.Tests.dll" adapterTypeName="executor://nunit3testexecutor/" className="backend.Tests.Controllers.AuthControllerProtectedEndpointsTests+GetCurrentUserTests" name="GetCurrentUser_UserNotFound_ReturnsNotFound" />
    </UnitTest>
    <UnitTest name="LeaveChallenge_ParticipatingChallenge_LeavesSuccessfully" storage="c:\projects\challenge\backend.tests\bin\debug\net8.0\backend.tests.dll" id="cd27b258-f8ce-6342-0315-cb78d3f37112">
      <Execution id="01d65c82-e679-4f7b-b2fd-2deb9895622e" />
      <TestMethod codeBase="C:\Projects\challenge\backend.Tests\bin\Debug\net8.0\backend.Tests.dll" adapterTypeName="executor://nunit3testexecutor/" className="backend.Tests.Controllers.ChallengeControllerTests" name="LeaveChallenge_ParticipatingChallenge_LeavesSuccessfully" />
    </UnitTest>
    <UnitTest name="SeedQuotesAsync_WithEmptyDatabase_SeedsQuotesAndReturnsCount" storage="c:\projects\challenge\backend.tests\bin\debug\net8.0\backend.tests.dll" id="32fe7dda-4c13-9721-baee-bd4ccb768f2a">
      <Execution id="782debe2-f12e-4046-ae02-6b912261ebed" />
      <TestMethod codeBase="C:\Projects\challenge\backend.Tests\bin\Debug\net8.0\backend.Tests.dll" adapterTypeName="executor://nunit3testexecutor/" className="backend.Tests.Services.QuoteServiceTests" name="SeedQuotesAsync_WithEmptyDatabase_SeedsQuotesAndReturnsCount" />
    </UnitTest>
    <UnitTest name="ProcessFailedPayloads_ServiceThrows_LogsError" storage="c:\projects\challenge\backend.tests\bin\debug\net8.0\backend.tests.dll" id="0afd4d7c-6de1-a62e-72cf-a7e523220181">
      <Execution id="74abdf0f-440c-45d4-903a-1f2f6b646826" />
      <TestMethod codeBase="C:\Projects\challenge\backend.Tests\bin\Debug\net8.0\backend.Tests.dll" adapterTypeName="executor://nunit3testexecutor/" className="backend.Tests.Controllers.GarminWebhookControllerTests+ProcessFailedPayloadsTests" name="ProcessFailedPayloads_ServiceThrows_LogsError" />
    </UnitTest>
    <UnitTest name="ConcurrentAccess_MultipleQuoteRetrievals_DoesNotThrowConcurrencyException" storage="c:\projects\challenge\backend.tests\bin\debug\net8.0\backend.tests.dll" id="e7c08472-d1ac-6a57-0d2a-d60468e899c4">
      <Execution id="f89b54e9-974b-4da8-82d5-1de7f91dcd25" />
      <TestMethod codeBase="C:\Projects\challenge\backend.Tests\bin\Debug\net8.0\backend.Tests.dll" adapterTypeName="executor://nunit3testexecutor/" className="backend.Tests.Services.QuoteServiceTests" name="ConcurrentAccess_MultipleQuoteRetrievals_DoesNotThrowConcurrencyException" />
    </UnitTest>
    <UnitTest name="SeedAsync_UpdatesParticipantLastActivityDate" storage="c:\projects\challenge\backend.tests\bin\debug\net8.0\backend.tests.dll" id="4d9f36f7-76dc-432c-7869-a562cbc6b2ca">
      <Execution id="553f8991-9985-4a58-a340-aacfa8a9b12d" />
      <TestMethod codeBase="C:\Projects\challenge\backend.Tests\bin\Debug\net8.0\backend.Tests.dll" adapterTypeName="executor://nunit3testexecutor/" className="backend.Tests.Services.DatabaseSeederTests" name="SeedAsync_UpdatesParticipantLastActivityDate" />
    </UnitTest>
    <UnitTest name="ChangePassword_ValidRequest_ReturnsOkAndUpdatesPassword" storage="c:\projects\challenge\backend.tests\bin\debug\net8.0\backend.tests.dll" id="86bdda4d-3aff-3e9a-7b68-318bbea06f04">
      <Execution id="828b88b3-86c7-427f-9b7e-82b85f7c7bd6" />
      <TestMethod codeBase="C:\Projects\challenge\backend.Tests\bin\Debug\net8.0\backend.Tests.dll" adapterTypeName="executor://nunit3testexecutor/" className="backend.Tests.Controllers.AuthControllerProtectedEndpointsTests+ChangePasswordTests" name="ChangePassword_ValidRequest_ReturnsOkAndUpdatesPassword" />
    </UnitTest>
    <UnitTest name="JoinChallenge_AlreadyParticipating_ReturnsBadRequest" storage="c:\projects\challenge\backend.tests\bin\debug\net8.0\backend.tests.dll" id="1390554a-ed8e-5e5f-8dbf-3c67c7240873">
      <Execution id="b6254a5a-d009-458a-94c4-22fbb02ad18d" />
      <TestMethod codeBase="C:\Projects\challenge\backend.Tests\bin\Debug\net8.0\backend.Tests.dll" adapterTypeName="executor://nunit3testexecutor/" className="backend.Tests.Controllers.ChallengeControllerTests" name="JoinChallenge_AlreadyParticipating_ReturnsBadRequest" />
    </UnitTest>
    <UnitTest name="UpdateProfile_SameEmailAsCurrent_ReturnsOkAndUpdatesProfile" storage="c:\projects\challenge\backend.tests\bin\debug\net8.0\backend.tests.dll" id="9df6a81a-a774-6d32-6e4c-fc2eae1df174">
      <Execution id="e5b7f095-e46f-4097-82a0-f1dfdb5ae067" />
      <TestMethod codeBase="C:\Projects\challenge\backend.Tests\bin\Debug\net8.0\backend.Tests.dll" adapterTypeName="executor://nunit3testexecutor/" className="backend.Tests.Controllers.AuthControllerProtectedEndpointsTests+UpdateProfileTests" name="UpdateProfile_SameEmailAsCurrent_ReturnsOkAndUpdatesProfile" />
    </UnitTest>
    <UnitTest name="GetCyclingActivitiesAsync_IncludesBoundaryDates" storage="c:\projects\challenge\backend.tests\bin\debug\net8.0\backend.tests.dll" id="9c44b287-ad70-6df3-bc53-32bea8b7a68e">
      <Execution id="84475f0a-f73e-4d58-80b6-0d26929c62c5" />
      <TestMethod codeBase="C:\Projects\challenge\backend.Tests\bin\Debug\net8.0\backend.Tests.dll" adapterTypeName="executor://nunit3testexecutor/" className="backend.Tests.Services.GarminActivityProcessingServiceTests+GetCyclingActivitiesAsyncTests" name="GetCyclingActivitiesAsync_IncludesBoundaryDates" />
    </UnitTest>
    <UnitTest name="LogErrorAsync_ShouldWriteErrorLevelLogWithException" storage="c:\projects\challenge\backend.tests\bin\debug\net8.0\backend.tests.dll" id="0ca01259-7b3f-5235-0aa4-5c5634fe2363">
      <Execution id="1d1d136d-620a-473c-ac41-32e892137d66" />
      <TestMethod codeBase="C:\Projects\challenge\backend.Tests\bin\Debug\net8.0\backend.Tests.dll" adapterTypeName="executor://nunit3testexecutor/" className="backend.Tests.FileLoggingServiceTests" name="LogErrorAsync_ShouldWriteErrorLevelLogWithException" />
    </UnitTest>
    <UnitTest name="GetQuoteByIdAsync_WithValidId_ReturnsQuote" storage="c:\projects\challenge\backend.tests\bin\debug\net8.0\backend.tests.dll" id="bf1cd813-a88a-35d3-a5b2-45443e8f67b3">
      <Execution id="d633ac18-3d35-45e9-ac50-a5854fac5418" />
      <TestMethod codeBase="C:\Projects\challenge\backend.Tests\bin\Debug\net8.0\backend.Tests.dll" adapterTypeName="executor://nunit3testexecutor/" className="backend.Tests.Services.QuoteServiceTests" name="GetQuoteByIdAsync_WithValidId_ReturnsQuote" />
    </UnitTest>
    <UnitTest name="HandlePingWebhook_ValidRequest_ReturnsOk" storage="c:\projects\challenge\backend.tests\bin\debug\net8.0\backend.tests.dll" id="231ce0ef-278c-9935-2f67-c2ff07cd0fa9">
      <Execution id="d55f2463-b16e-439d-beea-fc90ee8eec6e" />
      <TestMethod codeBase="C:\Projects\challenge\backend.Tests\bin\Debug\net8.0\backend.Tests.dll" adapterTypeName="executor://nunit3testexecutor/" className="backend.Tests.Controllers.GarminWebhookControllerTests+HandlePingWebhookTests" name="HandlePingWebhook_ValidRequest_ReturnsOk" />
    </UnitTest>
    <UnitTest name="GetUserActivities_ActivityTypeAsString_ReturnsStringValue" storage="c:\projects\challenge\backend.tests\bin\debug\net8.0\backend.tests.dll" id="108b935d-130a-a3ae-2608-28f6f2b9c081">
      <Execution id="b7063fa4-0c77-4995-8fc0-6fe4d46c67c9" />
      <TestMethod codeBase="C:\Projects\challenge\backend.Tests\bin\Debug\net8.0\backend.Tests.dll" adapterTypeName="executor://nunit3testexecutor/" className="backend.Tests.Controllers.GarminActivitiesControllerTests+GetUserActivitiesTests" name="GetUserActivities_ActivityTypeAsString_ReturnsStringValue" />
    </UnitTest>
    <UnitTest name="UpdateProfile_ValidRequest_ReturnsOkAndUpdatesProfile" storage="c:\projects\challenge\backend.tests\bin\debug\net8.0\backend.tests.dll" id="55ef1d20-48b6-429f-330e-62da7c8f54cb">
      <Execution id="d71c70ec-e492-4126-93d9-4c4e1be24530" />
      <TestMethod codeBase="C:\Projects\challenge\backend.Tests\bin\Debug\net8.0\backend.Tests.dll" adapterTypeName="executor://nunit3testexecutor/" className="backend.Tests.Controllers.AuthControllerProtectedEndpointsTests+UpdateProfileTests" name="UpdateProfile_ValidRequest_ReturnsOkAndUpdatesProfile" />
    </UnitTest>
    <UnitTest name="UpdateChallenge_OtherUsersChallenge_ReturnsForbidden" storage="c:\projects\challenge\backend.tests\bin\debug\net8.0\backend.tests.dll" id="a65a142d-c303-2dce-4d8f-e96463137a5f">
      <Execution id="fdded6df-9033-4a39-b7dd-5c72a17b1286" />
      <TestMethod codeBase="C:\Projects\challenge\backend.Tests\bin\Debug\net8.0\backend.Tests.dll" adapterTypeName="executor://nunit3testexecutor/" className="backend.Tests.Controllers.ChallengeControllerTests" name="UpdateChallenge_OtherUsersChallenge_ReturnsForbidden" />
    </UnitTest>
    <UnitTest name="GetCurrentUser_AuthenticatedUser_ReturnsOkWithUserInfo" storage="c:\projects\challenge\backend.tests\bin\debug\net8.0\backend.tests.dll" id="650316aa-69d1-143f-9bc3-28ecb135f3c9">
      <Execution id="bd854de4-32dd-4449-9ea1-653043fc4ae2" />
      <TestMethod codeBase="C:\Projects\challenge\backend.Tests\bin\Debug\net8.0\backend.Tests.dll" adapterTypeName="executor://nunit3testexecutor/" className="backend.Tests.Controllers.AuthControllerProtectedEndpointsTests+GetCurrentUserTests" name="GetCurrentUser_AuthenticatedUser_ReturnsOkWithUserInfo" />
    </UnitTest>
    <UnitTest name="SeedQuotesAsync_VerifiesQuoteContent" storage="c:\projects\challenge\backend.tests\bin\debug\net8.0\backend.tests.dll" id="ffff8fe9-5231-8529-d979-001cb7db4e9f">
      <Execution id="92f1dc31-760b-4cd0-908e-8cb6758e468b" />
      <TestMethod codeBase="C:\Projects\challenge\backend.Tests\bin\Debug\net8.0\backend.Tests.dll" adapterTypeName="executor://nunit3testexecutor/" className="backend.Tests.Services.QuoteServiceTests" name="SeedQuotesAsync_VerifiesQuoteContent" />
    </UnitTest>
    <UnitTest name="DeleteQuoteAsync_ValidId_DeletesQuoteAndReturnsTrue" storage="c:\projects\challenge\backend.tests\bin\debug\net8.0\backend.tests.dll" id="9e8accd5-8451-2c9e-eb52-283eb35b01c8">
      <Execution id="4e177e7b-26af-403a-a0dc-efe113d52a04" />
      <TestMethod codeBase="C:\Projects\challenge\backend.Tests\bin\Debug\net8.0\backend.Tests.dll" adapterTypeName="executor://nunit3testexecutor/" className="backend.Tests.Services.QuoteServiceTests" name="DeleteQuoteAsync_ValidId_DeletesQuoteAndReturnsTrue" />
    </UnitTest>
    <UnitTest name="HandlePushWebhook_LargePayload_ProcessesSuccessfully" storage="c:\projects\challenge\backend.tests\bin\debug\net8.0\backend.tests.dll" id="e31db69a-a181-9ed0-7f12-aa104f5b4eb3">
      <Execution id="94b241ca-2342-4987-94fa-7ce533f0dc8a" />
      <TestMethod codeBase="C:\Projects\challenge\backend.Tests\bin\Debug\net8.0\backend.Tests.dll" adapterTypeName="executor://nunit3testexecutor/" className="backend.Tests.Controllers.GarminWebhookControllerTests+HandlePushWebhookTests" name="HandlePushWebhook_LargePayload_ProcessesSuccessfully" />
    </UnitTest>
    <UnitTest name="GetChallenges_ReturnsActiveChallenges" storage="c:\projects\challenge\backend.tests\bin\debug\net8.0\backend.tests.dll" id="28a4e347-ef2e-f615-6cb2-ebe3fac0abf9">
      <Execution id="9935b5c3-4998-46fd-bf10-531379d4c52c" />
      <TestMethod codeBase="C:\Projects\challenge\backend.Tests\bin\Debug\net8.0\backend.Tests.dll" adapterTypeName="executor://nunit3testexecutor/" className="backend.Tests.Controllers.ChallengeControllerTests" name="GetChallenges_ReturnsActiveChallenges" />
    </UnitTest>
    <UnitTest name="ProcessStoredPayloadsAsync_FailedPayload_MarksWithError" storage="c:\projects\challenge\backend.tests\bin\debug\net8.0\backend.tests.dll" id="9b2089a1-3c80-7ed4-6727-de2ffcdfaf50">
      <Execution id="9e967ed8-a9cd-4df3-a606-e62f43528519" />
      <TestMethod codeBase="C:\Projects\challenge\backend.Tests\bin\Debug\net8.0\backend.Tests.dll" adapterTypeName="executor://nunit3testexecutor/" className="backend.Tests.Services.GarminWebhookServiceTests+ProcessStoredPayloadsAsyncTests" name="ProcessStoredPayloadsAsync_FailedPayload_MarksWithError" />
    </UnitTest>
    <UnitTest name="SendChallengeActivityNotificationAsync_CorrectEmailStructure" storage="c:\projects\challenge\backend.tests\bin\debug\net8.0\backend.tests.dll" id="fb7a43b0-dd0b-d290-3cc0-e32f972ed8e4">
      <Execution id="cf9a2db0-ed1c-449f-a765-e9e8440a0aa6" />
      <TestMethod codeBase="C:\Projects\challenge\backend.Tests\bin\Debug\net8.0\backend.Tests.dll" adapterTypeName="executor://nunit3testexecutor/" className="backend.Tests.Services.AwsSesEmailServiceTests" name="SendChallengeActivityNotificationAsync_CorrectEmailStructure" />
    </UnitTest>
    <UnitTest name="GetRandomQuoteAsync_WithActiveQuotes_ReturnsRandomQuote" storage="c:\projects\challenge\backend.tests\bin\debug\net8.0\backend.tests.dll" id="2e6949b4-c1a3-253c-68a4-1a8118be8926">
      <Execution id="759b9bc2-0184-46cb-9d59-c63ab57932f7" />
      <TestMethod codeBase="C:\Projects\challenge\backend.Tests\bin\Debug\net8.0\backend.Tests.dll" adapterTypeName="executor://nunit3testexecutor/" className="backend.Tests.Services.QuoteServiceTests" name="GetRandomQuoteAsync_WithActiveQuotes_ReturnsRandomQuote" />
    </UnitTest>
    <UnitTest name="LogAsync_MultipleEntries_ShouldAppendToSameFile" storage="c:\projects\challenge\backend.tests\bin\debug\net8.0\backend.tests.dll" id="b37f114e-3818-b59d-6016-ef4b5ab75110">
      <Execution id="b64c36a6-bd93-4b68-8218-5e9f49df944c" />
      <TestMethod codeBase="C:\Projects\challenge\backend.Tests\bin\Debug\net8.0\backend.Tests.dll" adapterTypeName="executor://nunit3testexecutor/" className="backend.Tests.FileLoggingServiceTests" name="LogAsync_MultipleEntries_ShouldAppendToSameFile" />
    </UnitTest>
    <UnitTest name="HandlePushWebhook_ValidRequest_ReturnsOk" storage="c:\projects\challenge\backend.tests\bin\debug\net8.0\backend.tests.dll" id="f84de379-0c33-67a5-0e41-a8163db630ff">
      <Execution id="b8458bf3-f56e-425d-af39-d790f5398c13" />
      <TestMethod codeBase="C:\Projects\challenge\backend.Tests\bin\Debug\net8.0\backend.Tests.dll" adapterTypeName="executor://nunit3testexecutor/" className="backend.Tests.Controllers.GarminWebhookControllerTests+HandlePushWebhookTests" name="HandlePushWebhook_ValidRequest_ReturnsOk" />
    </UnitTest>
    <UnitTest name="ProcessPushNotificationAsync_GarminPayload_CalculatesElevationFromSamples" storage="c:\projects\challenge\backend.tests\bin\debug\net8.0\backend.tests.dll" id="c89b76ca-ecb2-ba5e-0d4b-1fd1c6ac3580">
      <Execution id="f8226767-f445-465b-a7ac-093fe3ce8c7d" />
      <TestMethod codeBase="C:\Projects\challenge\backend.Tests\bin\Debug\net8.0\backend.Tests.dll" adapterTypeName="executor://nunit3testexecutor/" className="backend.Tests.Services.GarminWebhookServiceTests+ProcessPushNotificationAsyncTests" name="ProcessPushNotificationAsync_GarminPayload_CalculatesElevationFromSamples" />
    </UnitTest>
    <UnitTest name="GetUserActivitiesAsync_DefaultPagination_ReturnsFirstPage" storage="c:\projects\challenge\backend.tests\bin\debug\net8.0\backend.tests.dll" id="9bb62597-77e1-780a-fd84-4d1901dd895c">
      <Execution id="b27c67a2-fc50-4706-956b-f6f70d2cabc9" />
      <TestMethod codeBase="C:\Projects\challenge\backend.Tests\bin\Debug\net8.0\backend.Tests.dll" adapterTypeName="executor://nunit3testexecutor/" className="backend.Tests.Services.GarminActivityProcessingServiceTests+GetUserActivitiesAsyncTests" name="GetUserActivitiesAsync_DefaultPagination_ReturnsFirstPage" />
    </UnitTest>
    <UnitTest name="GetCyclingActivitiesAsync_OnlyNonCyclingActivities_ReturnsEmpty" storage="c:\projects\challenge\backend.tests\bin\debug\net8.0\backend.tests.dll" id="2ff735b2-b004-5efc-95b0-f69745cb6c6a">
      <Execution id="3e8292c4-89f0-45d4-8717-72998f37d86d" />
      <TestMethod codeBase="C:\Projects\challenge\backend.Tests\bin\Debug\net8.0\backend.Tests.dll" adapterTypeName="executor://nunit3testexecutor/" className="backend.Tests.Services.GarminActivityProcessingServiceTests+GetCyclingActivitiesAsyncTests" name="GetCyclingActivitiesAsync_OnlyNonCyclingActivities_ReturnsEmpty" />
    </UnitTest>
    <UnitTest name="ProcessPingNotificationAsync_ValidPayload_StoresWebhookPayload" storage="c:\projects\challenge\backend.tests\bin\debug\net8.0\backend.tests.dll" id="ef7af7a2-ebc5-1ade-0b5d-3601b7889230">
      <Execution id="65ecc30e-fb41-4bd7-a59c-e37e31be5a58" />
      <TestMethod codeBase="C:\Projects\challenge\backend.Tests\bin\Debug\net8.0\backend.Tests.dll" adapterTypeName="executor://nunit3testexecutor/" className="backend.Tests.Services.GarminWebhookServiceTests+ProcessPingNotificationAsyncTests" name="ProcessPingNotificationAsync_ValidPayload_StoresWebhookPayload" />
    </UnitTest>
    <UnitTest name="SeedAsync_CreatesActivitiesWithVariedData" storage="c:\projects\challenge\backend.tests\bin\debug\net8.0\backend.tests.dll" id="1e48ccc1-5d73-020d-722e-8c297ed53f58">
      <Execution id="9b624f1a-660c-420b-b2a7-3fbb965b4ac9" />
      <TestMethod codeBase="C:\Projects\challenge\backend.Tests\bin\Debug\net8.0\backend.Tests.dll" adapterTypeName="executor://nunit3testexecutor/" className="backend.Tests.Services.DatabaseSeederTests" name="SeedAsync_CreatesActivitiesWithVariedData" />
    </UnitTest>
    <UnitTest name="ChangePassword_InvalidModelState_ReturnsBadRequest" storage="c:\projects\challenge\backend.tests\bin\debug\net8.0\backend.tests.dll" id="2e33910f-1648-9921-7617-54ecc77e05ab">
      <Execution id="cfbc359d-6899-4f55-9217-498b8c187a69" />
      <TestMethod codeBase="C:\Projects\challenge\backend.Tests\bin\Debug\net8.0\backend.Tests.dll" adapterTypeName="executor://nunit3testexecutor/" className="backend.Tests.Controllers.AuthControllerProtectedEndpointsTests+ChangePasswordTests" name="ChangePassword_InvalidModelState_ReturnsBadRequest" />
    </UnitTest>
    <UnitTest name="Register_ValidRequest_ReturnsOkWithAuthResponse" storage="c:\projects\challenge\backend.tests\bin\debug\net8.0\backend.tests.dll" id="5a81d573-55e1-b5a4-77d7-f181cfcc3827">
      <Execution id="fe7a7675-8de4-45f2-a3eb-6ca79ec54263" />
      <TestMethod codeBase="C:\Projects\challenge\backend.Tests\bin\Debug\net8.0\backend.Tests.dll" adapterTypeName="executor://nunit3testexecutor/" className="backend.Tests.Controllers.AuthControllerTests+RegisterTests" name="Register_ValidRequest_ReturnsOkWithAuthResponse" />
    </UnitTest>
    <UnitTest name="GetUserActivities_InvalidUserClaim_ReturnsUnauthorized" storage="c:\projects\challenge\backend.tests\bin\debug\net8.0\backend.tests.dll" id="d22eed7a-cf06-ed54-383c-fd85b7048612">
      <Execution id="6a515a72-e903-407a-b5b0-ce1c818e56a8" />
      <TestMethod codeBase="C:\Projects\challenge\backend.Tests\bin\Debug\net8.0\backend.Tests.dll" adapterTypeName="executor://nunit3testexecutor/" className="backend.Tests.Controllers.GarminActivitiesControllerTests+GetUserActivitiesTests" name="GetUserActivities_InvalidUserClaim_ReturnsUnauthorized" />
    </UnitTest>
    <UnitTest name="ProcessPingNotificationAsync_WebhookTypeParsing_CorrectlyParsesTypes(&quot;&quot;,Activities)" storage="c:\projects\challenge\backend.tests\bin\debug\net8.0\backend.tests.dll" id="32cb9c9d-599f-5e42-1c25-811cef3ff9b2">
      <Execution id="b5b99074-da95-430d-a72d-89abc6257fd5" />
      <TestMethod codeBase="C:\Projects\challenge\backend.Tests\bin\Debug\net8.0\backend.Tests.dll" adapterTypeName="executor://nunit3testexecutor/" className="backend.Tests.Services.GarminWebhookServiceTests+WebhookTypeParsingTests" name="ProcessPingNotificationAsync_WebhookTypeParsing_CorrectlyParsesTypes(&quot;&quot;,Activities)" />
    </UnitTest>
    <UnitTest name="HandlePingWebhook_ServiceThrows_StillReturnsOk" storage="c:\projects\challenge\backend.tests\bin\debug\net8.0\backend.tests.dll" id="dd7d8267-e126-e51d-412d-5b0b837cf92f">
      <Execution id="521eec3e-28db-4ee5-8c69-b0e145c89e0e" />
      <TestMethod codeBase="C:\Projects\challenge\backend.Tests\bin\Debug\net8.0\backend.Tests.dll" adapterTypeName="executor://nunit3testexecutor/" className="backend.Tests.Controllers.GarminWebhookControllerTests+HandlePingWebhookTests" name="HandlePingWebhook_ServiceThrows_StillReturnsOk" />
    </UnitTest>
    <UnitTest name="Login_InvalidModelState_ReturnsBadRequest" storage="c:\projects\challenge\backend.tests\bin\debug\net8.0\backend.tests.dll" id="8770f760-ee58-93a4-49e3-4ffc3fff78c8">
      <Execution id="9a95a5c3-70ad-4677-9dcb-37f7448b831b" />
      <TestMethod codeBase="C:\Projects\challenge\backend.Tests\bin\Debug\net8.0\backend.Tests.dll" adapterTypeName="executor://nunit3testexecutor/" className="backend.Tests.Controllers.AuthControllerTests+LoginTests" name="Login_InvalidModelState_ReturnsBadRequest" />
    </UnitTest>
    <UnitTest name="DeleteChallenge_OtherUsersChallenge_ReturnsForbidden" storage="c:\projects\challenge\backend.tests\bin\debug\net8.0\backend.tests.dll" id="548d73de-5e87-8546-c982-2c288882731a">
      <Execution id="e378881d-2241-4159-82f2-40975e3a3685" />
      <TestMethod codeBase="C:\Projects\challenge\backend.Tests\bin\Debug\net8.0\backend.Tests.dll" adapterTypeName="executor://nunit3testexecutor/" className="backend.Tests.Controllers.ChallengeControllerTests" name="DeleteChallenge_OtherUsersChallenge_ReturnsForbidden" />
    </UnitTest>
    <UnitTest name="ProcessActivityForChallengesAsync_UserNotParticipatingInChallenges_DoesNotCreateEntries" storage="c:\projects\challenge\backend.tests\bin\debug\net8.0\backend.tests.dll" id="4a29cfe1-f0b0-63b6-f0e7-c4bd72fcca90">
      <Execution id="d0ad1171-ba71-49ec-af66-325bd7765f4c" />
      <TestMethod codeBase="C:\Projects\challenge\backend.Tests\bin\Debug\net8.0\backend.Tests.dll" adapterTypeName="executor://nunit3testexecutor/" className="backend.Tests.Services.GarminActivityProcessingServiceTests+ProcessActivityForChallengesAsyncTests" name="ProcessActivityForChallengesAsync_UserNotParticipatingInChallenges_DoesNotCreateEntries" />
    </UnitTest>
    <UnitTest name="ResetPassword_ExpiredToken_ReturnsBadRequest" storage="c:\projects\challenge\backend.tests\bin\debug\net8.0\backend.tests.dll" id="a0b31c9f-2e03-1577-e988-729b310e12ba">
      <Execution id="940dc5cc-b23d-4662-b39e-ddf464e0debc" />
      <TestMethod codeBase="C:\Projects\challenge\backend.Tests\bin\Debug\net8.0\backend.Tests.dll" adapterTypeName="executor://nunit3testexecutor/" className="backend.Tests.Controllers.AuthControllerTests+ResetPasswordTests" name="ResetPassword_ExpiredToken_ReturnsBadRequest" />
    </UnitTest>
    <UnitTest name="GetCyclingActivitiesAsync_OutsideDateRange_ReturnsEmpty" storage="c:\projects\challenge\backend.tests\bin\debug\net8.0\backend.tests.dll" id="7d57ea78-96ab-e5a6-a669-5311ba9a8b4c">
      <Execution id="a87bff18-b20b-45e9-b372-e02f45c5ec87" />
      <TestMethod codeBase="C:\Projects\challenge\backend.Tests\bin\Debug\net8.0\backend.Tests.dll" adapterTypeName="executor://nunit3testexecutor/" className="backend.Tests.Services.GarminActivityProcessingServiceTests+GetCyclingActivitiesAsyncTests" name="GetCyclingActivitiesAsync_OutsideDateRange_ReturnsEmpty" />
    </UnitTest>
    <UnitTest name="SendChallengeActivityNotificationAsync_WithQuote_IncludesQuoteInMessage" storage="c:\projects\challenge\backend.tests\bin\debug\net8.0\backend.tests.dll" id="ce9abf9e-2937-242a-c85f-47d2953146f9">
      <Execution id="b36caf67-80ff-439b-bc91-e73ce0b14a59" />
      <TestMethod codeBase="C:\Projects\challenge\backend.Tests\bin\Debug\net8.0\backend.Tests.dll" adapterTypeName="executor://nunit3testexecutor/" className="backend.Tests.Services.MockEmailServiceTests" name="SendChallengeActivityNotificationAsync_WithQuote_IncludesQuoteInMessage" />
    </UnitTest>
    <UnitTest name="ProcessPushNotificationAsync_GarminPayload_CalculatesMaxDistanceFromSamples" storage="c:\projects\challenge\backend.tests\bin\debug\net8.0\backend.tests.dll" id="75754ab4-7e10-f48e-8eee-2ebb5c5e18e1">
      <Execution id="c72f2591-7ca3-4754-b01c-ef1c8df08e7f" />
      <TestMethod codeBase="C:\Projects\challenge\backend.Tests\bin\Debug\net8.0\backend.Tests.dll" adapterTypeName="executor://nunit3testexecutor/" className="backend.Tests.Services.GarminWebhookServiceTests+ProcessPushNotificationAsyncTests" name="ProcessPushNotificationAsync_GarminPayload_CalculatesMaxDistanceFromSamples" />
    </UnitTest>
    <UnitTest name="UpdateChallenge_NonExistentChallenge_ReturnsNotFound" storage="c:\projects\challenge\backend.tests\bin\debug\net8.0\backend.tests.dll" id="ddd3290c-5001-fe78-1239-bb7ba58f3e90">
      <Execution id="814b637b-44fa-489a-924b-4bac27509796" />
      <TestMethod codeBase="C:\Projects\challenge\backend.Tests\bin\Debug\net8.0\backend.Tests.dll" adapterTypeName="executor://nunit3testexecutor/" className="backend.Tests.Controllers.ChallengeControllerTests" name="UpdateChallenge_NonExistentChallenge_ReturnsNotFound" />
    </UnitTest>
    <UnitTest name="ProcessFailedPayloads_ServiceThrows_ReturnsInternalServerError" storage="c:\projects\challenge\backend.tests\bin\debug\net8.0\backend.tests.dll" id="c1665b67-bf38-3062-7980-1f8794e3034d">
      <Execution id="07c5c51e-b339-4d78-a369-b9587e773f61" />
      <TestMethod codeBase="C:\Projects\challenge\backend.Tests\bin\Debug\net8.0\backend.Tests.dll" adapterTypeName="executor://nunit3testexecutor/" className="backend.Tests.Controllers.GarminWebhookControllerTests+ProcessFailedPayloadsTests" name="ProcessFailedPayloads_ServiceThrows_ReturnsInternalServerError" />
    </UnitTest>
    <UnitTest name="JoinChallenge_ExpiredChallenge_ReturnsBadRequest" storage="c:\projects\challenge\backend.tests\bin\debug\net8.0\backend.tests.dll" id="8c392f0c-bc96-eea7-2ce3-d6c5511092ae">
      <Execution id="7d640277-fe73-4bc0-b489-ec799597f60e" />
      <TestMethod codeBase="C:\Projects\challenge\backend.Tests\bin\Debug\net8.0\backend.Tests.dll" adapterTypeName="executor://nunit3testexecutor/" className="backend.Tests.Controllers.ChallengeControllerTests" name="JoinChallenge_ExpiredChallenge_ReturnsBadRequest" />
    </UnitTest>
    <UnitTest name="CreateChallenge_NonExistentUser_ReturnsUnauthorized" storage="c:\projects\challenge\backend.tests\bin\debug\net8.0\backend.tests.dll" id="bb1226df-7f3c-c57f-18c2-e271691b795d">
      <Execution id="93a9b13d-7f4d-4c1f-8b2a-3f2cb13343b1" />
      <TestMethod codeBase="C:\Projects\challenge\backend.Tests\bin\Debug\net8.0\backend.Tests.dll" adapterTypeName="executor://nunit3testexecutor/" className="backend.Tests.Controllers.ChallengeControllerTests" name="CreateChallenge_NonExistentUser_ReturnsUnauthorized" />
    </UnitTest>
  </TestDefinitions>
  <TestEntries>
    <TestEntry testId="a32b0183-4973-8245-5926-f01f5d07cf8d" executionId="af4bcbfc-9c97-4017-9062-5295714d2e33" testListId="8c84fa94-04c1-424b-9868-57a2d4851a1d" />
    <TestEntry testId="2f58f524-1e8d-4dbb-ef07-3d9a690ae512" executionId="7c41b8c0-6646-4569-8d06-76264beb8677" testListId="8c84fa94-04c1-424b-9868-57a2d4851a1d" />
    <TestEntry testId="330502a0-ba7b-7016-413a-ba1cc5e5577d" executionId="57788869-67f7-4811-ad18-a75120edfa07" testListId="8c84fa94-04c1-424b-9868-57a2d4851a1d" />
    <TestEntry testId="3457a483-6561-5484-0704-dafa22ff9477" executionId="a14555a1-0dfc-45c7-afd3-4c5fc309c168" testListId="8c84fa94-04c1-424b-9868-57a2d4851a1d" />
    <TestEntry testId="376f6215-0402-2003-58f1-f02c26f3a458" executionId="0a2b7e3b-0a58-4960-a2f5-ceba9a892c85" testListId="8c84fa94-04c1-424b-9868-57a2d4851a1d" />
    <TestEntry testId="839a28c0-2427-b013-2d55-b93f3d57e8af" executionId="ac6959bf-a781-4b82-ba85-7b98c9df6c62" testListId="8c84fa94-04c1-424b-9868-57a2d4851a1d" />
    <TestEntry testId="0455a22a-1e61-e305-87bc-ee6018bb82b3" executionId="69cb69fc-ebe2-44bd-ac6c-ba46a6d7ce09" testListId="8c84fa94-04c1-424b-9868-57a2d4851a1d" />
    <TestEntry testId="28a4e347-ef2e-f615-6cb2-ebe3fac0abf9" executionId="9935b5c3-4998-46fd-bf10-531379d4c52c" testListId="8c84fa94-04c1-424b-9868-57a2d4851a1d" />
    <TestEntry testId="fee9c6cb-516e-e7a0-412b-690e69b1b15d" executionId="d8210593-441e-4705-a36e-31e07a90063f" testListId="8c84fa94-04c1-424b-9868-57a2d4851a1d" />
    <TestEntry testId="06080393-49c6-c5cd-a264-57ef069bec82" executionId="e9baa9b7-8f8a-41aa-b2b0-1af2669615ce" testListId="8c84fa94-04c1-424b-9868-57a2d4851a1d" />
    <TestEntry testId="8da0ba11-0a0b-93db-0f69-5ca8517c4ea6" executionId="46cfdb93-4e8e-473d-b73d-76d3f3e8daa2" testListId="8c84fa94-04c1-424b-9868-57a2d4851a1d" />
    <TestEntry testId="4a29cfe1-f0b0-63b6-f0e7-c4bd72fcca90" executionId="d0ad1171-ba71-49ec-af66-325bd7765f4c" testListId="8c84fa94-04c1-424b-9868-57a2d4851a1d" />
    <TestEntry testId="e7cb2af5-31dc-f2ba-c87a-b3a2c9022f83" executionId="660bc5fd-259c-44a2-bf9b-fb022bcf3983" testListId="8c84fa94-04c1-424b-9868-57a2d4851a1d" />
    <TestEntry testId="e7c08472-d1ac-6a57-0d2a-d60468e899c4" executionId="f89b54e9-974b-4da8-82d5-1de7f91dcd25" testListId="8c84fa94-04c1-424b-9868-57a2d4851a1d" />
    <TestEntry testId="4017aca1-f53b-9659-18fe-2ca19eef41aa" executionId="91b314e7-ee90-4a9c-bb39-b6123f1a6685" testListId="8c84fa94-04c1-424b-9868-57a2d4851a1d" />
    <TestEntry testId="e291bc2e-ba3e-a446-d534-df489709cc39" executionId="58964413-597f-4ed0-9729-3d52f4c20a01" testListId="8c84fa94-04c1-424b-9868-57a2d4851a1d" />
    <TestEntry testId="1cf32386-121e-f310-252c-0da710acc85f" executionId="da5e47b3-111f-4a7b-ab55-c6c523e10336" testListId="8c84fa94-04c1-424b-9868-57a2d4851a1d" />
    <TestEntry testId="d1922786-238b-0d39-0b67-2b5e3f21feba" executionId="7c850a3d-e759-49b4-8137-99174231ba50" testListId="8c84fa94-04c1-424b-9868-57a2d4851a1d" />
    <TestEntry testId="78f41b5f-215d-de33-8f58-18806176fa10" executionId="598eaad0-be66-4426-9e05-6861118c2eff" testListId="8c84fa94-04c1-424b-9868-57a2d4851a1d" />
    <TestEntry testId="fd4d9e24-2338-4409-0b4b-eef005af6181" executionId="594663dc-b5fc-4d30-a04b-a0a8afd2ad09" testListId="8c84fa94-04c1-424b-9868-57a2d4851a1d" />
    <TestEntry testId="277bc447-cac2-ed17-d25e-17adc2f21798" executionId="e7e4de38-78ff-4ccc-a9f3-0a0837b234f7" testListId="8c84fa94-04c1-424b-9868-57a2d4851a1d" />
    <TestEntry testId="335dfc63-077c-92f4-4fa9-f41b5d0e923f" executionId="43f8c4a1-09e7-43a2-ba6a-91d48a12d107" testListId="8c84fa94-04c1-424b-9868-57a2d4851a1d" />
    <TestEntry testId="00759227-dfb7-dd3d-7ae2-2989e0db2468" executionId="3af65cdf-5e78-48ed-a9fd-9d47323c8c59" testListId="8c84fa94-04c1-424b-9868-57a2d4851a1d" />
    <TestEntry testId="3673c468-d525-d1b4-545f-6977dc9d6407" executionId="68be2f28-7853-4c56-8eb6-2171d8edf0e6" testListId="8c84fa94-04c1-424b-9868-57a2d4851a1d" />
    <TestEntry testId="1b42e1f9-9657-9318-abd1-d3dcc8a93e31" executionId="9b5da24e-5b6d-403f-b49c-0359b095f028" testListId="8c84fa94-04c1-424b-9868-57a2d4851a1d" />
    <TestEntry testId="2fe1df65-2fd6-a432-e908-b709a13d2e75" executionId="8185d60d-0fbe-453a-83ee-78f7a14619cb" testListId="8c84fa94-04c1-424b-9868-57a2d4851a1d" />
    <TestEntry testId="86e46335-9a58-6186-ccc1-37a274c9e7d0" executionId="c1bdb753-05ed-4aa6-9cb9-57f551a0047b" testListId="8c84fa94-04c1-424b-9868-57a2d4851a1d" />
    <TestEntry testId="a65a142d-c303-2dce-4d8f-e96463137a5f" executionId="fdded6df-9033-4a39-b7dd-5c72a17b1286" testListId="8c84fa94-04c1-424b-9868-57a2d4851a1d" />
    <TestEntry testId="9b2089a1-3c80-7ed4-6727-de2ffcdfaf50" executionId="9e967ed8-a9cd-4df3-a606-e62f43528519" testListId="8c84fa94-04c1-424b-9868-57a2d4851a1d" />
    <TestEntry testId="00cde241-92dc-89a9-837a-5e95303de411" executionId="584015a2-7a9a-4e1e-966e-9aee6657a5d4" testListId="8c84fa94-04c1-424b-9868-57a2d4851a1d" />
    <TestEntry testId="246abbcd-f121-7c85-7f94-733763e093ec" executionId="992718f3-a70d-4356-9246-2f6c7aa5522a" testListId="8c84fa94-04c1-424b-9868-57a2d4851a1d" />
    <TestEntry testId="bf1cd813-a88a-35d3-a5b2-45443e8f67b3" executionId="d633ac18-3d35-45e9-ac50-a5854fac5418" testListId="8c84fa94-04c1-424b-9868-57a2d4851a1d" />
    <TestEntry testId="28f60d05-40e5-3ca7-7432-244f2fbb2f3f" executionId="cd389696-4ef3-48ea-944a-682d675ec6cd" testListId="8c84fa94-04c1-424b-9868-57a2d4851a1d" />
    <TestEntry testId="d22eed7a-cf06-ed54-383c-fd85b7048612" executionId="6a515a72-e903-407a-b5b0-ce1c818e56a8" testListId="8c84fa94-04c1-424b-9868-57a2d4851a1d" />
    <TestEntry testId="9841e87b-3e88-9c2c-ee46-dfac5daf1d9f" executionId="c7dac3b8-2e0b-42f2-8164-c92ff56254ba" testListId="8c84fa94-04c1-424b-9868-57a2d4851a1d" />
    <TestEntry testId="fb7a43b0-dd0b-d290-3cc0-e32f972ed8e4" executionId="cf9a2db0-ed1c-449f-a765-e9e8440a0aa6" testListId="8c84fa94-04c1-424b-9868-57a2d4851a1d" />
    <TestEntry testId="0ca01259-7b3f-5235-0aa4-5c5634fe2363" executionId="1d1d136d-620a-473c-ac41-32e892137d66" testListId="8c84fa94-04c1-424b-9868-57a2d4851a1d" />
    <TestEntry testId="ef7af7a2-ebc5-1ade-0b5d-3601b7889230" executionId="65ecc30e-fb41-4bd7-a59c-e37e31be5a58" testListId="8c84fa94-04c1-424b-9868-57a2d4851a1d" />
    <TestEntry testId="de6304e6-d37d-0f94-bc09-a94c294b47fe" executionId="146cbef1-3cf0-46b2-9d75-0e8a4639cf73" testListId="8c84fa94-04c1-424b-9868-57a2d4851a1d" />
    <TestEntry testId="108b935d-130a-a3ae-2608-28f6f2b9c081" executionId="b7063fa4-0c77-4995-8fc0-6fe4d46c67c9" testListId="8c84fa94-04c1-424b-9868-57a2d4851a1d" />
    <TestEntry testId="1390554a-ed8e-5e5f-8dbf-3c67c7240873" executionId="b6254a5a-d009-458a-94c4-22fbb02ad18d" testListId="8c84fa94-04c1-424b-9868-57a2d4851a1d" />
    <TestEntry testId="9e8accd5-8451-2c9e-eb52-283eb35b01c8" executionId="4e177e7b-26af-403a-a0dc-efe113d52a04" testListId="8c84fa94-04c1-424b-9868-57a2d4851a1d" />
    <TestEntry testId="ff74a453-e635-728f-59a9-934041c4c2a4" executionId="0be8a204-a373-4205-9b58-d31e008911c0" testListId="8c84fa94-04c1-424b-9868-57a2d4851a1d" />
    <TestEntry testId="ee2107f1-c1d7-eb28-199c-abea244f2611" executionId="ad9042b6-d0f2-4a8a-aac0-49142598a22a" testListId="8c84fa94-04c1-424b-9868-57a2d4851a1d" />
    <TestEntry testId="9c44b287-ad70-6df3-bc53-32bea8b7a68e" executionId="84475f0a-f73e-4d58-80b6-0d26929c62c5" testListId="8c84fa94-04c1-424b-9868-57a2d4851a1d" />
    <TestEntry testId="548d73de-5e87-8546-c982-2c288882731a" executionId="e378881d-2241-4159-82f2-40975e3a3685" testListId="8c84fa94-04c1-424b-9868-57a2d4851a1d" />
    <TestEntry testId="ec3d8045-cf9c-2034-93db-3e2746b8463c" executionId="251552f9-94d6-4683-9321-ce25fa94f7bd" testListId="8c84fa94-04c1-424b-9868-57a2d4851a1d" />
    <TestEntry testId="cd27b258-f8ce-6342-0315-cb78d3f37112" executionId="01d65c82-e679-4f7b-b2fd-2deb9895622e" testListId="8c84fa94-04c1-424b-9868-57a2d4851a1d" />
    <TestEntry testId="1ee911bd-0e82-52fb-ef31-51fae8aba7c1" executionId="3e99587f-6cca-4f96-8d1f-196ce28d1480" testListId="8c84fa94-04c1-424b-9868-57a2d4851a1d" />
    <TestEntry testId="82989c11-daf8-1e3d-b196-ee0f7ea08d54" executionId="6ae3a4c7-ba58-4026-ad4e-27e8373dcafe" testListId="8c84fa94-04c1-424b-9868-57a2d4851a1d" />
    <TestEntry testId="b92d16d0-e69f-0c76-bfee-74bab063bae5" executionId="31afdf42-0309-4cae-b6be-342acd5a7014" testListId="8c84fa94-04c1-424b-9868-57a2d4851a1d" />
    <TestEntry testId="4b0d7915-fd7b-3787-f344-308178498439" executionId="b79ee7ea-6688-40c7-a07b-26ef8bd145c1" testListId="8c84fa94-04c1-424b-9868-57a2d4851a1d" />
    <TestEntry testId="0afd4d7c-6de1-a62e-72cf-a7e523220181" executionId="74abdf0f-440c-45d4-903a-1f2f6b646826" testListId="8c84fa94-04c1-424b-9868-57a2d4851a1d" />
    <TestEntry testId="70a279aa-8443-c181-9156-d3babd3d29ea" executionId="ee0dc38a-e010-4fb7-af99-51d6e2209aea" testListId="8c84fa94-04c1-424b-9868-57a2d4851a1d" />
    <TestEntry testId="934bdbc7-9ff4-6111-7438-a40fedf729fa" executionId="4365efab-11ec-45b5-a619-a98fcd4adac5" testListId="8c84fa94-04c1-424b-9868-57a2d4851a1d" />
    <TestEntry testId="650316aa-69d1-143f-9bc3-28ecb135f3c9" executionId="bd854de4-32dd-4449-9ea1-653043fc4ae2" testListId="8c84fa94-04c1-424b-9868-57a2d4851a1d" />
    <TestEntry testId="67fd3e16-b01f-2071-08ed-e99bb4c5b9d7" executionId="24550084-e8a6-478f-a3b6-e40c6e584f8c" testListId="8c84fa94-04c1-424b-9868-57a2d4851a1d" />
    <TestEntry testId="a5a9226f-e25d-9ccd-14d8-f7c93066cb90" executionId="e795b4de-0480-47fa-9728-45522daaae97" testListId="8c84fa94-04c1-424b-9868-57a2d4851a1d" />
    <TestEntry testId="6ebd5ad1-6577-df15-d125-70bdd499e462" executionId="bc6bf34c-5b3c-4b05-ae4a-2ccf38aec143" testListId="8c84fa94-04c1-424b-9868-57a2d4851a1d" />
    <TestEntry testId="487b3b54-3b36-b79a-f969-91731f555565" executionId="d37475f8-e47f-4be2-9cfa-e2b04f9349c1" testListId="8c84fa94-04c1-424b-9868-57a2d4851a1d" />
    <TestEntry testId="eaaeda62-2f32-1a7f-c946-471bd368401b" executionId="5e54e621-4e5f-46fd-9212-329f4bbd7476" testListId="8c84fa94-04c1-424b-9868-57a2d4851a1d" />
    <TestEntry testId="f85edc94-602a-495c-481c-cffae7ad72b9" executionId="8ef10be4-2d2e-429d-a42b-724663833f27" testListId="8c84fa94-04c1-424b-9868-57a2d4851a1d" />
    <TestEntry testId="0bc6f156-1136-39b8-e4cc-e157008fa760" executionId="44859945-648a-4586-ad4a-2418dcbf7da8" testListId="8c84fa94-04c1-424b-9868-57a2d4851a1d" />
    <TestEntry testId="120ab547-c71f-2889-15df-eaaf94450307" executionId="6fae9ff0-44dd-48f5-84c7-fb613651d9d1" testListId="8c84fa94-04c1-424b-9868-57a2d4851a1d" />
    <TestEntry testId="4df21e97-0c66-08e2-7592-6fd76c0c4387" executionId="0e5b67ec-60cf-4504-94d8-77c580baad59" testListId="8c84fa94-04c1-424b-9868-57a2d4851a1d" />
    <TestEntry testId="a819a2c9-4b2e-c4bb-822e-4d9d7e1d9673" executionId="ecfd4666-1370-4450-8150-cdc285969e17" testListId="8c84fa94-04c1-424b-9868-57a2d4851a1d" />
    <TestEntry testId="3006cb6d-6073-5ea6-a87c-8f161557a41f" executionId="b5614261-e8c1-40be-8715-5995808e3def" testListId="8c84fa94-04c1-424b-9868-57a2d4851a1d" />
    <TestEntry testId="ce9abf9e-2937-242a-c85f-47d2953146f9" executionId="b36caf67-80ff-439b-bc91-e73ce0b14a59" testListId="8c84fa94-04c1-424b-9868-57a2d4851a1d" />
    <TestEntry testId="f3cc9c80-5068-0fdb-8c84-34aa9a1211c6" executionId="dd7c43a5-9aab-401e-a66f-645dcc674f9a" testListId="8c84fa94-04c1-424b-9868-57a2d4851a1d" />
    <TestEntry testId="2d05ab5f-34d2-2e4c-bf48-a4450524f4bc" executionId="b095ee3a-13bd-4aa6-9f70-7a857711cdd2" testListId="8c84fa94-04c1-424b-9868-57a2d4851a1d" />
    <TestEntry testId="6480860b-f6df-909e-d007-dbb283d95ed3" executionId="01f57244-5870-4071-a2f6-f14d5e20c08a" testListId="8c84fa94-04c1-424b-9868-57a2d4851a1d" />
    <TestEntry testId="06fca671-9455-a63f-b74a-2b2b024b52a7" executionId="44b4382f-80a1-4c86-b09a-6d5984a42bd4" testListId="8c84fa94-04c1-424b-9868-57a2d4851a1d" />
    <TestEntry testId="7d57ea78-96ab-e5a6-a669-5311ba9a8b4c" executionId="a87bff18-b20b-45e9-b372-e02f45c5ec87" testListId="8c84fa94-04c1-424b-9868-57a2d4851a1d" />
    <TestEntry testId="4d9f36f7-76dc-432c-7869-a562cbc6b2ca" executionId="553f8991-9985-4a58-a340-aacfa8a9b12d" testListId="8c84fa94-04c1-424b-9868-57a2d4851a1d" />
    <TestEntry testId="708e5108-631b-b34b-2c1e-b16e129323fb" executionId="86e10a7c-71ec-4c67-b01a-45cf1d5a2582" testListId="8c84fa94-04c1-424b-9868-57a2d4851a1d" />
    <TestEntry testId="3bf852b6-87d5-bf5b-26df-2b92d1c20010" executionId="ecee48a7-d5ae-4477-9e78-fafa388a42c4" testListId="8c84fa94-04c1-424b-9868-57a2d4851a1d" />
    <TestEntry testId="32fe7dda-4c13-9721-baee-bd4ccb768f2a" executionId="782debe2-f12e-4046-ae02-6b912261ebed" testListId="8c84fa94-04c1-424b-9868-57a2d4851a1d" />
    <TestEntry testId="2674ddba-71a2-1c76-ce6c-9328458e0ce6" executionId="03cc1255-b748-40d6-b2e5-6ab5009662a0" testListId="8c84fa94-04c1-424b-9868-57a2d4851a1d" />
    <TestEntry testId="b281040b-0a8a-eff0-c129-dfdcec2e4bbc" executionId="4fdbf095-d011-4984-a21a-18384722dfcb" testListId="8c84fa94-04c1-424b-9868-57a2d4851a1d" />
    <TestEntry testId="660b4435-d1f5-afde-bc4c-3d554e7e06f6" executionId="f74402a7-baa9-4c85-9cb7-1d482b0f16f8" testListId="8c84fa94-04c1-424b-9868-57a2d4851a1d" />
    <TestEntry testId="41385689-e55d-5bbd-d255-bb8e49f87102" executionId="86ed00f3-fea7-4c4f-870e-0d2b92a708f4" testListId="8c84fa94-04c1-424b-9868-57a2d4851a1d" />
    <TestEntry testId="8c392f0c-bc96-eea7-2ce3-d6c5511092ae" executionId="7d640277-fe73-4bc0-b489-ec799597f60e" testListId="8c84fa94-04c1-424b-9868-57a2d4851a1d" />
    <TestEntry testId="ddd3290c-5001-fe78-1239-bb7ba58f3e90" executionId="814b637b-44fa-489a-924b-4bac27509796" testListId="8c84fa94-04c1-424b-9868-57a2d4851a1d" />
    <TestEntry testId="b882fb9a-1d47-731e-184a-ae3c8676fca0" executionId="c9d071cd-6169-4f1b-afcb-bfe7ff20f961" testListId="8c84fa94-04c1-424b-9868-57a2d4851a1d" />
    <TestEntry testId="75ef94ea-e37d-ceec-5b31-9273f4440662" executionId="0bea08e8-618c-4285-92eb-b6c83d74729c" testListId="8c84fa94-04c1-424b-9868-57a2d4851a1d" />
    <TestEntry testId="ffff8fe9-5231-8529-d979-001cb7db4e9f" executionId="92f1dc31-760b-4cd0-908e-8cb6758e468b" testListId="8c84fa94-04c1-424b-9868-57a2d4851a1d" />
    <TestEntry testId="fbe1966f-eab4-78ed-c90e-d04508ac4940" executionId="3a43ef7b-29e9-4bbc-b410-6e067d6e8eed" testListId="8c84fa94-04c1-424b-9868-57a2d4851a1d" />
    <TestEntry testId="1ef1aed1-fbb8-1208-86af-55cab5585827" executionId="cb0b3601-b05b-4b89-bc5d-ee23f98bfc17" testListId="8c84fa94-04c1-424b-9868-57a2d4851a1d" />
    <TestEntry testId="d0a36944-bb0a-7e82-d867-49c6edff8bff" executionId="fe932e9a-2472-4c43-96c7-9705f627e6d0" testListId="8c84fa94-04c1-424b-9868-57a2d4851a1d" />
    <TestEntry testId="55ef1d20-48b6-429f-330e-62da7c8f54cb" executionId="d71c70ec-e492-4126-93d9-4c4e1be24530" testListId="8c84fa94-04c1-424b-9868-57a2d4851a1d" />
    <TestEntry testId="5a81d573-55e1-b5a4-77d7-f181cfcc3827" executionId="fe7a7675-8de4-45f2-a3eb-6ca79ec54263" testListId="8c84fa94-04c1-424b-9868-57a2d4851a1d" />
    <TestEntry testId="a3d4b4f6-5fa5-098f-1e58-bbbfd677ae46" executionId="701f3428-dce5-485f-8855-e8d10ed12a1a" testListId="8c84fa94-04c1-424b-9868-57a2d4851a1d" />
    <TestEntry testId="e965a18a-c9bd-9226-aa0f-9f196185bf35" executionId="b2495c06-c676-4e97-bee5-9f9887c23725" testListId="8c84fa94-04c1-424b-9868-57a2d4851a1d" />
    <TestEntry testId="2a118045-eb0b-c132-394f-ba833e81e650" executionId="ae057583-b0d2-49ec-8b1e-b86b46089bc1" testListId="8c84fa94-04c1-424b-9868-57a2d4851a1d" />
    <TestEntry testId="f776d68c-9094-be8a-7e92-1f0c6305c154" executionId="3a4ab5bb-c7f1-4757-be3b-2aa11e795c43" testListId="8c84fa94-04c1-424b-9868-57a2d4851a1d" />
    <TestEntry testId="5de5cfbf-2db5-f56d-aa9d-3331bb446cef" executionId="f3cbe3b6-21d0-4eac-9ab0-0c40d1c4a488" testListId="8c84fa94-04c1-424b-9868-57a2d4851a1d" />
    <TestEntry testId="231ce0ef-278c-9935-2f67-c2ff07cd0fa9" executionId="d55f2463-b16e-439d-beea-fc90ee8eec6e" testListId="8c84fa94-04c1-424b-9868-57a2d4851a1d" />
    <TestEntry testId="59475cbb-25c2-7217-4120-20985edb0a90" executionId="95deb827-6f36-463d-b7b3-a7d4d7399494" testListId="8c84fa94-04c1-424b-9868-57a2d4851a1d" />
    <TestEntry testId="c4b35477-64f0-dc3e-2722-e3cbe783f5d1" executionId="acad142f-fda6-4fed-a224-be667e64c116" testListId="8c84fa94-04c1-424b-9868-57a2d4851a1d" />
    <TestEntry testId="3f190924-d812-11f6-af1c-3e4dac0aa28e" executionId="feea441a-0802-4f03-8833-5a73a0db5387" testListId="8c84fa94-04c1-424b-9868-57a2d4851a1d" />
    <TestEntry testId="92f14051-730f-00e8-2535-88509245d207" executionId="e68aa10e-06c3-450c-95dc-694bed5d4f5f" testListId="8c84fa94-04c1-424b-9868-57a2d4851a1d" />
    <TestEntry testId="e31db69a-a181-9ed0-7f12-aa104f5b4eb3" executionId="94b241ca-2342-4987-94fa-7ce533f0dc8a" testListId="8c84fa94-04c1-424b-9868-57a2d4851a1d" />
    <TestEntry testId="6246439e-f98e-945e-7041-bea05d5279b8" executionId="e545d041-06d6-49eb-b85e-27e659f6650e" testListId="8c84fa94-04c1-424b-9868-57a2d4851a1d" />
    <TestEntry testId="202f6823-160e-13e6-51a0-af5b7fe84096" executionId="596abc7f-8cec-42eb-93a9-ed315f31c661" testListId="8c84fa94-04c1-424b-9868-57a2d4851a1d" />
    <TestEntry testId="6e5ac343-bba9-794b-1041-7cbb13c032e5" executionId="a8594e14-e5b3-49a7-a4f9-4d2b42426f42" testListId="8c84fa94-04c1-424b-9868-57a2d4851a1d" />
    <TestEntry testId="d62a0860-d14e-db83-ba4d-2679af8c99cc" executionId="e09caf3d-dd93-4c3b-b834-8edb0e704e85" testListId="8c84fa94-04c1-424b-9868-57a2d4851a1d" />
    <TestEntry testId="09c4b52c-a9b6-9eb6-bebc-c495e73d95ec" executionId="b6f4573b-ec1d-45c1-96b8-7eff737da3be" testListId="8c84fa94-04c1-424b-9868-57a2d4851a1d" />
    <TestEntry testId="00b46ff1-1e46-5daf-2453-bef32ac5b69f" executionId="a0a69e3e-b8ba-4b54-bb18-8f464aaa2c4a" testListId="8c84fa94-04c1-424b-9868-57a2d4851a1d" />
    <TestEntry testId="1f20747a-1098-6ae1-1893-a9ac9b5617fd" executionId="4877368a-dd97-4d73-bdbf-e70a4eda57b0" testListId="8c84fa94-04c1-424b-9868-57a2d4851a1d" />
    <TestEntry testId="86bdda4d-3aff-3e9a-7b68-318bbea06f04" executionId="828b88b3-86c7-427f-9b7e-82b85f7c7bd6" testListId="8c84fa94-04c1-424b-9868-57a2d4851a1d" />
    <TestEntry testId="e176cbc5-7b55-4e98-1602-16b09f89b3bf" executionId="8d79ef08-52e0-4a6c-91a9-896d197d6eef" testListId="8c84fa94-04c1-424b-9868-57a2d4851a1d" />
    <TestEntry testId="89ad23a5-c8bd-6b93-b2fa-21033da5e160" executionId="eca85144-e775-429c-961f-c3fa3ed5674a" testListId="8c84fa94-04c1-424b-9868-57a2d4851a1d" />
    <TestEntry testId="9cba949e-b932-77d1-d67c-e1bf5fd1de41" executionId="4b1ae4fd-c4e6-43d3-96c1-e2ac16d4861d" testListId="8c84fa94-04c1-424b-9868-57a2d4851a1d" />
    <TestEntry testId="2e6949b4-c1a3-253c-68a4-1a8118be8926" executionId="759b9bc2-0184-46cb-9d59-c63ab57932f7" testListId="8c84fa94-04c1-424b-9868-57a2d4851a1d" />
    <TestEntry testId="f134bb13-06ce-78a8-226a-bad996a6b0d0" executionId="370cd681-51a7-4f64-ab8d-3cb3c8843d1a" testListId="8c84fa94-04c1-424b-9868-57a2d4851a1d" />
    <TestEntry testId="0b3c763d-d627-3b19-00a7-3686b5c55fde" executionId="a3e85f85-cc35-46a5-ace7-7117dc42e300" testListId="8c84fa94-04c1-424b-9868-57a2d4851a1d" />
    <TestEntry testId="afd26784-9efe-4bbd-e4d2-c83cf503e4b4" executionId="0ba85544-9847-49f9-adea-668ef4304c41" testListId="8c84fa94-04c1-424b-9868-57a2d4851a1d" />
    <TestEntry testId="2ff735b2-b004-5efc-95b0-f69745cb6c6a" executionId="3e8292c4-89f0-45d4-8717-72998f37d86d" testListId="8c84fa94-04c1-424b-9868-57a2d4851a1d" />
    <TestEntry testId="841c6bfb-1e32-e52b-5937-f143fb419373" executionId="9c1cb28b-bf89-44ee-9ab7-e592083ae4b4" testListId="8c84fa94-04c1-424b-9868-57a2d4851a1d" />
    <TestEntry testId="47ba7bb3-1d81-790c-62c6-4b7a120ff82e" executionId="c780c428-aec5-4259-8afa-9c5480cd4914" testListId="8c84fa94-04c1-424b-9868-57a2d4851a1d" />
    <TestEntry testId="b37f114e-3818-b59d-6016-ef4b5ab75110" executionId="b64c36a6-bd93-4b68-8218-5e9f49df944c" testListId="8c84fa94-04c1-424b-9868-57a2d4851a1d" />
    <TestEntry testId="f090676f-c1a4-3bab-a9ca-2fb9b3696c02" executionId="fe420c30-6f96-4992-b0ef-711c274b2087" testListId="8c84fa94-04c1-424b-9868-57a2d4851a1d" />
    <TestEntry testId="10d1a958-be26-8e7c-5e9f-60e1a613c29e" executionId="0b69a6da-f25b-48a1-a267-6380f183fe99" testListId="8c84fa94-04c1-424b-9868-57a2d4851a1d" />
    <TestEntry testId="c89b76ca-ecb2-ba5e-0d4b-1fd1c6ac3580" executionId="f8226767-f445-465b-a7ac-093fe3ce8c7d" testListId="8c84fa94-04c1-424b-9868-57a2d4851a1d" />
    <TestEntry testId="33b94283-d5e0-ae24-d516-b03bf2e27dc7" executionId="47ec1461-e21b-41a1-89cf-28bb2c2559e2" testListId="8c84fa94-04c1-424b-9868-57a2d4851a1d" />
    <TestEntry testId="508fa381-652c-3b81-d7a7-78ddb8587420" executionId="8c0ac086-202d-44e0-a524-b01756fc40e1" testListId="8c84fa94-04c1-424b-9868-57a2d4851a1d" />
    <TestEntry testId="fe439f0b-1071-99fa-bec4-dd1af5020ada" executionId="f1772a35-1e75-41a2-bcfa-f5f0f12467d4" testListId="8c84fa94-04c1-424b-9868-57a2d4851a1d" />
    <TestEntry testId="0d112815-5642-d718-2751-2080a19fbd02" executionId="73e95cdb-d9ba-4068-9462-cdfcbda069bc" testListId="8c84fa94-04c1-424b-9868-57a2d4851a1d" />
    <TestEntry testId="a0b31c9f-2e03-1577-e988-729b310e12ba" executionId="940dc5cc-b23d-4662-b39e-ddf464e0debc" testListId="8c84fa94-04c1-424b-9868-57a2d4851a1d" />
    <TestEntry testId="f552e72a-2f71-279d-68b3-6657ff21e646" executionId="3006e55e-f97b-463c-8a26-2e0bfb2d207d" testListId="8c84fa94-04c1-424b-9868-57a2d4851a1d" />
    <TestEntry testId="2c5f5d5e-7d52-1828-90f2-0a8cf49ae227" executionId="0dfc5aad-b7e7-4393-9f0d-2322407d6c75" testListId="8c84fa94-04c1-424b-9868-57a2d4851a1d" />
    <TestEntry testId="a5650eeb-a7c0-0ac2-11f1-9d7b14895e36" executionId="50e571fe-3050-44aa-a1d7-3628350ac3ea" testListId="8c84fa94-04c1-424b-9868-57a2d4851a1d" />
    <TestEntry testId="438bc6fb-7ba4-3245-5cda-6dc5ebc1e9dd" executionId="b1b87119-114f-4912-ad3b-4f27cf9fc6b4" testListId="8c84fa94-04c1-424b-9868-57a2d4851a1d" />
    <TestEntry testId="298a1c02-bfaa-a253-ef85-c42be96129f1" executionId="d23b8bcd-3c9c-43ae-9351-db4c67f99a5b" testListId="8c84fa94-04c1-424b-9868-57a2d4851a1d" />
    <TestEntry testId="8666a677-6b8f-3dd6-2410-851ce503c897" executionId="97a25a31-b10f-4f77-9093-a42aecb62823" testListId="8c84fa94-04c1-424b-9868-57a2d4851a1d" />
    <TestEntry testId="8484ebd3-1473-fec1-d139-fbd68b22a84d" executionId="ab581d7a-0a93-488f-83cc-9b89aa6fd794" testListId="8c84fa94-04c1-424b-9868-57a2d4851a1d" />
    <TestEntry testId="64103bf0-e84a-3586-52d5-8a1d302d312d" executionId="e833bf81-6aac-4c94-8ce9-5e4f0e845c6e" testListId="8c84fa94-04c1-424b-9868-57a2d4851a1d" />
    <TestEntry testId="1f628725-be51-810d-cb23-0e0b8a4d9dc1" executionId="ea5d2dd1-4f33-456c-ba5a-d18d3e466abf" testListId="8c84fa94-04c1-424b-9868-57a2d4851a1d" />
    <TestEntry testId="1e48ccc1-5d73-020d-722e-8c297ed53f58" executionId="9b624f1a-660c-420b-b2a7-3fbb965b4ac9" testListId="8c84fa94-04c1-424b-9868-57a2d4851a1d" />
    <TestEntry testId="4b60d07c-48d7-5f9e-8053-817217716fc7" executionId="78c62eab-7272-4d24-8dd9-08e3b2650b8b" testListId="8c84fa94-04c1-424b-9868-57a2d4851a1d" />
    <TestEntry testId="dfbbbe30-1790-4ca1-9740-3071b909e956" executionId="db716de1-29d0-44be-a45d-c10def93fa96" testListId="8c84fa94-04c1-424b-9868-57a2d4851a1d" />
    <TestEntry testId="f4bc1cd0-508b-66ad-aa15-18437b284c8f" executionId="c68deed0-fd1f-4e8e-bae2-0f3fbfa29b04" testListId="8c84fa94-04c1-424b-9868-57a2d4851a1d" />
    <TestEntry testId="eae0f949-1726-e33a-6031-d62a7bfffc19" executionId="ab63a652-ba6d-4d5d-be4a-0e7fff1b0b93" testListId="8c84fa94-04c1-424b-9868-57a2d4851a1d" />
    <TestEntry testId="9df6a81a-a774-6d32-6e4c-fc2eae1df174" executionId="e5b7f095-e46f-4097-82a0-f1dfdb5ae067" testListId="8c84fa94-04c1-424b-9868-57a2d4851a1d" />
    <TestEntry testId="266e4dab-a490-fc12-7332-8ac2b2bfad28" executionId="89bac04d-03c9-4334-a69e-33b79266f7e7" testListId="8c84fa94-04c1-424b-9868-57a2d4851a1d" />
    <TestEntry testId="32cb9c9d-599f-5e42-1c25-811cef3ff9b2" executionId="b5b99074-da95-430d-a72d-89abc6257fd5" testListId="8c84fa94-04c1-424b-9868-57a2d4851a1d" />
    <TestEntry testId="9bb62597-77e1-780a-fd84-4d1901dd895c" executionId="b27c67a2-fc50-4706-956b-f6f70d2cabc9" testListId="8c84fa94-04c1-424b-9868-57a2d4851a1d" />
    <TestEntry testId="f84de379-0c33-67a5-0e41-a8163db630ff" executionId="b8458bf3-f56e-425d-af39-d790f5398c13" testListId="8c84fa94-04c1-424b-9868-57a2d4851a1d" />
    <TestEntry testId="8b0d788d-725b-034a-8a49-fc09becd3283" executionId="87d14bf5-9a9a-41ef-88aa-6086ffb05abb" testListId="8c84fa94-04c1-424b-9868-57a2d4851a1d" />
    <TestEntry testId="2e33910f-1648-9921-7617-54ecc77e05ab" executionId="cfbc359d-6899-4f55-9217-498b8c187a69" testListId="8c84fa94-04c1-424b-9868-57a2d4851a1d" />
    <TestEntry testId="517e44f1-9d68-7c03-bdab-1429e050e9c6" executionId="eea0f534-4654-41a3-8f78-c3d2ed498007" testListId="8c84fa94-04c1-424b-9868-57a2d4851a1d" />
    <TestEntry testId="75754ab4-7e10-f48e-8eee-2ebb5c5e18e1" executionId="c72f2591-7ca3-4754-b01c-ef1c8df08e7f" testListId="8c84fa94-04c1-424b-9868-57a2d4851a1d" />
    <TestEntry testId="572628a7-3c81-a237-04e5-7c70c265a140" executionId="618b224e-7b56-4308-869a-7296b200b95b" testListId="8c84fa94-04c1-424b-9868-57a2d4851a1d" />
    <TestEntry testId="bc5df467-06c4-954b-b527-d3b1800ebfab" executionId="c2e80902-9348-44e9-830a-fb97e5895d95" testListId="8c84fa94-04c1-424b-9868-57a2d4851a1d" />
    <TestEntry testId="3a882b4a-30f4-d742-fc32-3f6a8fcbdb42" executionId="d621d49c-3a5f-465e-8f95-075a9d297050" testListId="8c84fa94-04c1-424b-9868-57a2d4851a1d" />
    <TestEntry testId="41ee99b5-2513-11ee-0b29-50ad033d9d9d" executionId="402a7741-8f07-4c32-806d-0772e36c4d05" testListId="8c84fa94-04c1-424b-9868-57a2d4851a1d" />
    <TestEntry testId="0055c845-721c-a6a4-84da-0fe9d8e4cd22" executionId="c6948e04-50b6-4452-bca6-1f747989b440" testListId="8c84fa94-04c1-424b-9868-57a2d4851a1d" />
    <TestEntry testId="ceafd98c-37b4-afcd-05e6-33b036661a26" executionId="b8e23f59-ced1-44fb-ba8a-390b6d51d87e" testListId="8c84fa94-04c1-424b-9868-57a2d4851a1d" />
    <TestEntry testId="4f93daf7-84b3-9d34-5118-229086ebd5eb" executionId="40f15ba6-587b-48d0-ae3c-a908972b2304" testListId="8c84fa94-04c1-424b-9868-57a2d4851a1d" />
    <TestEntry testId="f489861a-1e37-857d-680e-dde9156f6f55" executionId="59cbfab8-cd70-4fc4-9977-37117e8f06e2" testListId="8c84fa94-04c1-424b-9868-57a2d4851a1d" />
    <TestEntry testId="fc102990-27f4-9e18-b428-ef6bb9921312" executionId="4736af35-2b70-4d3d-baab-073d3cfadd73" testListId="8c84fa94-04c1-424b-9868-57a2d4851a1d" />
    <TestEntry testId="8770f760-ee58-93a4-49e3-4ffc3fff78c8" executionId="9a95a5c3-70ad-4677-9dcb-37f7448b831b" testListId="8c84fa94-04c1-424b-9868-57a2d4851a1d" />
    <TestEntry testId="240f9ce5-f5de-9123-f399-124175798b2c" executionId="ecb92052-4dc9-4ca4-ae65-15412c6c198d" testListId="8c84fa94-04c1-424b-9868-57a2d4851a1d" />
    <TestEntry testId="bb1226df-7f3c-c57f-18c2-e271691b795d" executionId="93a9b13d-7f4d-4c1f-8b2a-3f2cb13343b1" testListId="8c84fa94-04c1-424b-9868-57a2d4851a1d" />
    <TestEntry testId="dd7d8267-e126-e51d-412d-5b0b837cf92f" executionId="521eec3e-28db-4ee5-8c69-b0e145c89e0e" testListId="8c84fa94-04c1-424b-9868-57a2d4851a1d" />
    <TestEntry testId="17fa3ddf-af7c-2440-a131-c753a2338e14" executionId="011f1659-ee03-4a60-82ed-7f40de3db178" testListId="8c84fa94-04c1-424b-9868-57a2d4851a1d" />
    <TestEntry testId="c1665b67-bf38-3062-7980-1f8794e3034d" executionId="07c5c51e-b339-4d78-a369-b9587e773f61" testListId="8c84fa94-04c1-424b-9868-57a2d4851a1d" />
    <TestEntry testId="2870ec36-7b3a-cc72-fa65-03804e385bab" executionId="6ad5a736-b740-41c0-86a3-485c4f46fb41" testListId="8c84fa94-04c1-424b-9868-57a2d4851a1d" />
    <TestEntry testId="5fb417c2-2a88-ca27-05f5-87beb69c359c" executionId="aefe4ca9-dd5a-4bbd-bb97-a7855ed38afa" testListId="8c84fa94-04c1-424b-9868-57a2d4851a1d" />
  </TestEntries>
  <TestLists>
    <TestList name="Results Not in a List" id="8c84fa94-04c1-424b-9868-57a2d4851a1d" />
    <TestList name="All Loaded Results" id="19431567-8539-422a-85d7-44ee4e166bda" />
  </TestLists>
  <ResultSummary outcome="Failed">
    <Counters total="169" executed="169" passed="160" failed="9" error="0" timeout="0" aborted="0" inconclusive="0" passedButRunAborted="0" notRunnable="0" notExecuted="0" disconnected="0" warning="0" completed="0" inProgress="0" pending="0" />
    <Output>
      <StdOut>NUnit Adapter 4.5.0.0: Test execution started&#xD;
Running all tests in C:\Projects\challenge\backend.Tests\bin\Debug\net8.0\backend.Tests.dll&#xD;
   NUnit3TestExecutor discovered 169 of 169 NUnit test cases using Current Discovery mode, Non-Explicit run&#xD;
NUnit Adapter 4.5.0.0: Test execution complete&#xD;
</StdOut>
    </Output>
    <RunInfos>
      <RunInfo computerName="AARONPC" outcome="Warning" timestamp="2025-08-07T06:52:02.7281710+10:00">
        <Text>[2025-08-06 20:52:02] [WARNING] [Auth] Failed password change attempt for user: testuser&#xD;
</Text>
      </RunInfo>
      <RunInfo computerName="AARONPC" outcome="Warning" timestamp="2025-08-07T06:52:03.3308061+10:00">
        <Text>[2025-08-06 20:52:03] [INFO] [Auth] Password changed for user: testuser&#xD;
</Text>
      </RunInfo>
      <RunInfo computerName="AARONPC" outcome="Warning" timestamp="2025-08-07T06:52:03.4179586+10:00">
        <Text>[2025-08-06 20:52:03] [INFO] [Auth] Password reset requested for user: testuser&#xD;
</Text>
      </RunInfo>
      <RunInfo computerName="AARONPC" outcome="Warning" timestamp="2025-08-07T06:52:03.4203569+10:00">
        <Text>[2025-08-06 20:52:03] [WARNING] [Auth] Failed login attempt for email: nonexistent@example.com&#xD;
</Text>
      </RunInfo>
      <RunInfo computerName="AARONPC" outcome="Warning" timestamp="2025-08-07T06:52:03.4231661+10:00">
        <Text>[2025-08-06 20:52:03] [WARNING] [Auth] Failed login attempt for email: test@example.com&#xD;
</Text>
      </RunInfo>
      <RunInfo computerName="AARONPC" outcome="Warning" timestamp="2025-08-07T06:52:03.7004622+10:00">
        <Text>[2025-08-06 20:52:03] [INFO] [Auth] Password hash upgraded for user: testuser&#xD;
[2025-08-06 20:52:03] [INFO] [Auth] Successful login for user: testuser&#xD;
</Text>
      </RunInfo>
      <RunInfo computerName="AARONPC" outcome="Warning" timestamp="2025-08-07T06:52:03.7034856+10:00">
        <Text>[2025-08-06 20:52:03] [WARNING] [Auth] Registration attempt with existing email: test@example.com&#xD;
</Text>
      </RunInfo>
      <RunInfo computerName="AARONPC" outcome="Warning" timestamp="2025-08-07T06:52:03.7073454+10:00">
        <Text>[2025-08-06 20:52:03] [WARNING] [Auth] Registration attempt with existing username: testuser&#xD;
</Text>
      </RunInfo>
      <RunInfo computerName="AARONPC" outcome="Warning" timestamp="2025-08-07T06:52:03.9658649+10:00">
        <Text>[2025-08-06 20:52:03] [INFO] [Auth] New user registered: testuser&#xD;
</Text>
      </RunInfo>
      <RunInfo computerName="AARONPC" outcome="Warning" timestamp="2025-08-07T06:52:04.2413826+10:00">
        <Text>[2025-08-06 20:52:04] [INFO] [Auth] Password reset completed for user: testuser&#xD;
</Text>
      </RunInfo>
      <RunInfo computerName="AARONPC" outcome="Warning" timestamp="2025-08-07T06:52:04.7744962+10:00">
        <Text>[2025-08-06 20:52:04] [INFO] [General] Concurrent message 0&#xD;
[2025-08-06 20:52:04] [INFO] [General] Concurrent message 1&#xD;
[2025-08-06 20:52:04] [INFO] [General] Concurrent message 2&#xD;
[2025-08-06 20:52:04] [INFO] [General] Concurrent message 3&#xD;
[2025-08-06 20:52:04] [INFO] [General] Concurrent message 4&#xD;
[2025-08-06 20:52:04] [INFO] [General] Concurrent message 5&#xD;
[2025-08-06 20:52:04] [INFO] [General] Concurrent message 6&#xD;
[2025-08-06 20:52:04] [INFO] [General] Concurrent message 7&#xD;
[2025-08-06 20:52:04] [INFO] [General] Concurrent message 8&#xD;
[2025-08-06 20:52:04] [INFO] [General] Concurrent message 9&#xD;
</Text>
      </RunInfo>
      <RunInfo computerName="AARONPC" outcome="Warning" timestamp="2025-08-07T06:52:04.7768464+10:00">
        <Text>[2025-08-06 20:52:04] [INFO] [General] First message&#xD;
[2025-08-06 20:52:04] [WARNING] [General] Second message&#xD;
</Text>
      </RunInfo>
      <RunInfo computerName="AARONPC" outcome="Warning" timestamp="2025-08-07T06:52:04.7782397+10:00">
        <Text>[2025-08-06 20:52:04] [INFO] [TestCategory] Test log message&#xD;
</Text>
      </RunInfo>
      <RunInfo computerName="AARONPC" outcome="Warning" timestamp="2025-08-07T06:52:04.7793156+10:00">
        <Text>[2025-08-06 20:52:04] [INFO] [General] JSON validation test&#xD;
</Text>
      </RunInfo>
      <RunInfo computerName="AARONPC" outcome="Warning" timestamp="2025-08-07T06:52:04.7801506+10:00">
        <Text>[2025-08-06 20:52:04] [INFO] [General] Test message with null category&#xD;
</Text>
      </RunInfo>
      <RunInfo computerName="AARONPC" outcome="Warning" timestamp="2025-08-07T06:52:04.7816032+10:00">
        <Text>[2025-08-06 20:52:04] [DEBUG] [General] Debug message&#xD;
</Text>
      </RunInfo>
      <RunInfo computerName="AARONPC" outcome="Warning" timestamp="2025-08-07T06:52:04.7886496+10:00">
        <Text>[2025-08-06 20:52:04] [ERROR] [ErrorCategory] Error message&#xD;
Exception: System.InvalidOperationException: Test exception&#xD;
</Text>
      </RunInfo>
      <RunInfo computerName="AARONPC" outcome="Warning" timestamp="2025-08-07T06:52:04.7886713+10:00">
        <Text>[2025-08-06 20:52:04] [INFO] [InfoCategory] Info message&#xD;
</Text>
      </RunInfo>
      <RunInfo computerName="AARONPC" outcome="Warning" timestamp="2025-08-07T06:52:04.7886886+10:00">
        <Text>[2025-08-06 20:52:04] [WARNING] [General] Warning message&#xD;
</Text>
      </RunInfo>
    </RunInfos>
  </ResultSummary>
</TestRun>